#
# There is insufficient memory for the Java Runtime Environment to continue.
# Native memory allocation (malloc) failed to allocate 1093504 bytes for Chunk::new
# Possible reasons:
#   The system is out of physical RAM or swap space
#   The process is running with CompressedOops enabled, and the Java Heap may be blocking the growth of the native heap
# Possible solutions:
#   Reduce memory load on the system
#   Increase physical memory or swap space
#   Check if swap backing store is full
#   Decrease Java heap size (-Xmx/-Xms)
#   Decrease number of Java threads
#   Decrease Java thread stack sizes (-Xss)
#   Set larger code cache with -XX:ReservedCodeCacheSize=
#   JVM is running with Unscaled Compressed Oops mode in which the Java heap is
#     placed in the first 4GB address space. The Java Heap base address is the
#     maximum limit for the native heap growth. Please use -XX:HeapBaseMinAddress
#     to set the Java Heap base and to place the Java Heap above 4GB virtual address.
# This output file may be truncated or incomplete.
#
#  Out of Memory Error (arena.cpp:189), pid=19108, tid=8224
#
# JRE version: Java(TM) SE Runtime Environment (17.0.10+11) (build 17.0.10+11-LTS-240)
# Java VM: Java HotSpot(TM) 64-Bit Server VM (17.0.10+11-LTS-240, mixed mode, sharing, tiered, compressed oops, compressed class ptrs, g1 gc, windows-amd64)
# No core dump will be written. Minidumps are not enabled by default on client versions of Windows
#

---------------  S U M M A R Y ------------

Command Line: -XX:MaxMetaspaceSize=512m --add-opens=java.base/java.util=ALL-UNNAMED --add-opens=java.base/java.lang=ALL-UNNAMED --add-opens=java.base/java.lang.invoke=ALL-UNNAMED --add-opens=java.prefs/java.util.prefs=ALL-UNNAMED --add-opens=java.base/java.nio.charset=ALL-UNNAMED --add-opens=java.base/java.net=ALL-UNNAMED --add-opens=java.base/java.util.concurrent.atomic=ALL-UNNAMED -Xmx2048m -Dfile.encoding=windows-1252 -Duser.country=GB -Duser.language=en -Duser.variant -javaagent:C:\Users\cheta\.gradle\wrapper\dists\gradle-8.3-all\6en3ugtfdg5xnpx44z4qbwgas\gradle-8.3\lib\agents\gradle-instrumentation-agent-8.3.jar org.gradle.launcher.daemon.bootstrap.GradleDaemon 8.3

Host: Intel(R) Core(TM) i7-1065G7 CPU @ 1.30GHz, 8 cores, 15G,  Windows 10 , 64 bit Build 19041 (10.0.19041.3636)
Time: Thu Feb 29 18:48:39 2024 GMT Standard Time elapsed time: 51.925891 seconds (0d 0h 0m 51s)

---------------  T H R E A D  ---------------

Current thread (0x0000021751015cd0):  JavaThread "C2 CompilerThread0" daemon [_thread_in_native, id=8224, stack(0x000000c048000000,0x000000c048100000)]


Current CompileTask:
C2:  51926 10297       4       org.gradle.internal.instantiation.generator.ParamsMatchingConstructorSelector::forParams (481 bytes)

Stack: [0x000000c048000000,0x000000c048100000]
Native frames: (J=compiled Java code, j=interpreted, Vv=VM code, C=native code)
V  [jvm.dll+0x677a5a]
V  [jvm.dll+0x7d8b2d]
V  [jvm.dll+0x7da48e]
V  [jvm.dll+0x7daaf3]
V  [jvm.dll+0x2455ff]
V  [jvm.dll+0xaaafb]
V  [jvm.dll+0xab09c]
V  [jvm.dll+0x361bae]
V  [jvm.dll+0x1bb3ca]
V  [jvm.dll+0x217aa7]
V  [jvm.dll+0x216d81]
V  [jvm.dll+0x1a3410]
V  [jvm.dll+0x226aeb]
V  [jvm.dll+0x224cab]
V  [jvm.dll+0x78e45c]
V  [jvm.dll+0x78888a]
V  [jvm.dll+0x676935]
C  [ucrtbase.dll+0x21bb2]
C  [KERNEL32.DLL+0x17344]
C  [ntdll.dll+0x526b1]


---------------  P R O C E S S  ---------------

Threads class SMR info:
_java_thread_list=0x0000021756331e50, length=93, elements={
0x00000217119eb540, 0x0000021731be1360, 0x0000021731be1e30, 0x0000021751008870,
0x0000021751009340, 0x000002175100be20, 0x000002175100fb10, 0x0000021751015cd0,
0x000002175101f6b0, 0x00000217510223c0, 0x00000217511151e0, 0x00000217511147c0,
0x0000021751116620, 0x0000021751114cd0, 0x0000021751116110, 0x0000021751117040,
0x0000021751117f70, 0x0000021751116b30, 0x0000021751117550, 0x0000021751117a60,
0x00000217531ded30, 0x00000217531dced0, 0x00000217531dba90, 0x00000217531de310,
0x00000217531e0b90, 0x00000217531df750, 0x00000217531dfc60, 0x00000217531e0170,
0x00000217531e0680, 0x00000217531e15b0, 0x00000217531e1ac0, 0x00000217531e29f0,
0x00000217531dc4b0, 0x00000217531dde00, 0x0000021752983a00, 0x0000021752984930,
0x0000021752989f40, 0x000002175298b380, 0x000002175298a960, 0x000002175298ae70,
0x0000021752987bd0, 0x0000021752985d70, 0x0000021752986790, 0x0000021752986ca0,
0x0000021752984e40, 0x0000021752985350, 0x00000217529880e0, 0x00000217529885f0,
0x00000217529871b0, 0x00000217529876c0, 0x0000021752988b00, 0x00000217511156f0,
0x00000217531dbfa0, 0x0000021752d3dab0, 0x0000021752d3bc50, 0x0000021752d384a0,
0x0000021752d389b0, 0x0000021752d39df0, 0x0000021752d393d0, 0x0000021752d3b740,
0x0000021752d3b230, 0x0000021752d398e0, 0x0000021752d37060, 0x0000021752d3d090,
0x0000021752d3e4d0, 0x0000021752d3a300, 0x0000021752d3a810, 0x0000021752d3cb80,
0x0000021752d3c160, 0x0000021752d3e9e0, 0x0000021752d3c670, 0x0000021752d37570,
0x0000021752d37a80, 0x0000021752d37f90, 0x000002175478dff0, 0x0000021754790d80,
0x000002175478a840, 0x0000021754790870, 0x000002175478ad50, 0x000002175478b260,
0x000002175478e500, 0x000002175478f940, 0x000002175478d0c0, 0x000002175478f430,
0x000002175478d5d0, 0x000002175478b770, 0x000002175478fe50, 0x000002175478dae0,
0x000002175478bc80, 0x0000021754790360, 0x0000021753627c30, 0x000002175362a6b0,
0x00000217547917a0
}

Java Threads: ( => current thread )
  0x00000217119eb540 JavaThread "main" [_thread_blocked, id=20952, stack(0x000000c047300000,0x000000c047400000)]
  0x0000021731be1360 JavaThread "Reference Handler" daemon [_thread_blocked, id=10140, stack(0x000000c047a00000,0x000000c047b00000)]
  0x0000021731be1e30 JavaThread "Finalizer" daemon [_thread_blocked, id=25364, stack(0x000000c047b00000,0x000000c047c00000)]
  0x0000021751008870 JavaThread "Signal Dispatcher" daemon [_thread_blocked, id=18424, stack(0x000000c047c00000,0x000000c047d00000)]
  0x0000021751009340 JavaThread "Attach Listener" daemon [_thread_blocked, id=336, stack(0x000000c047d00000,0x000000c047e00000)]
  0x000002175100be20 JavaThread "Service Thread" daemon [_thread_blocked, id=27128, stack(0x000000c047e00000,0x000000c047f00000)]
  0x000002175100fb10 JavaThread "Monitor Deflation Thread" daemon [_thread_blocked, id=19232, stack(0x000000c047f00000,0x000000c048000000)]
=>0x0000021751015cd0 JavaThread "C2 CompilerThread0" daemon [_thread_in_native, id=8224, stack(0x000000c048000000,0x000000c048100000)]
  0x000002175101f6b0 JavaThread "C1 CompilerThread0" daemon [_thread_blocked, id=14204, stack(0x000000c048100000,0x000000c048200000)]
  0x00000217510223c0 JavaThread "Sweeper thread" daemon [_thread_blocked, id=17404, stack(0x000000c048200000,0x000000c048300000)]
  0x00000217511151e0 JavaThread "Common-Cleaner" daemon [_thread_blocked, id=19772, stack(0x000000c048300000,0x000000c048400000)]
  0x00000217511147c0 JavaThread "Notification Thread" daemon [_thread_blocked, id=6636, stack(0x000000c048500000,0x000000c048600000)]
  0x0000021751116620 JavaThread "Daemon health stats" [_thread_blocked, id=28208, stack(0x000000c048d00000,0x000000c048e00000)]
  0x0000021751114cd0 JavaThread "Incoming local TCP Connector on port 64322" [_thread_in_native, id=21580, stack(0x000000c048700000,0x000000c048800000)]
  0x0000021751116110 JavaThread "Daemon periodic checks" [_thread_blocked, id=27000, stack(0x000000c048e00000,0x000000c048f00000)]
  0x0000021751117040 JavaThread "Daemon" [_thread_blocked, id=6612, stack(0x000000c048f00000,0x000000c049000000)]
  0x0000021751117f70 JavaThread "Handler for socket connection from /127.0.0.1:64322 to /127.0.0.1:64323" [_thread_in_native, id=8948, stack(0x000000c049000000,0x000000c049100000)]
  0x0000021751116b30 JavaThread "Cancel handler" [_thread_blocked, id=18956, stack(0x000000c049100000,0x000000c049200000)]
  0x0000021751117550 JavaThread "Daemon worker" [_thread_in_Java, id=12364, stack(0x000000c049200000,0x000000c049300000)]
  0x0000021751117a60 JavaThread "Asynchronous log dispatcher for DefaultDaemonConnection: socket connection from /127.0.0.1:64322 to /127.0.0.1:64323" [_thread_blocked, id=15484, stack(0x000000c049300000,0x000000c049400000)]
  0x00000217531ded30 JavaThread "Stdin handler" [_thread_blocked, id=21216, stack(0x000000c049400000,0x000000c049500000)]
  0x00000217531dced0 JavaThread "Daemon client event forwarder" [_thread_blocked, id=24324, stack(0x000000c049500000,0x000000c049600000)]
  0x00000217531dba90 JavaThread "Cache worker for journal cache (C:\Users\cheta\.gradle\caches\journal-1)" [_thread_blocked, id=16788, stack(0x000000c048400000,0x000000c048500000)]
  0x00000217531de310 JavaThread "File lock request listener" [_thread_in_native, id=20080, stack(0x000000c049600000,0x000000c049700000)]
  0x00000217531e0b90 JavaThread "Cache worker for file hash cache (C:\Users\cheta\.gradle\caches\8.3\fileHashes)" [_thread_blocked, id=26684, stack(0x000000c049800000,0x000000c049900000)]
  0x00000217531df750 JavaThread "File watcher server" daemon [_thread_in_native, id=4644, stack(0x000000c049900000,0x000000c049a00000)]
  0x00000217531dfc60 JavaThread "File watcher consumer" daemon [_thread_in_Java, id=6540, stack(0x000000c049a00000,0x000000c049b00000)]
  0x00000217531e0170 JavaThread "Cache worker for checksums cache (C:\Users\cheta\Desktop\React\Motive\android\.gradle\8.3\checksums)" [_thread_blocked, id=27236, stack(0x000000c049700000,0x000000c049800000)]
  0x00000217531e0680 JavaThread "Cache worker for file hash cache (C:\Users\cheta\Desktop\React\Motive\android\.gradle\8.3\fileHashes)" [_thread_blocked, id=6712, stack(0x000000c049b00000,0x000000c049c00000)]
  0x00000217531e15b0 JavaThread "Cache worker for cache directory md-supplier (C:\Users\cheta\.gradle\caches\8.3\md-supplier)" [_thread_blocked, id=11728, stack(0x000000c049c00000,0x000000c049d00000)]
  0x00000217531e1ac0 JavaThread "Cache worker for file content cache (C:\Users\cheta\.gradle\caches\8.3\fileContent)" [_thread_blocked, id=28232, stack(0x000000c049d00000,0x000000c049e00000)]
  0x00000217531e29f0 JavaThread "Cache worker for cache directory md-rule (C:\Users\cheta\.gradle\caches\8.3\md-rule)" [_thread_blocked, id=15688, stack(0x000000c04a200000,0x000000c04a300000)]
  0x00000217531dc4b0 JavaThread "Cache worker for execution history cache (C:\Users\cheta\.gradle\caches\8.3\executionHistory)" [_thread_blocked, id=26268, stack(0x000000c04a300000,0x000000c04a400000)]
  0x00000217531dde00 JavaThread "jar transforms" [_thread_blocked, id=20344, stack(0x000000c04a500000,0x000000c04a600000)]
  0x0000021752983a00 JavaThread "jar transforms Thread 2" [_thread_blocked, id=18316, stack(0x000000c04a600000,0x000000c04a700000)]
  0x0000021752984930 JavaThread "jar transforms Thread 3" [_thread_blocked, id=19832, stack(0x000000c04a700000,0x000000c04a800000)]
  0x0000021752989f40 JavaThread "jar transforms Thread 4" [_thread_blocked, id=20628, stack(0x000000c04a800000,0x000000c04a900000)]
  0x000002175298b380 JavaThread "Cache worker for kotlin-dsl (C:\Users\cheta\.gradle\caches\8.3\kotlin-dsl)" [_thread_blocked, id=22648, stack(0x000000c04a900000,0x000000c04aa00000)]
  0x000002175298a960 JavaThread "jar transforms Thread 5" [_thread_blocked, id=28008, stack(0x000000c04aa00000,0x000000c04ab00000)]
  0x000002175298ae70 JavaThread "jar transforms Thread 6" [_thread_blocked, id=8248, stack(0x000000c04ab00000,0x000000c04ac00000)]
  0x0000021752987bd0 JavaThread "Unconstrained build operations" [_thread_blocked, id=22580, stack(0x000000c04ac00000,0x000000c04ad00000)]
  0x0000021752985d70 JavaThread "Unconstrained build operations Thread 2" [_thread_blocked, id=18408, stack(0x000000c04ad00000,0x000000c04ae00000)]
  0x0000021752986790 JavaThread "jar transforms Thread 7" [_thread_blocked, id=24768, stack(0x000000c04ae00000,0x000000c04af00000)]
  0x0000021752986ca0 JavaThread "jar transforms Thread 8" [_thread_blocked, id=3248, stack(0x000000c04af00000,0x000000c04b000000)]
  0x0000021752984e40 JavaThread "Cache worker for dependencies-accessors (C:\Users\cheta\Desktop\React\Motive\android\.gradle\8.3\dependencies-accessors)" [_thread_blocked, id=22916, stack(0x000000c04b000000,0x000000c04b100000)]
  0x0000021752985350 JavaThread "Cache worker for Build Output Cleanup Cache (C:\Users\cheta\Desktop\React\Motive\node_modules\@react-native\gradle-plugin\.gradle\buildOutputCleanup)" [_thread_blocked, id=20436, stack(0x000000c04a400000,0x000000c04a500000)]
  0x00000217529880e0 JavaThread "Unconstrained build operations Thread 3" [_thread_blocked, id=25584, stack(0x000000c04b200000,0x000000c04b300000)]
  0x00000217529885f0 JavaThread "Unconstrained build operations Thread 4" [_thread_blocked, id=28080, stack(0x000000c04b300000,0x000000c04b400000)]
  0x00000217529871b0 JavaThread "Unconstrained build operations Thread 5" [_thread_blocked, id=25572, stack(0x000000c04b400000,0x000000c04b500000)]
  0x00000217529876c0 JavaThread "Unconstrained build operations Thread 6" [_thread_blocked, id=19244, stack(0x000000c04b500000,0x000000c04b600000)]
  0x0000021752988b00 JavaThread "Unconstrained build operations Thread 7" [_thread_blocked, id=8372, stack(0x000000c04b600000,0x000000c04b700000)]
  0x00000217511156f0 JavaThread "Unconstrained build operations Thread 8" [_thread_blocked, id=1820, stack(0x000000c04b700000,0x000000c04b800000)]
  0x00000217531dbfa0 JavaThread "Unconstrained build operations Thread 9" [_thread_blocked, id=8312, stack(0x000000c04b800000,0x000000c04b900000)]
  0x0000021752d3dab0 JavaThread "Memory manager" [_thread_blocked, id=21972, stack(0x000000c04b900000,0x000000c04ba00000)]
  0x0000021752d3bc50 JavaThread "Cache worker for Build Output Cleanup Cache (C:\Users\cheta\Desktop\React\Motive\android\.gradle\buildOutputCleanup)" [_thread_blocked, id=20316, stack(0x000000c04bc00000,0x000000c04bd00000)]
  0x0000021752d384a0 JavaThread "ForkJoinPool.commonPool-worker-1" daemon [_thread_blocked, id=20476, stack(0x000000c04b100000,0x000000c04b200000)]
  0x0000021752d389b0 JavaThread "ForkJoinPool.commonPool-worker-2" daemon [_thread_blocked, id=10968, stack(0x000000c04bd00000,0x000000c04be00000)]
  0x0000021752d39df0 JavaThread "ForkJoinPool.commonPool-worker-3" daemon [_thread_blocked, id=15496, stack(0x000000c04be00000,0x000000c04bf00000)]
  0x0000021752d393d0 JavaThread "ForkJoinPool.commonPool-worker-4" daemon [_thread_blocked, id=22524, stack(0x000000c04bf00000,0x000000c04c000000)]
  0x0000021752d3b740 JavaThread "ForkJoinPool.commonPool-worker-5" daemon [_thread_blocked, id=16600, stack(0x000000c04c000000,0x000000c04c100000)]
  0x0000021752d3b230 JavaThread "ForkJoinPool.commonPool-worker-6" daemon [_thread_blocked, id=25288, stack(0x000000c04c100000,0x000000c04c200000)]
  0x0000021752d398e0 JavaThread "ForkJoinPool.commonPool-worker-7" daemon [_thread_blocked, id=24512, stack(0x000000c04c200000,0x000000c04c300000)]
  0x0000021752d37060 JavaThread "Exec process" daemon [_thread_blocked, id=12536, stack(0x000000c04c300000,0x000000c04c400000)]
  0x0000021752d3d090 JavaThread "Exec process Thread 2" daemon [_thread_blocked, id=10660, stack(0x000000c04c400000,0x000000c04c500000)]
  0x0000021752d3e4d0 JavaThread "Exec process Thread 3" daemon [_thread_blocked, id=18672, stack(0x000000c04c500000,0x000000c04c600000)]
  0x0000021752d3a300 JavaThread "included builds" [_thread_blocked, id=23948, stack(0x000000c04c600000,0x000000c04c700000)]
  0x0000021752d3a810 JavaThread "Execution worker" [_thread_blocked, id=22260, stack(0x000000c04c700000,0x000000c04c800000)]
  0x0000021752d3cb80 JavaThread "Execution worker Thread 2" [_thread_blocked, id=25284, stack(0x000000c04c800000,0x000000c04c900000)]
  0x0000021752d3c160 JavaThread "Execution worker Thread 3" [_thread_blocked, id=10916, stack(0x000000c04c900000,0x000000c04ca00000)]
  0x0000021752d3e9e0 JavaThread "Execution worker Thread 4" [_thread_blocked, id=18928, stack(0x000000c04ca00000,0x000000c04cb00000)]
  0x0000021752d3c670 JavaThread "Execution worker Thread 5" [_thread_blocked, id=15244, stack(0x000000c04cb00000,0x000000c04cc00000)]
  0x0000021752d37570 JavaThread "Execution worker Thread 6" [_thread_blocked, id=28332, stack(0x000000c04cc00000,0x000000c04cd00000)]
  0x0000021752d37a80 JavaThread "Execution worker Thread 7" [_thread_blocked, id=26888, stack(0x000000c04cd00000,0x000000c04ce00000)]
  0x0000021752d37f90 JavaThread "Cache worker for execution history cache (C:\Users\cheta\Desktop\React\Motive\node_modules\@react-native\gradle-plugin\.gradle\8.3\executionHistory)" [_thread_blocked, id=24136, stack(0x000000c04ce00000,0x000000c04cf00000)]
  0x000002175478dff0 JavaThread "Unconstrained build operations Thread 10" [_thread_blocked, id=4292, stack(0x000000c04d000000,0x000000c04d100000)]
  0x0000021754790d80 JavaThread "Unconstrained build operations Thread 11" [_thread_blocked, id=27032, stack(0x000000c04d100000,0x000000c04d200000)]
  0x000002175478a840 JavaThread "Unconstrained build operations Thread 12" [_thread_blocked, id=21280, stack(0x000000c04d200000,0x000000c04d300000)]
  0x0000021754790870 JavaThread "Unconstrained build operations Thread 13" [_thread_blocked, id=7028, stack(0x000000c04d300000,0x000000c04d400000)]
  0x000002175478ad50 JavaThread "Unconstrained build operations Thread 14" [_thread_blocked, id=17572, stack(0x000000c04d400000,0x000000c04d500000)]
  0x000002175478b260 JavaThread "Unconstrained build operations Thread 15" [_thread_blocked, id=25644, stack(0x000000c04d500000,0x000000c04d600000)]
  0x000002175478e500 JavaThread "Unconstrained build operations Thread 16" [_thread_blocked, id=14060, stack(0x000000c04d600000,0x000000c04d700000)]
  0x000002175478f940 JavaThread "Unconstrained build operations Thread 17" [_thread_blocked, id=10432, stack(0x000000c04d700000,0x000000c04d800000)]
  0x000002175478d0c0 JavaThread "Unconstrained build operations Thread 18" [_thread_blocked, id=17968, stack(0x000000c04d800000,0x000000c04d900000)]
  0x000002175478f430 JavaThread "Unconstrained build operations Thread 19" [_thread_blocked, id=8076, stack(0x000000c04d900000,0x000000c04da00000)]
  0x000002175478d5d0 JavaThread "Unconstrained build operations Thread 20" [_thread_blocked, id=28048, stack(0x000000c04da00000,0x000000c04db00000)]
  0x000002175478b770 JavaThread "Unconstrained build operations Thread 21" [_thread_blocked, id=12676, stack(0x000000c04db00000,0x000000c04dc00000)]
  0x000002175478fe50 JavaThread "Unconstrained build operations Thread 22" [_thread_blocked, id=20036, stack(0x000000c04dc00000,0x000000c04dd00000)]
  0x000002175478dae0 JavaThread "Unconstrained build operations Thread 23" [_thread_blocked, id=23876, stack(0x000000c04dd00000,0x000000c04de00000)]
  0x000002175478bc80 JavaThread "Unconstrained build operations Thread 24" [_thread_blocked, id=23180, stack(0x000000c04de00000,0x000000c04df00000)]
  0x0000021754790360 JavaThread "Unconstrained build operations Thread 25" [_thread_blocked, id=24944, stack(0x000000c04df00000,0x000000c04e000000)]
  0x0000021753627c30 JavaThread "C2 CompilerThread1" daemon [_thread_blocked, id=23576, stack(0x000000c04a100000,0x000000c04a200000)]
  0x000002175362a6b0 JavaThread "C2 CompilerThread2" daemon [_thread_in_native, id=9932, stack(0x000000c04cf00000,0x000000c04d000000)]
  0x00000217547917a0 JavaThread "Unconstrained build operations Thread 26" [_thread_blocked, id=17632, stack(0x000000c04e000000,0x000000c04e100000)]

Other Threads:
  0x0000021731bdb990 VMThread "VM Thread" [stack: 0x000000c047900000,0x000000c047a00000] [id=23400]
  0x00000217512538a0 WatcherThread [stack: 0x000000c048600000,0x000000c048700000] [id=24252]
  0x0000021711a463d0 GCTaskThread "GC Thread#0" [stack: 0x000000c047400000,0x000000c047500000] [id=11072]
  0x0000021751dc8bb0 GCTaskThread "GC Thread#1" [stack: 0x000000c048800000,0x000000c048900000] [id=26776]
  0x00000217520b1f60 GCTaskThread "GC Thread#2" [stack: 0x000000c048900000,0x000000c048a00000] [id=26556]
  0x00000217520b2620 GCTaskThread "GC Thread#3" [stack: 0x000000c048a00000,0x000000c048b00000] [id=28140]
  0x0000021751bb3010 GCTaskThread "GC Thread#4" [stack: 0x000000c048b00000,0x000000c048c00000] [id=1340]
  0x0000021751bb32d0 GCTaskThread "GC Thread#5" [stack: 0x000000c048c00000,0x000000c048d00000] [id=13588]
  0x0000021751d5a390 GCTaskThread "GC Thread#6" [stack: 0x000000c049e00000,0x000000c049f00000] [id=13092]
  0x0000021751d5b410 GCTaskThread "GC Thread#7" [stack: 0x000000c049f00000,0x000000c04a000000] [id=27124]
  0x0000021711a58240 ConcurrentGCThread "G1 Main Marker" [stack: 0x000000c047500000,0x000000c047600000] [id=18592]
  0x0000021711a59300 ConcurrentGCThread "G1 Conc#0" [stack: 0x000000c047600000,0x000000c047700000] [id=23996]
  0x0000021751d5a650 ConcurrentGCThread "G1 Conc#1" [stack: 0x000000c04a000000,0x000000c04a100000] [id=16440]
  0x0000021711abe9a0 ConcurrentGCThread "G1 Refine#0" [stack: 0x000000c047700000,0x000000c047800000] [id=7780]
  0x0000021731a94600 ConcurrentGCThread "G1 Service" [stack: 0x000000c047800000,0x000000c047900000] [id=15560]

Threads with active compile tasks:
C2 CompilerThread0    52003 10297       4       org.gradle.internal.instantiation.generator.ParamsMatchingConstructorSelector::forParams (481 bytes)
C2 CompilerThread2    52003 10326       4       groovy.lang.MetaClassImpl::inheritInterfaceNewMetaMethods (195 bytes)

VM state: not at safepoint (normal execution)

VM Mutex/Monitor currently owned by a thread: None

Heap address: 0x0000000080000000, size: 2048 MB, Compressed Oops mode: 32-bit

CDS archive(s) mapped at: [0x0000021732000000-0x0000021732bd0000-0x0000021732bd0000), size 12386304, SharedBaseAddress: 0x0000021732000000, ArchiveRelocationMode: 1.
Compressed class space mapped at: 0x0000021733000000-0x000002174d000000, reserved size: 436207616
Narrow klass base: 0x0000021732000000, Narrow klass shift: 0, Narrow klass range: 0x100000000

GC Precious Log:
 CPUs: 8 total, 8 available
 Memory: 15970M
 Large Page Support: Disabled
 NUMA Support: Disabled
 Compressed Oops: Enabled (32-bit)
 Heap Region Size: 1M
 Heap Min Capacity: 8M
 Heap Initial Capacity: 250M
 Heap Max Capacity: 2G
 Pre-touch: Disabled
 Parallel Workers: 8
 Concurrent Workers: 2
 Concurrent Refinement Workers: 8
 Periodic GC: Disabled

Heap:
 garbage-first heap   total 279552K, used 126367K [0x0000000080000000, 0x0000000100000000)
  region size 1024K, 41 young (41984K), 11 survivors (11264K)
 Metaspace       used 86244K, committed 87168K, reserved 557056K
  class space    used 12193K, committed 12608K, reserved 425984K

Heap Regions: E=young(eden), S=young(survivor), O=old, HS=humongous(starts), HC=humongous(continues), CS=collection set, F=free, OA=open archive, CA=closed archive, TAMS=top-at-mark-start (previous, next)
|   0|0x0000000080000000, 0x0000000080100000, 0x0000000080100000|100%|HS|  |TAMS 0x0000000080100000, 0x0000000080000000| Complete 
|   1|0x0000000080100000, 0x0000000080200000, 0x0000000080200000|100%|HC|  |TAMS 0x0000000080200000, 0x0000000080100000| Complete 
|   2|0x0000000080200000, 0x0000000080300000, 0x0000000080300000|100%|HC|  |TAMS 0x0000000080300000, 0x0000000080200000| Complete 
|   3|0x0000000080300000, 0x0000000080400000, 0x0000000080400000|100%|HC|  |TAMS 0x0000000080400000, 0x0000000080300000| Complete 
|   4|0x0000000080400000, 0x0000000080500000, 0x0000000080500000|100%| O|  |TAMS 0x0000000080500000, 0x0000000080400000| Untracked 
|   5|0x0000000080500000, 0x0000000080600000, 0x0000000080600000|100%| O|  |TAMS 0x0000000080600000, 0x0000000080500000| Untracked 
|   6|0x0000000080600000, 0x0000000080700000, 0x0000000080700000|100%| O|  |TAMS 0x0000000080700000, 0x0000000080600000| Untracked 
|   7|0x0000000080700000, 0x0000000080800000, 0x0000000080800000|100%| O|  |TAMS 0x0000000080800000, 0x0000000080700000| Untracked 
|   8|0x0000000080800000, 0x0000000080900000, 0x0000000080900000|100%| O|  |TAMS 0x0000000080900000, 0x0000000080800000| Untracked 
|   9|0x0000000080900000, 0x0000000080a00000, 0x0000000080a00000|100%| O|  |TAMS 0x0000000080a00000, 0x0000000080900000| Untracked 
|  10|0x0000000080a00000, 0x0000000080b00000, 0x0000000080b00000|100%| O|  |TAMS 0x0000000080b00000, 0x0000000080a00000| Untracked 
|  11|0x0000000080b00000, 0x0000000080c00000, 0x0000000080c00000|100%| O|  |TAMS 0x0000000080c00000, 0x0000000080b00000| Untracked 
|  12|0x0000000080c00000, 0x0000000080d00000, 0x0000000080d00000|100%| O|  |TAMS 0x0000000080d00000, 0x0000000080c00000| Untracked 
|  13|0x0000000080d00000, 0x0000000080e00000, 0x0000000080e00000|100%| O|  |TAMS 0x0000000080e00000, 0x0000000080d00000| Untracked 
|  14|0x0000000080e00000, 0x0000000080f00000, 0x0000000080f00000|100%| O|  |TAMS 0x0000000080f00000, 0x0000000080e00000| Untracked 
|  15|0x0000000080f00000, 0x0000000081000000, 0x0000000081000000|100%| O|  |TAMS 0x0000000081000000, 0x0000000080f00000| Untracked 
|  16|0x0000000081000000, 0x0000000081100000, 0x0000000081100000|100%| O|  |TAMS 0x0000000081100000, 0x0000000081000000| Untracked 
|  17|0x0000000081100000, 0x0000000081200000, 0x0000000081200000|100%| O|  |TAMS 0x0000000081200000, 0x0000000081100000| Untracked 
|  18|0x0000000081200000, 0x0000000081300000, 0x0000000081300000|100%| O|  |TAMS 0x0000000081300000, 0x0000000081200000| Untracked 
|  19|0x0000000081300000, 0x0000000081400000, 0x0000000081400000|100%| O|  |TAMS 0x0000000081400000, 0x0000000081300000| Untracked 
|  20|0x0000000081400000, 0x0000000081500000, 0x0000000081500000|100%| O|  |TAMS 0x0000000081500000, 0x0000000081400000| Untracked 
|  21|0x0000000081500000, 0x0000000081600000, 0x0000000081600000|100%| O|  |TAMS 0x0000000081600000, 0x0000000081500000| Untracked 
|  22|0x0000000081600000, 0x0000000081700000, 0x0000000081700000|100%| O|  |TAMS 0x0000000081700000, 0x0000000081600000| Untracked 
|  23|0x0000000081700000, 0x0000000081800000, 0x0000000081800000|100%| O|  |TAMS 0x0000000081800000, 0x0000000081700000| Untracked 
|  24|0x0000000081800000, 0x0000000081900000, 0x0000000081900000|100%| O|  |TAMS 0x0000000081900000, 0x0000000081800000| Untracked 
|  25|0x0000000081900000, 0x0000000081a00000, 0x0000000081a00000|100%| O|  |TAMS 0x0000000081a00000, 0x0000000081900000| Untracked 
|  26|0x0000000081a00000, 0x0000000081b00000, 0x0000000081b00000|100%| O|  |TAMS 0x0000000081b00000, 0x0000000081a00000| Untracked 
|  27|0x0000000081b00000, 0x0000000081c00000, 0x0000000081c00000|100%| O|  |TAMS 0x0000000081c00000, 0x0000000081b00000| Untracked 
|  28|0x0000000081c00000, 0x0000000081d00000, 0x0000000081d00000|100%| O|  |TAMS 0x0000000081d00000, 0x0000000081c00000| Untracked 
|  29|0x0000000081d00000, 0x0000000081e00000, 0x0000000081e00000|100%| O|  |TAMS 0x0000000081e00000, 0x0000000081d00000| Untracked 
|  30|0x0000000081e00000, 0x0000000081f00000, 0x0000000081f00000|100%| O|  |TAMS 0x0000000081f00000, 0x0000000081e00000| Untracked 
|  31|0x0000000081f00000, 0x0000000082000000, 0x0000000082000000|100%| O|  |TAMS 0x0000000082000000, 0x0000000081f00000| Untracked 
|  32|0x0000000082000000, 0x0000000082100000, 0x0000000082100000|100%| O|  |TAMS 0x0000000082100000, 0x0000000082000000| Untracked 
|  33|0x0000000082100000, 0x0000000082200000, 0x0000000082200000|100%| O|  |TAMS 0x0000000082200000, 0x0000000082100000| Untracked 
|  34|0x0000000082200000, 0x0000000082300000, 0x0000000082300000|100%| O|  |TAMS 0x0000000082300000, 0x0000000082200000| Untracked 
|  35|0x0000000082300000, 0x0000000082400000, 0x0000000082400000|100%|HS|  |TAMS 0x0000000082400000, 0x0000000082300000| Complete 
|  36|0x0000000082400000, 0x0000000082500000, 0x0000000082500000|100%|HC|  |TAMS 0x0000000082500000, 0x0000000082400000| Complete 
|  37|0x0000000082500000, 0x0000000082600000, 0x0000000082600000|100%| O|  |TAMS 0x0000000082600000, 0x0000000082500000| Untracked 
|  38|0x0000000082600000, 0x0000000082700000, 0x0000000082700000|100%| O|  |TAMS 0x0000000082700000, 0x0000000082600000| Untracked 
|  39|0x0000000082700000, 0x0000000082800000, 0x0000000082800000|100%|HS|  |TAMS 0x0000000082800000, 0x0000000082700000| Complete 
|  40|0x0000000082800000, 0x0000000082900000, 0x0000000082900000|100%|HC|  |TAMS 0x0000000082900000, 0x0000000082800000| Complete 
|  41|0x0000000082900000, 0x0000000082a00000, 0x0000000082a00000|100%|HS|  |TAMS 0x0000000082a00000, 0x0000000082900000| Complete 
|  42|0x0000000082a00000, 0x0000000082b00000, 0x0000000082b00000|100%|HC|  |TAMS 0x0000000082b00000, 0x0000000082a00000| Complete 
|  43|0x0000000082b00000, 0x0000000082c00000, 0x0000000082c00000|100%|HC|  |TAMS 0x0000000082c00000, 0x0000000082b00000| Complete 
|  44|0x0000000082c00000, 0x0000000082d00000, 0x0000000082d00000|100%|HC|  |TAMS 0x0000000082d00000, 0x0000000082c00000| Complete 
|  45|0x0000000082d00000, 0x0000000082e00000, 0x0000000082e00000|100%| O|  |TAMS 0x0000000082e00000, 0x0000000082d00000| Untracked 
|  46|0x0000000082e00000, 0x0000000082f00000, 0x0000000082f00000|100%| O|  |TAMS 0x0000000082f00000, 0x0000000082e00000| Untracked 
|  47|0x0000000082f00000, 0x0000000083000000, 0x0000000083000000|100%| O|  |TAMS 0x0000000083000000, 0x0000000082f00000| Untracked 
|  48|0x0000000083000000, 0x0000000083100000, 0x0000000083100000|100%| O|  |TAMS 0x0000000083100000, 0x0000000083000000| Untracked 
|  49|0x0000000083100000, 0x0000000083200000, 0x0000000083200000|100%|HS|  |TAMS 0x0000000083200000, 0x0000000083100000| Complete 
|  50|0x0000000083200000, 0x0000000083300000, 0x0000000083300000|100%|HC|  |TAMS 0x0000000083300000, 0x0000000083200000| Complete 
|  51|0x0000000083300000, 0x0000000083400000, 0x0000000083400000|100%|HC|  |TAMS 0x0000000083400000, 0x0000000083300000| Complete 
|  52|0x0000000083400000, 0x0000000083500000, 0x0000000083500000|100%|HC|  |TAMS 0x0000000083500000, 0x0000000083400000| Complete 
|  53|0x0000000083500000, 0x0000000083600000, 0x0000000083600000|100%| O|  |TAMS 0x0000000083600000, 0x0000000083500000| Untracked 
|  54|0x0000000083600000, 0x0000000083700000, 0x0000000083700000|100%| O|  |TAMS 0x0000000083700000, 0x0000000083600000| Untracked 
|  55|0x0000000083700000, 0x0000000083800000, 0x0000000083800000|100%| O|  |TAMS 0x0000000083800000, 0x0000000083700000| Untracked 
|  56|0x0000000083800000, 0x0000000083900000, 0x0000000083900000|100%| O|  |TAMS 0x0000000083900000, 0x0000000083800000| Untracked 
|  57|0x0000000083900000, 0x0000000083a00000, 0x0000000083a00000|100%| O|  |TAMS 0x0000000083a00000, 0x0000000083900000| Untracked 
|  58|0x0000000083a00000, 0x0000000083b00000, 0x0000000083b00000|100%| O|  |TAMS 0x0000000083b00000, 0x0000000083a00000| Untracked 
|  59|0x0000000083b00000, 0x0000000083c00000, 0x0000000083c00000|100%| O|  |TAMS 0x0000000083c00000, 0x0000000083b00000| Untracked 
|  60|0x0000000083c00000, 0x0000000083d00000, 0x0000000083d00000|100%| O|  |TAMS 0x0000000083d00000, 0x0000000083c00000| Untracked 
|  61|0x0000000083d00000, 0x0000000083e00000, 0x0000000083e00000|100%| O|  |TAMS 0x0000000083e00000, 0x0000000083d00000| Untracked 
|  62|0x0000000083e00000, 0x0000000083f00000, 0x0000000083f00000|100%| O|  |TAMS 0x0000000083f00000, 0x0000000083e00000| Untracked 
|  63|0x0000000083f00000, 0x0000000084000000, 0x0000000084000000|100%| O|  |TAMS 0x0000000084000000, 0x0000000083f00000| Untracked 
|  64|0x0000000084000000, 0x0000000084100000, 0x0000000084100000|100%|HS|  |TAMS 0x0000000084100000, 0x0000000084000000| Complete 
|  65|0x0000000084100000, 0x0000000084200000, 0x0000000084200000|100%|HS|  |TAMS 0x0000000084200000, 0x0000000084100000| Complete 
|  66|0x0000000084200000, 0x0000000084300000, 0x0000000084300000|100%|HS|  |TAMS 0x0000000084300000, 0x0000000084200000| Complete 
|  67|0x0000000084300000, 0x0000000084400000, 0x0000000084400000|100%| O|  |TAMS 0x0000000084400000, 0x0000000084300000| Untracked 
|  68|0x0000000084400000, 0x0000000084500000, 0x0000000084500000|100%|HS|  |TAMS 0x0000000084500000, 0x0000000084400000| Complete 
|  69|0x0000000084500000, 0x0000000084600000, 0x0000000084600000|100%| O|  |TAMS 0x0000000084600000, 0x0000000084500000| Untracked 
|  70|0x0000000084600000, 0x0000000084600000, 0x0000000084700000|  0%| F|  |TAMS 0x0000000084600000, 0x0000000084600000| Untracked 
|  71|0x0000000084700000, 0x0000000084800000, 0x0000000084800000|100%| O|  |TAMS 0x0000000084800000, 0x0000000084700000| Untracked 
|  72|0x0000000084800000, 0x0000000084900000, 0x0000000084900000|100%| O|  |TAMS 0x0000000084900000, 0x0000000084800000| Untracked 
|  73|0x0000000084900000, 0x0000000084a00000, 0x0000000084a00000|100%| O|  |TAMS 0x0000000084a00000, 0x0000000084900000| Untracked 
|  74|0x0000000084a00000, 0x0000000084b00000, 0x0000000084b00000|100%| O|  |TAMS 0x0000000084b00000, 0x0000000084a00000| Untracked 
|  75|0x0000000084b00000, 0x0000000084c00000, 0x0000000084c00000|100%| O|  |TAMS 0x0000000084b00000, 0x0000000084b00000| Untracked 
|  76|0x0000000084c00000, 0x0000000084d00000, 0x0000000084d00000|100%| O|  |TAMS 0x0000000084d00000, 0x0000000084c00000| Untracked 
|  77|0x0000000084d00000, 0x0000000084e00000, 0x0000000084e00000|100%| O|  |TAMS 0x0000000084d00000, 0x0000000084d00000| Untracked 
|  78|0x0000000084e00000, 0x0000000084e89800, 0x0000000084f00000| 53%| O|  |TAMS 0x0000000084e00000, 0x0000000084e00000| Untracked 
|  79|0x0000000084f00000, 0x0000000085000000, 0x0000000085000000|100%| O|  |TAMS 0x0000000085000000, 0x0000000084f00000| Untracked 
|  80|0x0000000085000000, 0x0000000085100000, 0x0000000085100000|100%| O|  |TAMS 0x0000000085100000, 0x0000000085000000| Untracked 
|  81|0x0000000085100000, 0x0000000085200000, 0x0000000085200000|100%| O|  |TAMS 0x0000000085200000, 0x0000000085100000| Untracked 
|  82|0x0000000085200000, 0x0000000085300000, 0x0000000085300000|100%| O|  |TAMS 0x0000000085300000, 0x0000000085200000| Untracked 
|  83|0x0000000085300000, 0x0000000085400000, 0x0000000085400000|100%| O|  |TAMS 0x0000000085400000, 0x0000000085300000| Untracked 
|  84|0x0000000085400000, 0x0000000085500000, 0x0000000085500000|100%| O|  |TAMS 0x0000000085463600, 0x0000000085400000| Untracked 
|  85|0x0000000085500000, 0x0000000085500000, 0x0000000085600000|  0%| F|  |TAMS 0x0000000085500000, 0x0000000085500000| Untracked 
|  86|0x0000000085600000, 0x0000000085600000, 0x0000000085700000|  0%| F|  |TAMS 0x0000000085600000, 0x0000000085600000| Untracked 
|  87|0x0000000085700000, 0x0000000085700000, 0x0000000085800000|  0%| F|  |TAMS 0x0000000085700000, 0x0000000085700000| Untracked 
|  88|0x0000000085800000, 0x0000000085800000, 0x0000000085900000|  0%| F|  |TAMS 0x0000000085800000, 0x0000000085800000| Untracked 
|  89|0x0000000085900000, 0x0000000085900000, 0x0000000085a00000|  0%| F|  |TAMS 0x0000000085900000, 0x0000000085900000| Untracked 
|  90|0x0000000085a00000, 0x0000000085a00000, 0x0000000085b00000|  0%| F|  |TAMS 0x0000000085a00000, 0x0000000085a00000| Untracked 
|  91|0x0000000085b00000, 0x0000000085b00000, 0x0000000085c00000|  0%| F|  |TAMS 0x0000000085b00000, 0x0000000085b00000| Untracked 
|  92|0x0000000085c00000, 0x0000000085c00000, 0x0000000085d00000|  0%| F|  |TAMS 0x0000000085c00000, 0x0000000085c00000| Untracked 
|  93|0x0000000085d00000, 0x0000000085d00000, 0x0000000085e00000|  0%| F|  |TAMS 0x0000000085d00000, 0x0000000085d00000| Untracked 
|  94|0x0000000085e00000, 0x0000000085e00000, 0x0000000085f00000|  0%| F|  |TAMS 0x0000000085e00000, 0x0000000085e00000| Untracked 
|  95|0x0000000085f00000, 0x0000000085f00000, 0x0000000086000000|  0%| F|  |TAMS 0x0000000085f00000, 0x0000000085f00000| Untracked 
|  96|0x0000000086000000, 0x0000000086000000, 0x0000000086100000|  0%| F|  |TAMS 0x0000000086000000, 0x0000000086000000| Untracked 
|  97|0x0000000086100000, 0x0000000086100000, 0x0000000086200000|  0%| F|  |TAMS 0x0000000086100000, 0x0000000086100000| Untracked 
|  98|0x0000000086200000, 0x0000000086200000, 0x0000000086300000|  0%| F|  |TAMS 0x0000000086200000, 0x0000000086200000| Untracked 
|  99|0x0000000086300000, 0x0000000086300000, 0x0000000086400000|  0%| F|  |TAMS 0x0000000086300000, 0x0000000086300000| Untracked 
| 100|0x0000000086400000, 0x0000000086400000, 0x0000000086500000|  0%| F|  |TAMS 0x0000000086400000, 0x0000000086400000| Untracked 
| 101|0x0000000086500000, 0x0000000086500000, 0x0000000086600000|  0%| F|  |TAMS 0x0000000086500000, 0x0000000086500000| Untracked 
| 102|0x0000000086600000, 0x0000000086600000, 0x0000000086700000|  0%| F|  |TAMS 0x0000000086600000, 0x0000000086600000| Untracked 
| 103|0x0000000086700000, 0x0000000086700000, 0x0000000086800000|  0%| F|  |TAMS 0x0000000086700000, 0x0000000086700000| Untracked 
| 104|0x0000000086800000, 0x0000000086800000, 0x0000000086900000|  0%| F|  |TAMS 0x0000000086800000, 0x0000000086800000| Untracked 
| 105|0x0000000086900000, 0x0000000086900000, 0x0000000086a00000|  0%| F|  |TAMS 0x0000000086900000, 0x0000000086900000| Untracked 
| 106|0x0000000086a00000, 0x0000000086a00000, 0x0000000086b00000|  0%| F|  |TAMS 0x0000000086a00000, 0x0000000086a00000| Untracked 
| 107|0x0000000086b00000, 0x0000000086b00000, 0x0000000086c00000|  0%| F|  |TAMS 0x0000000086b00000, 0x0000000086b00000| Untracked 
| 108|0x0000000086c00000, 0x0000000086c00000, 0x0000000086d00000|  0%| F|  |TAMS 0x0000000086c00000, 0x0000000086c00000| Untracked 
| 109|0x0000000086d00000, 0x0000000086d00000, 0x0000000086e00000|  0%| F|  |TAMS 0x0000000086d00000, 0x0000000086d00000| Untracked 
| 110|0x0000000086e00000, 0x0000000086e00000, 0x0000000086f00000|  0%| F|  |TAMS 0x0000000086e00000, 0x0000000086e00000| Untracked 
| 111|0x0000000086f00000, 0x0000000086f00000, 0x0000000087000000|  0%| F|  |TAMS 0x0000000086f00000, 0x0000000086f00000| Untracked 
| 112|0x0000000087000000, 0x0000000087000000, 0x0000000087100000|  0%| F|  |TAMS 0x0000000087000000, 0x0000000087000000| Untracked 
| 113|0x0000000087100000, 0x0000000087100000, 0x0000000087200000|  0%| F|  |TAMS 0x0000000087100000, 0x0000000087100000| Untracked 
| 114|0x0000000087200000, 0x0000000087200000, 0x0000000087300000|  0%| F|  |TAMS 0x0000000087200000, 0x0000000087200000| Untracked 
| 115|0x0000000087300000, 0x0000000087300000, 0x0000000087400000|  0%| F|  |TAMS 0x0000000087300000, 0x0000000087300000| Untracked 
| 116|0x0000000087400000, 0x0000000087400000, 0x0000000087500000|  0%| F|  |TAMS 0x0000000087400000, 0x0000000087400000| Untracked 
| 117|0x0000000087500000, 0x0000000087500000, 0x0000000087600000|  0%| F|  |TAMS 0x0000000087500000, 0x0000000087500000| Untracked 
| 118|0x0000000087600000, 0x0000000087600000, 0x0000000087700000|  0%| F|  |TAMS 0x0000000087600000, 0x0000000087600000| Untracked 
| 119|0x0000000087700000, 0x0000000087700000, 0x0000000087800000|  0%| F|  |TAMS 0x0000000087700000, 0x0000000087700000| Untracked 
| 120|0x0000000087800000, 0x0000000087800000, 0x0000000087900000|  0%| F|  |TAMS 0x0000000087800000, 0x0000000087800000| Untracked 
| 121|0x0000000087900000, 0x0000000087900000, 0x0000000087a00000|  0%| F|  |TAMS 0x0000000087900000, 0x0000000087900000| Untracked 
| 122|0x0000000087a00000, 0x0000000087a00000, 0x0000000087b00000|  0%| F|  |TAMS 0x0000000087a00000, 0x0000000087a00000| Untracked 
| 123|0x0000000087b00000, 0x0000000087b00000, 0x0000000087c00000|  0%| F|  |TAMS 0x0000000087b00000, 0x0000000087b00000| Untracked 
| 124|0x0000000087c00000, 0x0000000087c00000, 0x0000000087d00000|  0%| F|  |TAMS 0x0000000087c00000, 0x0000000087c00000| Untracked 
| 125|0x0000000087d00000, 0x0000000087d00000, 0x0000000087e00000|  0%| F|  |TAMS 0x0000000087d00000, 0x0000000087d00000| Untracked 
| 126|0x0000000087e00000, 0x0000000087e00000, 0x0000000087f00000|  0%| F|  |TAMS 0x0000000087e00000, 0x0000000087e00000| Untracked 
| 127|0x0000000087f00000, 0x0000000087f00000, 0x0000000088000000|  0%| F|  |TAMS 0x0000000087f00000, 0x0000000087f00000| Untracked 
| 128|0x0000000088000000, 0x0000000088000000, 0x0000000088100000|  0%| F|  |TAMS 0x0000000088000000, 0x0000000088000000| Untracked 
| 129|0x0000000088100000, 0x0000000088100000, 0x0000000088200000|  0%| F|  |TAMS 0x0000000088100000, 0x0000000088100000| Untracked 
| 130|0x0000000088200000, 0x0000000088200000, 0x0000000088300000|  0%| F|  |TAMS 0x0000000088200000, 0x0000000088200000| Untracked 
| 131|0x0000000088300000, 0x0000000088300000, 0x0000000088400000|  0%| F|  |TAMS 0x0000000088300000, 0x0000000088300000| Untracked 
| 132|0x0000000088400000, 0x0000000088400000, 0x0000000088500000|  0%| F|  |TAMS 0x0000000088400000, 0x0000000088400000| Untracked 
| 133|0x0000000088500000, 0x0000000088500000, 0x0000000088600000|  0%| F|  |TAMS 0x0000000088500000, 0x0000000088500000| Untracked 
| 134|0x0000000088600000, 0x0000000088600000, 0x0000000088700000|  0%| F|  |TAMS 0x0000000088600000, 0x0000000088600000| Untracked 
| 135|0x0000000088700000, 0x0000000088700000, 0x0000000088800000|  0%| F|  |TAMS 0x0000000088700000, 0x0000000088700000| Untracked 
| 136|0x0000000088800000, 0x0000000088800000, 0x0000000088900000|  0%| F|  |TAMS 0x0000000088800000, 0x0000000088800000| Untracked 
| 137|0x0000000088900000, 0x0000000088900000, 0x0000000088a00000|  0%| F|  |TAMS 0x0000000088900000, 0x0000000088900000| Untracked 
| 138|0x0000000088a00000, 0x0000000088a00000, 0x0000000088b00000|  0%| F|  |TAMS 0x0000000088a00000, 0x0000000088a00000| Untracked 
| 139|0x0000000088b00000, 0x0000000088b00000, 0x0000000088c00000|  0%| F|  |TAMS 0x0000000088b00000, 0x0000000088b00000| Untracked 
| 140|0x0000000088c00000, 0x0000000088c00000, 0x0000000088d00000|  0%| F|  |TAMS 0x0000000088c00000, 0x0000000088c00000| Untracked 
| 141|0x0000000088d00000, 0x0000000088d00000, 0x0000000088e00000|  0%| F|  |TAMS 0x0000000088d00000, 0x0000000088d00000| Untracked 
| 142|0x0000000088e00000, 0x0000000088e00000, 0x0000000088f00000|  0%| F|  |TAMS 0x0000000088e00000, 0x0000000088e00000| Untracked 
| 143|0x0000000088f00000, 0x0000000088f00000, 0x0000000089000000|  0%| F|  |TAMS 0x0000000088f00000, 0x0000000088f00000| Untracked 
| 144|0x0000000089000000, 0x0000000089000000, 0x0000000089100000|  0%| F|  |TAMS 0x0000000089000000, 0x0000000089000000| Untracked 
| 145|0x0000000089100000, 0x0000000089100000, 0x0000000089200000|  0%| F|  |TAMS 0x0000000089100000, 0x0000000089100000| Untracked 
| 146|0x0000000089200000, 0x0000000089200000, 0x0000000089300000|  0%| F|  |TAMS 0x0000000089200000, 0x0000000089200000| Untracked 
| 147|0x0000000089300000, 0x0000000089300000, 0x0000000089400000|  0%| F|  |TAMS 0x0000000089300000, 0x0000000089300000| Untracked 
| 148|0x0000000089400000, 0x0000000089400000, 0x0000000089500000|  0%| F|  |TAMS 0x0000000089400000, 0x0000000089400000| Untracked 
| 149|0x0000000089500000, 0x0000000089500000, 0x0000000089600000|  0%| F|  |TAMS 0x0000000089500000, 0x0000000089500000| Untracked 
| 150|0x0000000089600000, 0x00000000896de508, 0x0000000089700000| 86%| S|CS|TAMS 0x0000000089600000, 0x0000000089600000| Complete 
| 151|0x0000000089700000, 0x0000000089800000, 0x0000000089800000|100%| S|CS|TAMS 0x0000000089700000, 0x0000000089700000| Complete 
| 152|0x0000000089800000, 0x0000000089900000, 0x0000000089900000|100%| S|CS|TAMS 0x0000000089800000, 0x0000000089800000| Complete 
| 153|0x0000000089900000, 0x0000000089a00000, 0x0000000089a00000|100%| S|CS|TAMS 0x0000000089900000, 0x0000000089900000| Complete 
| 154|0x0000000089a00000, 0x0000000089b00000, 0x0000000089b00000|100%| S|CS|TAMS 0x0000000089a00000, 0x0000000089a00000| Complete 
| 155|0x0000000089b00000, 0x0000000089c00000, 0x0000000089c00000|100%| S|CS|TAMS 0x0000000089b00000, 0x0000000089b00000| Complete 
| 156|0x0000000089c00000, 0x0000000089d00000, 0x0000000089d00000|100%| S|CS|TAMS 0x0000000089c00000, 0x0000000089c00000| Complete 
| 157|0x0000000089d00000, 0x0000000089e00000, 0x0000000089e00000|100%| S|CS|TAMS 0x0000000089d00000, 0x0000000089d00000| Complete 
| 158|0x0000000089e00000, 0x0000000089f00000, 0x0000000089f00000|100%| S|CS|TAMS 0x0000000089e00000, 0x0000000089e00000| Complete 
| 159|0x0000000089f00000, 0x000000008a000000, 0x000000008a000000|100%| S|CS|TAMS 0x0000000089f00000, 0x0000000089f00000| Complete 
| 160|0x000000008a000000, 0x000000008a100000, 0x000000008a100000|100%| S|CS|TAMS 0x000000008a000000, 0x000000008a000000| Complete 
| 161|0x000000008a100000, 0x000000008a100000, 0x000000008a200000|  0%| F|  |TAMS 0x000000008a100000, 0x000000008a100000| Untracked 
| 162|0x000000008a200000, 0x000000008a200000, 0x000000008a300000|  0%| F|  |TAMS 0x000000008a200000, 0x000000008a200000| Untracked 
| 163|0x000000008a300000, 0x000000008a300000, 0x000000008a400000|  0%| F|  |TAMS 0x000000008a300000, 0x000000008a300000| Untracked 
| 164|0x000000008a400000, 0x000000008a400000, 0x000000008a500000|  0%| F|  |TAMS 0x000000008a400000, 0x000000008a400000| Untracked 
| 165|0x000000008a500000, 0x000000008a500000, 0x000000008a600000|  0%| F|  |TAMS 0x000000008a500000, 0x000000008a500000| Untracked 
| 166|0x000000008a600000, 0x000000008a600000, 0x000000008a700000|  0%| F|  |TAMS 0x000000008a600000, 0x000000008a600000| Untracked 
| 167|0x000000008a700000, 0x000000008a700000, 0x000000008a800000|  0%| F|  |TAMS 0x000000008a700000, 0x000000008a700000| Untracked 
| 168|0x000000008a800000, 0x000000008a800000, 0x000000008a900000|  0%| F|  |TAMS 0x000000008a800000, 0x000000008a800000| Untracked 
| 169|0x000000008a900000, 0x000000008a900000, 0x000000008aa00000|  0%| F|  |TAMS 0x000000008a900000, 0x000000008a900000| Untracked 
| 170|0x000000008aa00000, 0x000000008aa00000, 0x000000008ab00000|  0%| F|  |TAMS 0x000000008aa00000, 0x000000008aa00000| Untracked 
| 171|0x000000008ab00000, 0x000000008ab00000, 0x000000008ac00000|  0%| F|  |TAMS 0x000000008ab00000, 0x000000008ab00000| Untracked 
| 172|0x000000008ac00000, 0x000000008ac00000, 0x000000008ad00000|  0%| F|  |TAMS 0x000000008ac00000, 0x000000008ac00000| Untracked 
| 173|0x000000008ad00000, 0x000000008ad00000, 0x000000008ae00000|  0%| F|  |TAMS 0x000000008ad00000, 0x000000008ad00000| Untracked 
| 174|0x000000008ae00000, 0x000000008ae00000, 0x000000008af00000|  0%| F|  |TAMS 0x000000008ae00000, 0x000000008ae00000| Untracked 
| 175|0x000000008af00000, 0x000000008af00000, 0x000000008b000000|  0%| F|  |TAMS 0x000000008af00000, 0x000000008af00000| Untracked 
| 176|0x000000008b000000, 0x000000008b000000, 0x000000008b100000|  0%| F|  |TAMS 0x000000008b000000, 0x000000008b000000| Untracked 
| 177|0x000000008b100000, 0x000000008b100000, 0x000000008b200000|  0%| F|  |TAMS 0x000000008b100000, 0x000000008b100000| Untracked 
| 178|0x000000008b200000, 0x000000008b200000, 0x000000008b300000|  0%| F|  |TAMS 0x000000008b200000, 0x000000008b200000| Untracked 
| 179|0x000000008b300000, 0x000000008b300000, 0x000000008b400000|  0%| F|  |TAMS 0x000000008b300000, 0x000000008b300000| Untracked 
| 180|0x000000008b400000, 0x000000008b400000, 0x000000008b500000|  0%| F|  |TAMS 0x000000008b400000, 0x000000008b400000| Untracked 
| 181|0x000000008b500000, 0x000000008b500000, 0x000000008b600000|  0%| F|  |TAMS 0x000000008b500000, 0x000000008b500000| Untracked 
| 182|0x000000008b600000, 0x000000008b600000, 0x000000008b700000|  0%| F|  |TAMS 0x000000008b600000, 0x000000008b600000| Untracked 
| 183|0x000000008b700000, 0x000000008b700000, 0x000000008b800000|  0%| F|  |TAMS 0x000000008b700000, 0x000000008b700000| Untracked 
| 184|0x000000008b800000, 0x000000008b800000, 0x000000008b900000|  0%| F|  |TAMS 0x000000008b800000, 0x000000008b800000| Untracked 
| 185|0x000000008b900000, 0x000000008b900000, 0x000000008ba00000|  0%| F|  |TAMS 0x000000008b900000, 0x000000008b900000| Untracked 
| 186|0x000000008ba00000, 0x000000008ba00000, 0x000000008bb00000|  0%| F|  |TAMS 0x000000008ba00000, 0x000000008ba00000| Untracked 
| 187|0x000000008bb00000, 0x000000008bb00000, 0x000000008bc00000|  0%| F|  |TAMS 0x000000008bb00000, 0x000000008bb00000| Untracked 
| 188|0x000000008bc00000, 0x000000008bc00000, 0x000000008bd00000|  0%| F|  |TAMS 0x000000008bc00000, 0x000000008bc00000| Untracked 
| 189|0x000000008bd00000, 0x000000008bd00000, 0x000000008be00000|  0%| F|  |TAMS 0x000000008bd00000, 0x000000008bd00000| Untracked 
| 190|0x000000008be00000, 0x000000008be00000, 0x000000008bf00000|  0%| F|  |TAMS 0x000000008be00000, 0x000000008be00000| Untracked 
| 191|0x000000008bf00000, 0x000000008bf00000, 0x000000008c000000|  0%| F|  |TAMS 0x000000008bf00000, 0x000000008bf00000| Untracked 
| 192|0x000000008c000000, 0x000000008c000000, 0x000000008c100000|  0%| F|  |TAMS 0x000000008c000000, 0x000000008c000000| Untracked 
| 193|0x000000008c100000, 0x000000008c100000, 0x000000008c200000|  0%| F|  |TAMS 0x000000008c100000, 0x000000008c100000| Untracked 
| 194|0x000000008c200000, 0x000000008c200000, 0x000000008c300000|  0%| F|  |TAMS 0x000000008c200000, 0x000000008c200000| Untracked 
| 195|0x000000008c300000, 0x000000008c300000, 0x000000008c400000|  0%| F|  |TAMS 0x000000008c300000, 0x000000008c300000| Untracked 
| 196|0x000000008c400000, 0x000000008c400000, 0x000000008c500000|  0%| F|  |TAMS 0x000000008c400000, 0x000000008c400000| Untracked 
| 197|0x000000008c500000, 0x000000008c500000, 0x000000008c600000|  0%| F|  |TAMS 0x000000008c500000, 0x000000008c500000| Untracked 
| 198|0x000000008c600000, 0x000000008c600000, 0x000000008c700000|  0%| F|  |TAMS 0x000000008c600000, 0x000000008c600000| Untracked 
| 199|0x000000008c700000, 0x000000008c700000, 0x000000008c800000|  0%| F|  |TAMS 0x000000008c700000, 0x000000008c700000| Untracked 
| 200|0x000000008c800000, 0x000000008c800000, 0x000000008c900000|  0%| F|  |TAMS 0x000000008c800000, 0x000000008c800000| Untracked 
| 201|0x000000008c900000, 0x000000008c900000, 0x000000008ca00000|  0%| F|  |TAMS 0x000000008c900000, 0x000000008c900000| Untracked 
| 202|0x000000008ca00000, 0x000000008ca00000, 0x000000008cb00000|  0%| F|  |TAMS 0x000000008ca00000, 0x000000008ca00000| Untracked 
| 203|0x000000008cb00000, 0x000000008cb00000, 0x000000008cc00000|  0%| F|  |TAMS 0x000000008cb00000, 0x000000008cb00000| Untracked 
| 204|0x000000008cc00000, 0x000000008cc00000, 0x000000008cd00000|  0%| F|  |TAMS 0x000000008cc00000, 0x000000008cc00000| Untracked 
| 205|0x000000008cd00000, 0x000000008cd00000, 0x000000008ce00000|  0%| F|  |TAMS 0x000000008cd00000, 0x000000008cd00000| Untracked 
| 206|0x000000008ce00000, 0x000000008ce00000, 0x000000008cf00000|  0%| F|  |TAMS 0x000000008ce00000, 0x000000008ce00000| Untracked 
| 207|0x000000008cf00000, 0x000000008cf00000, 0x000000008d000000|  0%| F|  |TAMS 0x000000008cf00000, 0x000000008cf00000| Untracked 
| 208|0x000000008d000000, 0x000000008d000000, 0x000000008d100000|  0%| F|  |TAMS 0x000000008d000000, 0x000000008d000000| Untracked 
| 209|0x000000008d100000, 0x000000008d100000, 0x000000008d200000|  0%| F|  |TAMS 0x000000008d100000, 0x000000008d100000| Untracked 
| 210|0x000000008d200000, 0x000000008d200000, 0x000000008d300000|  0%| F|  |TAMS 0x000000008d200000, 0x000000008d200000| Untracked 
| 211|0x000000008d300000, 0x000000008d300000, 0x000000008d400000|  0%| F|  |TAMS 0x000000008d300000, 0x000000008d300000| Untracked 
| 212|0x000000008d400000, 0x000000008d400000, 0x000000008d500000|  0%| F|  |TAMS 0x000000008d400000, 0x000000008d400000| Untracked 
| 213|0x000000008d500000, 0x000000008d500000, 0x000000008d600000|  0%| F|  |TAMS 0x000000008d500000, 0x000000008d500000| Untracked 
| 214|0x000000008d600000, 0x000000008d600000, 0x000000008d700000|  0%| F|  |TAMS 0x000000008d600000, 0x000000008d600000| Untracked 
| 215|0x000000008d700000, 0x000000008d700000, 0x000000008d800000|  0%| F|  |TAMS 0x000000008d700000, 0x000000008d700000| Untracked 
| 216|0x000000008d800000, 0x000000008d800000, 0x000000008d900000|  0%| F|  |TAMS 0x000000008d800000, 0x000000008d800000| Untracked 
| 217|0x000000008d900000, 0x000000008d900000, 0x000000008da00000|  0%| F|  |TAMS 0x000000008d900000, 0x000000008d900000| Untracked 
| 218|0x000000008da00000, 0x000000008da00000, 0x000000008db00000|  0%| F|  |TAMS 0x000000008da00000, 0x000000008da00000| Untracked 
| 219|0x000000008db00000, 0x000000008db00000, 0x000000008dc00000|  0%| F|  |TAMS 0x000000008db00000, 0x000000008db00000| Untracked 
| 220|0x000000008dc00000, 0x000000008dc00000, 0x000000008dd00000|  0%| F|  |TAMS 0x000000008dc00000, 0x000000008dc00000| Untracked 
| 221|0x000000008dd00000, 0x000000008dd00000, 0x000000008de00000|  0%| F|  |TAMS 0x000000008dd00000, 0x000000008dd00000| Untracked 
| 222|0x000000008de00000, 0x000000008de00000, 0x000000008df00000|  0%| F|  |TAMS 0x000000008de00000, 0x000000008de00000| Untracked 
| 223|0x000000008df00000, 0x000000008df00000, 0x000000008e000000|  0%| F|  |TAMS 0x000000008df00000, 0x000000008df00000| Untracked 
| 224|0x000000008e000000, 0x000000008e000000, 0x000000008e100000|  0%| F|  |TAMS 0x000000008e000000, 0x000000008e000000| Untracked 
| 225|0x000000008e100000, 0x000000008e100000, 0x000000008e200000|  0%| F|  |TAMS 0x000000008e100000, 0x000000008e100000| Untracked 
| 226|0x000000008e200000, 0x000000008e200000, 0x000000008e300000|  0%| F|  |TAMS 0x000000008e200000, 0x000000008e200000| Untracked 
| 227|0x000000008e300000, 0x000000008e300000, 0x000000008e400000|  0%| F|  |TAMS 0x000000008e300000, 0x000000008e300000| Untracked 
| 228|0x000000008e400000, 0x000000008e400000, 0x000000008e500000|  0%| F|  |TAMS 0x000000008e400000, 0x000000008e400000| Untracked 
| 229|0x000000008e500000, 0x000000008e500000, 0x000000008e600000|  0%| F|  |TAMS 0x000000008e500000, 0x000000008e500000| Untracked 
| 230|0x000000008e600000, 0x000000008e600000, 0x000000008e700000|  0%| F|  |TAMS 0x000000008e600000, 0x000000008e600000| Untracked 
| 231|0x000000008e700000, 0x000000008e700000, 0x000000008e800000|  0%| F|  |TAMS 0x000000008e700000, 0x000000008e700000| Untracked 
| 232|0x000000008e800000, 0x000000008e800000, 0x000000008e900000|  0%| F|  |TAMS 0x000000008e800000, 0x000000008e800000| Untracked 
| 233|0x000000008e900000, 0x000000008e900000, 0x000000008ea00000|  0%| F|  |TAMS 0x000000008e900000, 0x000000008e900000| Untracked 
| 234|0x000000008ea00000, 0x000000008ea00000, 0x000000008eb00000|  0%| F|  |TAMS 0x000000008ea00000, 0x000000008ea00000| Untracked 
| 235|0x000000008eb00000, 0x000000008eb00000, 0x000000008ec00000|  0%| F|  |TAMS 0x000000008eb00000, 0x000000008eb00000| Untracked 
| 236|0x000000008ec00000, 0x000000008ec00000, 0x000000008ed00000|  0%| F|  |TAMS 0x000000008ec00000, 0x000000008ec00000| Untracked 
| 237|0x000000008ed00000, 0x000000008ed00000, 0x000000008ee00000|  0%| F|  |TAMS 0x000000008ed00000, 0x000000008ed00000| Untracked 
| 238|0x000000008ee00000, 0x000000008ee00000, 0x000000008ef00000|  0%| F|  |TAMS 0x000000008ee00000, 0x000000008ee00000| Untracked 
| 239|0x000000008ef00000, 0x000000008ef00000, 0x000000008f000000|  0%| F|  |TAMS 0x000000008ef00000, 0x000000008ef00000| Untracked 
| 240|0x000000008f000000, 0x000000008f000000, 0x000000008f100000|  0%| F|  |TAMS 0x000000008f000000, 0x000000008f000000| Untracked 
| 241|0x000000008f100000, 0x000000008f100000, 0x000000008f200000|  0%| F|  |TAMS 0x000000008f100000, 0x000000008f100000| Untracked 
| 242|0x000000008f200000, 0x000000008f2869e0, 0x000000008f300000| 52%| E|  |TAMS 0x000000008f200000, 0x000000008f200000| Complete 
| 243|0x000000008f300000, 0x000000008f400000, 0x000000008f400000|100%| E|CS|TAMS 0x000000008f300000, 0x000000008f300000| Complete 
| 244|0x000000008f400000, 0x000000008f500000, 0x000000008f500000|100%| E|CS|TAMS 0x000000008f400000, 0x000000008f400000| Complete 
| 245|0x000000008f500000, 0x000000008f600000, 0x000000008f600000|100%| E|CS|TAMS 0x000000008f500000, 0x000000008f500000| Complete 
| 246|0x000000008f600000, 0x000000008f700000, 0x000000008f700000|100%| E|CS|TAMS 0x000000008f600000, 0x000000008f600000| Complete 
| 247|0x000000008f700000, 0x000000008f800000, 0x000000008f800000|100%| E|CS|TAMS 0x000000008f700000, 0x000000008f700000| Complete 
| 248|0x000000008f800000, 0x000000008f900000, 0x000000008f900000|100%| E|CS|TAMS 0x000000008f800000, 0x000000008f800000| Complete 
| 249|0x000000008f900000, 0x000000008fa00000, 0x000000008fa00000|100%| E|CS|TAMS 0x000000008f900000, 0x000000008f900000| Complete 
| 250|0x000000008fa00000, 0x000000008fb00000, 0x000000008fb00000|100%| E|CS|TAMS 0x000000008fa00000, 0x000000008fa00000| Complete 
| 251|0x000000008fb00000, 0x000000008fc00000, 0x000000008fc00000|100%| E|CS|TAMS 0x000000008fb00000, 0x000000008fb00000| Complete 
| 252|0x000000008fc00000, 0x000000008fd00000, 0x000000008fd00000|100%| E|CS|TAMS 0x000000008fc00000, 0x000000008fc00000| Complete 
| 253|0x000000008fd00000, 0x000000008fe00000, 0x000000008fe00000|100%| E|CS|TAMS 0x000000008fd00000, 0x000000008fd00000| Complete 
| 254|0x000000008fe00000, 0x000000008ff00000, 0x000000008ff00000|100%| E|CS|TAMS 0x000000008fe00000, 0x000000008fe00000| Complete 
| 255|0x000000008ff00000, 0x0000000090000000, 0x0000000090000000|100%| E|CS|TAMS 0x000000008ff00000, 0x000000008ff00000| Complete 
| 256|0x0000000090000000, 0x0000000090100000, 0x0000000090100000|100%| E|CS|TAMS 0x0000000090000000, 0x0000000090000000| Complete 
| 257|0x0000000090100000, 0x0000000090200000, 0x0000000090200000|100%| E|CS|TAMS 0x0000000090100000, 0x0000000090100000| Complete 
| 258|0x0000000090200000, 0x0000000090300000, 0x0000000090300000|100%| E|CS|TAMS 0x0000000090200000, 0x0000000090200000| Complete 
| 259|0x0000000090300000, 0x0000000090400000, 0x0000000090400000|100%| E|CS|TAMS 0x0000000090300000, 0x0000000090300000| Complete 
| 260|0x0000000090400000, 0x0000000090500000, 0x0000000090500000|100%| E|CS|TAMS 0x0000000090400000, 0x0000000090400000| Complete 
| 261|0x0000000090500000, 0x0000000090600000, 0x0000000090600000|100%| E|CS|TAMS 0x0000000090500000, 0x0000000090500000| Complete 
| 262|0x0000000090600000, 0x0000000090700000, 0x0000000090700000|100%| E|CS|TAMS 0x0000000090600000, 0x0000000090600000| Complete 
| 263|0x0000000090700000, 0x0000000090800000, 0x0000000090800000|100%| E|CS|TAMS 0x0000000090700000, 0x0000000090700000| Complete 
| 264|0x0000000090800000, 0x0000000090900000, 0x0000000090900000|100%| E|CS|TAMS 0x0000000090800000, 0x0000000090800000| Complete 
| 265|0x0000000090900000, 0x0000000090a00000, 0x0000000090a00000|100%| E|CS|TAMS 0x0000000090900000, 0x0000000090900000| Complete 
| 266|0x0000000090a00000, 0x0000000090b00000, 0x0000000090b00000|100%| E|CS|TAMS 0x0000000090a00000, 0x0000000090a00000| Complete 
| 267|0x0000000090b00000, 0x0000000090c00000, 0x0000000090c00000|100%| E|CS|TAMS 0x0000000090b00000, 0x0000000090b00000| Complete 
| 268|0x0000000090c00000, 0x0000000090d00000, 0x0000000090d00000|100%| E|CS|TAMS 0x0000000090c00000, 0x0000000090c00000| Complete 
| 269|0x0000000090d00000, 0x0000000090e00000, 0x0000000090e00000|100%| E|CS|TAMS 0x0000000090d00000, 0x0000000090d00000| Complete 
| 270|0x0000000090e00000, 0x0000000090f00000, 0x0000000090f00000|100%| E|CS|TAMS 0x0000000090e00000, 0x0000000090e00000| Complete 
| 271|0x0000000090f00000, 0x0000000091000000, 0x0000000091000000|100%| E|CS|TAMS 0x0000000090f00000, 0x0000000090f00000| Complete 
| 272|0x0000000091000000, 0x0000000091100000, 0x0000000091100000|100%| E|CS|TAMS 0x0000000091000000, 0x0000000091000000| Complete 

Card table byte_map: [0x000002172a8e0000,0x000002172ace0000] _byte_map_base: 0x000002172a4e0000

Marking Bits (Prev, Next): (CMBitMap*) 0x0000021711a46940, (CMBitMap*) 0x0000021711a46900
 Prev Bits: [0x000002172d0e0000, 0x000002172f0e0000)
 Next Bits: [0x000002172b0e0000, 0x000002172d0e0000)

Polling page: 0x0000021711ac0000

Metaspace:

Usage:
  Non-class:     72.37 MB used.
      Class:     11.91 MB used.
       Both:     84.28 MB used.

Virtual space:
  Non-class space:      128.00 MB reserved,      72.88 MB ( 57%) committed,  2 nodes.
      Class space:      416.00 MB reserved,      12.31 MB (  3%) committed,  1 nodes.
             Both:      544.00 MB reserved,      85.19 MB ( 16%) committed. 

Chunk freelists:
   Non-Class:  6.84 MB
       Class:  3.73 MB
        Both:  10.57 MB

MaxMetaspaceSize: 512.00 MB
CompressedClassSpaceSize: 416.00 MB
Initial GC threshold: 21.00 MB
Current GC threshold: 122.00 MB
CDS: on
MetaspaceReclaimPolicy: balanced
 - commit_granule_bytes: 65536.
 - commit_granule_words: 8192.
 - virtual_space_node_default_size: 8388608.
 - enlarge_chunks_in_place: 1.
 - new_chunks_are_fully_committed: 0.
 - uncommit_free_chunks: 1.
 - use_allocation_guard: 0.
 - handle_deallocations: 1.


Internal statistics:

num_allocs_failed_limit: 6.
num_arena_births: 1062.
num_arena_deaths: 0.
num_vsnodes_births: 3.
num_vsnodes_deaths: 0.
num_space_committed: 1363.
num_space_uncommitted: 0.
num_chunks_returned_to_freelist: 6.
num_chunks_taken_from_freelist: 4737.
num_chunk_merges: 6.
num_chunk_splits: 3116.
num_chunks_enlarged: 2033.
num_inconsistent_stats: 0.

CodeHeap 'non-profiled nmethods': size=120000Kb used=5643Kb max_used=5643Kb free=114356Kb
 bounds [0x0000021722550000, 0x0000021722ae0000, 0x0000021729a80000]
CodeHeap 'profiled nmethods': size=120000Kb used=17544Kb max_used=17544Kb free=102455Kb
 bounds [0x000002171aa80000, 0x000002171bbb0000, 0x0000021721fb0000]
CodeHeap 'non-nmethods': size=5760Kb used=2399Kb max_used=2500Kb free=3360Kb
 bounds [0x0000021721fb0000, 0x0000021722230000, 0x0000021722550000]
 total_blobs=9891 nmethods=8974 adapters=829
 compilation: enabled
              stopped_count=0, restarted_count=0
 full_count=0

Compilation events (20 events):
Event: 51.910 Thread 0x0000021753627c30 nmethod 10334 0x0000021722ad0810 code [0x0000021722ad0980, 0x0000021722ad0eb8]
Event: 51.910 Thread 0x000002175101f6b0 nmethod 10340 0x000002171bb8dc90 code [0x000002171bb8de40, 0x000002171bb8e1a8]
Event: 51.911 Thread 0x000002175101f6b0 10341       3       org.codehaus.groovy.reflection.ClassInfo::access$300 (6 bytes)
Event: 51.911 Thread 0x0000021753627c30 10342       4       java.util.LinkedList::listIterator (15 bytes)
Event: 51.911 Thread 0x000002175101f6b0 nmethod 10341 0x000002171bb8e310 code [0x000002171bb8e4a0, 0x000002171bb8e5a8]
Event: 51.911 Thread 0x000002175101f6b0 10343       3       com.sun.beans.finder.FinderUtils::packageName (42 bytes)
Event: 51.912 Thread 0x000002175101f6b0 nmethod 10343 0x000002171bb8e690 code [0x000002171bb8e8e0, 0x000002171bb8f088]
Event: 51.915 Thread 0x000002175101f6b0 10345       3       groovyjarjarasm.asm.SymbolTable::hash (15 bytes)
Event: 51.915 Thread 0x000002175101f6b0 nmethod 10345 0x000002171bb8f390 code [0x000002171bb8f540, 0x000002171bb8f6d8]
Event: 51.915 Thread 0x000002175101f6b0 10346       3       groovyjarjarasm.asm.SymbolTable$Entry::<init> (18 bytes)
Event: 51.915 Thread 0x000002175101f6b0 nmethod 10346 0x000002171bb8f810 code [0x000002171bb8f9c0, 0x000002171bb8fb48]
Event: 51.917 Thread 0x000002175101f6b0 10347       3       org.codehaus.groovy.classgen.asm.BytecodeHelper::getClassInternalName (9 bytes)
Event: 51.917 Thread 0x000002175101f6b0 nmethod 10347 0x000002171bb8fc10 code [0x000002171bb8fda0, 0x000002171bb8fec8]
Event: 51.918 Thread 0x000002175101f6b0 10348       3       groovyjarjarasm.asm.Frame::<init> (10 bytes)
Event: 51.918 Thread 0x000002175101f6b0 nmethod 10348 0x000002171bb8ff90 code [0x000002171bb90120, 0x000002171bb902d8]
Event: 51.919 Thread 0x0000021753627c30 nmethod 10342 0x0000021722ad0f10 code [0x0000021722ad10a0, 0x0000021722ad1338]
Event: 51.919 Thread 0x0000021753627c30 10349       4       java.util.LinkedList::<init> (10 bytes)
Event: 51.920 Thread 0x000002175101f6b0 10350   !   3       java.beans.WeakIdentityMap::removeStaleEntries (151 bytes)
Event: 51.921 Thread 0x0000021753627c30 nmethod 10349 0x0000021722ad1510 code [0x0000021722ad1680, 0x0000021722ad16f8]
Event: 51.921 Thread 0x0000021753627c30 10344       4       java.util.LinkedList$Node::<init> (20 bytes)

GC Heap History (20 events):
Event: 36.574 GC heap before
{Heap before GC invocations=33 (full 0):
 garbage-first heap   total 138240K, used 74349K [0x0000000080000000, 0x0000000100000000)
  region size 1024K, 8 young (8192K), 2 survivors (2048K)
 Metaspace       used 64834K, committed 65536K, reserved 491520K
  class space    used 9224K, committed 9536K, reserved 425984K
}
Event: 36.577 GC heap after
{Heap after GC invocations=34 (full 0):
 garbage-first heap   total 138240K, used 73599K [0x0000000080000000, 0x0000000100000000)
  region size 1024K, 6 young (6144K), 6 survivors (6144K)
 Metaspace       used 64834K, committed 65536K, reserved 491520K
  class space    used 9224K, committed 9536K, reserved 425984K
}
Event: 36.851 GC heap before
{Heap before GC invocations=35 (full 0):
 garbage-first heap   total 138240K, used 98175K [0x0000000080000000, 0x0000000100000000)
  region size 1024K, 29 young (29696K), 6 survivors (6144K)
 Metaspace       used 66317K, committed 67136K, reserved 491520K
  class space    used 9413K, committed 9792K, reserved 425984K
}
Event: 36.854 GC heap after
{Heap after GC invocations=36 (full 0):
 garbage-first heap   total 138240K, used 76644K [0x0000000080000000, 0x0000000100000000)
  region size 1024K, 3 young (3072K), 3 survivors (3072K)
 Metaspace       used 66317K, committed 67136K, reserved 491520K
  class space    used 9413K, committed 9792K, reserved 425984K
}
Event: 37.149 GC heap before
{Heap before GC invocations=36 (full 0):
 garbage-first heap   total 138240K, used 100196K [0x0000000080000000, 0x0000000100000000)
  region size 1024K, 27 young (27648K), 3 survivors (3072K)
 Metaspace       used 68518K, committed 69248K, reserved 491520K
  class space    used 9637K, committed 9984K, reserved 425984K
}
Event: 37.152 GC heap after
{Heap after GC invocations=37 (full 0):
 garbage-first heap   total 138240K, used 77546K [0x0000000080000000, 0x0000000100000000)
  region size 1024K, 1 young (1024K), 1 survivors (1024K)
 Metaspace       used 68518K, committed 69248K, reserved 491520K
  class space    used 9637K, committed 9984K, reserved 425984K
}
Event: 37.556 GC heap before
{Heap before GC invocations=38 (full 0):
 garbage-first heap   total 138240K, used 106218K [0x0000000080000000, 0x0000000100000000)
  region size 1024K, 26 young (26624K), 1 survivors (1024K)
 Metaspace       used 70702K, committed 71424K, reserved 491520K
  class space    used 9903K, committed 10240K, reserved 425984K
}
Event: 37.561 GC heap after
{Heap after GC invocations=39 (full 0):
 garbage-first heap   total 138240K, used 85053K [0x0000000080000000, 0x0000000100000000)
  region size 1024K, 4 young (4096K), 4 survivors (4096K)
 Metaspace       used 70702K, committed 71424K, reserved 491520K
  class space    used 9903K, committed 10240K, reserved 425984K
}
Event: 37.577 GC heap before
{Heap before GC invocations=39 (full 0):
 garbage-first heap   total 138240K, used 86077K [0x0000000080000000, 0x0000000100000000)
  region size 1024K, 6 young (6144K), 4 survivors (4096K)
 Metaspace       used 70711K, committed 71424K, reserved 491520K
  class space    used 9903K, committed 10240K, reserved 425984K
}
Event: 37.582 GC heap after
{Heap after GC invocations=40 (full 0):
 garbage-first heap   total 138240K, used 86413K [0x0000000080000000, 0x0000000100000000)
  region size 1024K, 1 young (1024K), 1 survivors (1024K)
 Metaspace       used 70711K, committed 71424K, reserved 491520K
  class space    used 9903K, committed 10240K, reserved 425984K
}
Event: 37.584 GC heap before
{Heap before GC invocations=40 (full 0):
 garbage-first heap   total 138240K, used 86413K [0x0000000080000000, 0x0000000100000000)
  region size 1024K, 2 young (2048K), 1 survivors (1024K)
 Metaspace       used 70711K, committed 71424K, reserved 491520K
  class space    used 9903K, committed 10240K, reserved 425984K
}
Event: 37.587 GC heap after
{Heap after GC invocations=41 (full 0):
 garbage-first heap   total 138240K, used 86742K [0x0000000080000000, 0x0000000100000000)
  region size 1024K, 2 young (2048K), 2 survivors (2048K)
 Metaspace       used 70711K, committed 71424K, reserved 491520K
  class space    used 9903K, committed 10240K, reserved 425984K
}
Event: 37.900 GC heap before
{Heap before GC invocations=42 (full 0):
 garbage-first heap   total 160768K, used 108246K [0x0000000080000000, 0x0000000100000000)
  region size 1024K, 21 young (21504K), 2 survivors (2048K)
 Metaspace       used 71879K, committed 72576K, reserved 491520K
  class space    used 10064K, committed 10368K, reserved 425984K
}
Event: 37.903 GC heap after
{Heap after GC invocations=43 (full 0):
 garbage-first heap   total 160768K, used 88344K [0x0000000080000000, 0x0000000100000000)
  region size 1024K, 2 young (2048K), 2 survivors (2048K)
 Metaspace       used 71879K, committed 72576K, reserved 491520K
  class space    used 10064K, committed 10368K, reserved 425984K
}
Event: 38.505 GC heap before
{Heap before GC invocations=43 (full 0):
 garbage-first heap   total 160768K, used 120088K [0x0000000080000000, 0x0000000100000000)
  region size 1024K, 33 young (33792K), 2 survivors (2048K)
 Metaspace       used 74066K, committed 74752K, reserved 491520K
  class space    used 10337K, committed 10688K, reserved 425984K
}
Event: 38.510 GC heap after
{Heap after GC invocations=44 (full 0):
 garbage-first heap   total 279552K, used 89941K [0x0000000080000000, 0x0000000100000000)
  region size 1024K, 4 young (4096K), 4 survivors (4096K)
 Metaspace       used 74066K, committed 74752K, reserved 491520K
  class space    used 10337K, committed 10688K, reserved 425984K
}
Event: 48.473 GC heap before
{Heap before GC invocations=45 (full 0):
 garbage-first heap   total 279552K, used 186197K [0x0000000080000000, 0x0000000100000000)
  region size 1024K, 101 young (103424K), 4 survivors (4096K)
 Metaspace       used 78442K, committed 79168K, reserved 557056K
  class space    used 10940K, committed 11264K, reserved 425984K
}
Event: 48.488 GC heap after
{Heap after GC invocations=46 (full 0):
 garbage-first heap   total 279552K, used 92012K [0x0000000080000000, 0x0000000100000000)
  region size 1024K, 10 young (10240K), 10 survivors (10240K)
 Metaspace       used 78442K, committed 79168K, reserved 557056K
  class space    used 10940K, committed 11264K, reserved 425984K
}
Event: 51.055 GC heap before
{Heap before GC invocations=46 (full 0):
 garbage-first heap   total 279552K, used 197484K [0x0000000080000000, 0x0000000100000000)
  region size 1024K, 112 young (114688K), 10 survivors (10240K)
 Metaspace       used 85381K, committed 86144K, reserved 557056K
  class space    used 12068K, committed 12416K, reserved 425984K
}
Event: 51.067 GC heap after
{Heap after GC invocations=47 (full 0):
 garbage-first heap   total 279552K, used 96671K [0x0000000080000000, 0x0000000100000000)
  region size 1024K, 11 young (11264K), 11 survivors (11264K)
 Metaspace       used 85381K, committed 86144K, reserved 557056K
  class space    used 12068K, committed 12416K, reserved 425984K
}

Deoptimization events (20 events):
Event: 50.917 Thread 0x0000021751117550 DEOPT PACKING pc=0x000002172263f548 sp=0x000000c0492f5020
Event: 50.917 Thread 0x0000021751117550 DEOPT UNPACKING pc=0x0000021722005ba3 sp=0x000000c0492f4f88 mode 2
Event: 50.973 Thread 0x0000021751117550 Uncommon trap: trap_request=0xffffffbe fr.pc=0x00000217225d7ac0 relative=0x00000000000001a0
Event: 50.974 Thread 0x0000021751117550 Uncommon trap: reason=profile_predicate action=maybe_recompile pc=0x00000217225d7ac0 method=java.util.LinkedHashMap.keysToArray([Ljava/lang/Object;)[Ljava/lang/Object; @ 12 c2
Event: 50.974 Thread 0x0000021751117550 DEOPT PACKING pc=0x00000217225d7ac0 sp=0x000000c0492f4c70
Event: 50.974 Thread 0x0000021751117550 DEOPT UNPACKING pc=0x0000021722005ba3 sp=0x000000c0492f4c28 mode 2
Event: 51.228 Thread 0x0000021751117550 Uncommon trap: trap_request=0xffffff45 fr.pc=0x0000021722a81148 relative=0x0000000000000268
Event: 51.228 Thread 0x0000021751117550 Uncommon trap: reason=unstable_if action=reinterpret pc=0x0000021722a81148 method=org.gradle.internal.reflect.PropertyAccessorType.of(Ljava/lang/reflect/Method;)Lorg/gradle/internal/reflect/PropertyAccessorType; @ 74 c2
Event: 51.228 Thread 0x0000021751117550 DEOPT PACKING pc=0x0000021722a81148 sp=0x000000c0492f6a70
Event: 51.228 Thread 0x0000021751117550 DEOPT UNPACKING pc=0x0000021722005ba3 sp=0x000000c0492f6a30 mode 2
Event: 51.238 Thread 0x0000021751117550 Uncommon trap: trap_request=0xffffff45 fr.pc=0x00000217229b1538 relative=0x00000000000004f8
Event: 51.238 Thread 0x0000021751117550 Uncommon trap: reason=unstable_if action=reinterpret pc=0x00000217229b1538 method=groovy.lang.MetaClassImpl.filterPropertyMethod(Ljava/lang/Object;ZZ)Ljava/lang/Object; @ 80 c2
Event: 51.238 Thread 0x0000021751117550 DEOPT PACKING pc=0x00000217229b1538 sp=0x000000c0492f60f0
Event: 51.238 Thread 0x0000021751117550 DEOPT UNPACKING pc=0x0000021722005ba3 sp=0x000000c0492f6050 mode 2
Event: 51.562 Thread 0x0000021751117550 DEOPT PACKING pc=0x000002171ab9b0c4 sp=0x000000c0492f75e0
Event: 51.562 Thread 0x0000021751117550 DEOPT UNPACKING pc=0x00000217220066e3 sp=0x000000c0492f6b10 mode 0
Event: 51.583 Thread 0x0000021751117550 DEOPT PACKING pc=0x000002171b463625 sp=0x000000c0492f7650
Event: 51.583 Thread 0x0000021751117550 DEOPT UNPACKING pc=0x00000217220066e3 sp=0x000000c0492f6bf0 mode 0
Event: 51.833 Thread 0x0000021751117550 DEOPT PACKING pc=0x000002171b6234ee sp=0x000000c0492f4e70
Event: 51.833 Thread 0x0000021751117550 DEOPT UNPACKING pc=0x00000217220066e3 sp=0x000000c0492f4320 mode 0

Classes unloaded (0 events):
No events

Classes redefined (0 events):
No events

Internal exceptions (20 events):
Event: 51.802 Thread 0x0000021751117550 Exception <a 'java/lang/ClassNotFoundException'{0x000000008fab9768}: com/android/build/gradle/internal/dsl/LintOptionsCustomizer> (0x000000008fab9768) 
thrown [s\open\src\hotspot\share\classfile\systemDictionary.cpp, line 256]
Event: 51.807 Thread 0x0000021751117550 Exception <a 'java/lang/ClassNotFoundException'{0x000000008f904140}: com/android/build/gradle/internal/dsl/LintOptions_DecoratedCustomizer> (0x000000008f904140) 
thrown [s\open\src\hotspot\share\classfile\systemDictionary.cpp, line 256]
Event: 51.836 Thread 0x0000021751117550 Exception <a 'java/lang/ClassNotFoundException'{0x000000008f82fe98}: com/google/common/collect/RegularImmutableSetBeanInfo> (0x000000008f82fe98) 
thrown [s\open\src\hotspot\share\classfile\systemDictionary.cpp, line 256]
Event: 51.839 Thread 0x0000021751117550 Exception <a 'java/lang/ClassNotFoundException'{0x000000008f83e430}: com/google/common/collect/ImmutableSet$CachingAsListBeanInfo> (0x000000008f83e430) 
thrown [s\open\src\hotspot\share\classfile\systemDictionary.cpp, line 256]
Event: 51.840 Thread 0x0000021751117550 Exception <a 'java/lang/ClassNotFoundException'{0x000000008f84c478}: com/google/common/collect/ImmutableSet$CachingAsListCustomizer> (0x000000008f84c478) 
thrown [s\open\src\hotspot\share\classfile\systemDictionary.cpp, line 256]
Event: 51.842 Thread 0x0000021751117550 Exception <a 'java/lang/ClassNotFoundException'{0x000000008f85fc20}: com/google/common/collect/RegularImmutableSetCustomizer> (0x000000008f85fc20) 
thrown [s\open\src\hotspot\share\classfile\systemDictionary.cpp, line 256]
Event: 51.862 Thread 0x0000021751117550 Exception <a 'java/lang/ClassNotFoundException'{0x000000008f70a8a0}: org/gradle/api/internal/artifacts/repositories/DefaultMavenArtifactRepository_DecoratedBeanInfo> (0x000000008f70a8a0) 
thrown [s\open\src\hotspot\share\classfile\systemDictionary.cpp, line 256]
Event: 51.866 Thread 0x0000021751117550 Exception <a 'java/lang/ClassNotFoundException'{0x000000008f7261b8}: org/gradle/api/internal/artifacts/repositories/DefaultMavenArtifactRepositoryBeanInfo> (0x000000008f7261b8) 
thrown [s\open\src\hotspot\share\classfile\systemDictionary.cpp, line 256]
Event: 51.876 Thread 0x0000021751117550 Exception <a 'java/lang/ClassNotFoundException'{0x000000008f741c68}: org/gradle/api/internal/artifacts/repositories/AbstractAuthenticationSupportedRepositoryBeanInfo> (0x000000008f741c68) 
thrown [s\open\src\hotspot\share\classfile\systemDictionary.cpp, line 256]
Event: 51.879 Thread 0x0000021751117550 Exception <a 'java/lang/ClassNotFoundException'{0x000000008f75d728}: org/gradle/api/internal/artifacts/repositories/AbstractResolutionAwareArtifactRepositoryBeanInfo> (0x000000008f75d728) 
thrown [s\open\src\hotspot\share\classfile\systemDictionary.cpp, line 256]
Event: 51.880 Thread 0x0000021751117550 Exception <a 'java/lang/ClassNotFoundException'{0x000000008f7797b8}: org/gradle/api/internal/artifacts/repositories/AbstractArtifactRepositoryBeanInfo> (0x000000008f7797b8) 
thrown [s\open\src\hotspot\share\classfile\systemDictionary.cpp, line 256]
Event: 51.882 Thread 0x0000021751117550 Exception <a 'java/lang/ClassNotFoundException'{0x000000008f795560}: org/gradle/api/internal/artifacts/repositories/AbstractArtifactRepositoryCustomizer> (0x000000008f795560) 
thrown [s\open\src\hotspot\share\classfile\systemDictionary.cpp, line 256]
Event: 51.886 Thread 0x0000021751117550 Exception <a 'java/lang/ClassNotFoundException'{0x000000008f7cc3c8}: org/gradle/api/internal/artifacts/repositories/AbstractResolutionAwareArtifactRepositoryCustomizer> (0x000000008f7cc3c8) 
thrown [s\open\src\hotspot\share\classfile\systemDictionary.cpp, line 256]
Event: 51.893 Thread 0x0000021751117550 Exception <a 'java/lang/ClassNotFoundException'{0x000000008f7f0e98}: org/gradle/api/internal/artifacts/repositories/AbstractAuthenticationSupportedRepositoryCustomizer> (0x000000008f7f0e98) 
thrown [s\open\src\hotspot\share\classfile\systemDictionary.cpp, line 256]
Event: 51.896 Thread 0x0000021751117550 Exception <a 'java/lang/ClassNotFoundException'{0x000000008f61f590}: org/gradle/api/internal/artifacts/repositories/DefaultMavenArtifactRepositoryCustomizer> (0x000000008f61f590) 
thrown [s\open\src\hotspot\share\classfile\systemDictionary.cpp, line 256]
Event: 51.899 Thread 0x0000021751117550 Exception <a 'java/lang/ClassNotFoundException'{0x000000008f653648}: org/gradle/api/internal/artifacts/repositories/DefaultMavenArtifactRepository_DecoratedCustomizer> (0x000000008f653648) 
thrown [s\open\src\hotspot\share\classfile\systemDictionary.cpp, line 256]
Event: 51.910 Thread 0x0000021751117550 Exception <a 'java/lang/ClassNotFoundException'{0x000000008f54b5e0}: sun/nio/fs/WindowsPathBeanInfo> (0x000000008f54b5e0) 
thrown [s\open\src\hotspot\share\classfile\systemDictionary.cpp, line 256]
Event: 51.911 Thread 0x0000021751117550 Exception <a 'java/lang/ClassNotFoundException'{0x000000008f556368}: sun/nio/fs/WindowsPathCustomizer> (0x000000008f556368) 
thrown [s\open\src\hotspot\share\classfile\systemDictionary.cpp, line 256]
Event: 51.920 Thread 0x0000021751117550 Exception <a 'java/lang/ClassNotFoundException'{0x000000008f5c4ba8}: java/nio/file/PathsBeanInfo> (0x000000008f5c4ba8) 
thrown [s\open\src\hotspot\share\classfile\systemDictionary.cpp, line 256]
Event: 51.921 Thread 0x0000021751117550 Exception <a 'java/lang/ClassNotFoundException'{0x000000008f5cf8c0}: java/nio/file/PathsCustomizer> (0x000000008f5cf8c0) 
thrown [s\open\src\hotspot\share\classfile\systemDictionary.cpp, line 256]

VM Operations (20 events):
Event: 43.697 Executing VM operation: Cleanup
Event: 43.697 Executing VM operation: Cleanup done
Event: 45.722 Executing VM operation: Cleanup
Event: 45.723 Executing VM operation: Cleanup done
Event: 47.738 Executing VM operation: Cleanup
Event: 47.738 Executing VM operation: Cleanup done
Event: 48.310 Executing VM operation: HandshakeAllThreads
Event: 48.310 Executing VM operation: HandshakeAllThreads done
Event: 48.472 Executing VM operation: G1CollectForAllocation
Event: 48.488 Executing VM operation: G1CollectForAllocation done
Event: 48.531 Executing VM operation: HandshakeAllThreads
Event: 48.531 Executing VM operation: HandshakeAllThreads done
Event: 49.538 Executing VM operation: Cleanup
Event: 49.539 Executing VM operation: Cleanup done
Event: 50.543 Executing VM operation: Cleanup
Event: 50.543 Executing VM operation: Cleanup done
Event: 51.055 Executing VM operation: G1CollectForAllocation
Event: 51.067 Executing VM operation: G1CollectForAllocation done
Event: 51.482 Executing VM operation: ICBufferFull
Event: 51.482 Executing VM operation: ICBufferFull done

Events (20 events):
Event: 51.280 loading class java/util/LinkedHashMapCustomizer done
Event: 51.343 Thread 0x00000217547917a0 Thread added: 0x00000217547917a0
Event: 51.909 loading class sun/nio/fs/WindowsPathBeanInfo
Event: 51.909 loading class sun/nio/fs/WindowsPathBeanInfo done
Event: 51.910 loading class sun/nio/fs/WindowsPathBeanInfo
Event: 51.910 loading class sun/nio/fs/WindowsPathBeanInfo done
Event: 51.910 loading class sun/nio/fs/WindowsPathCustomizer
Event: 51.910 loading class sun/nio/fs/WindowsPathCustomizer done
Event: 51.911 loading class sun/nio/fs/WindowsPathCustomizer
Event: 51.911 loading class sun/nio/fs/WindowsPathCustomizer done
Event: 51.913 loading class java/nio/file/WatchEvent
Event: 51.913 loading class java/nio/file/WatchEvent done
Event: 51.919 loading class java/nio/file/PathsBeanInfo
Event: 51.919 loading class java/nio/file/PathsBeanInfo done
Event: 51.920 loading class java/nio/file/PathsBeanInfo
Event: 51.920 loading class java/nio/file/PathsBeanInfo done
Event: 51.920 loading class java/nio/file/PathsCustomizer
Event: 51.920 loading class java/nio/file/PathsCustomizer done
Event: 51.920 loading class java/nio/file/PathsCustomizer
Event: 51.920 loading class java/nio/file/PathsCustomizer done


Dynamic libraries:
0x00007ff7800b0000 - 0x00007ff7800c0000 	C:\Program Files\Java\jdk-17\bin\java.exe
0x00007ffd90030000 - 0x00007ffd90228000 	C:\WINDOWS\SYSTEM32\ntdll.dll
0x00007ffd8f680000 - 0x00007ffd8f73d000 	C:\WINDOWS\System32\KERNEL32.DLL
0x00007ffd8dbf0000 - 0x00007ffd8dee6000 	C:\WINDOWS\System32\KERNELBASE.dll
0x00007ffd8def0000 - 0x00007ffd8dff0000 	C:\WINDOWS\System32\ucrtbase.dll
0x00007ffd805c0000 - 0x00007ffd805db000 	C:\Program Files\Java\jdk-17\bin\VCRUNTIME140.dll
0x00007ffd80830000 - 0x00007ffd80849000 	C:\Program Files\Java\jdk-17\bin\jli.dll
0x00007ffd8f740000 - 0x00007ffd8f7f3000 	C:\WINDOWS\System32\ADVAPI32.dll
0x00007ffd8e070000 - 0x00007ffd8e10e000 	C:\WINDOWS\System32\msvcrt.dll
0x00007ffd8e910000 - 0x00007ffd8e9af000 	C:\WINDOWS\System32\sechost.dll
0x00007ffd8eff0000 - 0x00007ffd8f116000 	C:\WINDOWS\System32\RPCRT4.dll
0x00007ffd8dff0000 - 0x00007ffd8e017000 	C:\WINDOWS\System32\bcrypt.dll
0x00007ffd8f4e0000 - 0x00007ffd8f67e000 	C:\WINDOWS\System32\USER32.dll
0x00007ffd8d6f0000 - 0x00007ffd8d712000 	C:\WINDOWS\System32\win32u.dll
0x00007ffd7c090000 - 0x00007ffd7c32a000 	C:\WINDOWS\WinSxS\amd64_microsoft.windows.common-controls_6595b64144ccf1df_6.0.19041.3636_none_60b6a03d71f818d5\COMCTL32.dll
0x00007ffd8f870000 - 0x00007ffd8f89b000 	C:\WINDOWS\System32\GDI32.dll
0x00007ffd8da40000 - 0x00007ffd8db57000 	C:\WINDOWS\System32\gdi32full.dll
0x00007ffd8d8f0000 - 0x00007ffd8d98d000 	C:\WINDOWS\System32\msvcp_win.dll
0x00007ffd86b50000 - 0x00007ffd86b5a000 	C:\WINDOWS\SYSTEM32\VERSION.dll
0x00007ffd8f240000 - 0x00007ffd8f272000 	C:\WINDOWS\System32\IMM32.DLL
0x00007ffd85b30000 - 0x00007ffd85b3c000 	C:\Program Files\Java\jdk-17\bin\vcruntime140_1.dll
0x00007ffd56950000 - 0x00007ffd569de000 	C:\Program Files\Java\jdk-17\bin\msvcp140.dll
0x00007ffd2f0a0000 - 0x00007ffd2fc7f000 	C:\Program Files\Java\jdk-17\bin\server\jvm.dll
0x00007ffd8f800000 - 0x00007ffd8f808000 	C:\WINDOWS\System32\PSAPI.DLL
0x00007ffd821b0000 - 0x00007ffd821b9000 	C:\WINDOWS\SYSTEM32\WSOCK32.dll
0x00007ffd7d070000 - 0x00007ffd7d097000 	C:\WINDOWS\SYSTEM32\WINMM.dll
0x00007ffd8f470000 - 0x00007ffd8f4db000 	C:\WINDOWS\System32\WS2_32.dll
0x00007ffd8b740000 - 0x00007ffd8b752000 	C:\WINDOWS\SYSTEM32\kernel.appcore.dll
0x00007ffd84190000 - 0x00007ffd8419a000 	C:\Program Files\Java\jdk-17\bin\jimage.dll
0x00007ffd8b4d0000 - 0x00007ffd8b6b4000 	C:\WINDOWS\SYSTEM32\DBGHELP.DLL
0x00007ffd74a30000 - 0x00007ffd74a64000 	C:\WINDOWS\SYSTEM32\dbgcore.DLL
0x00007ffd8db60000 - 0x00007ffd8dbe2000 	C:\WINDOWS\System32\bcryptPrimitives.dll
0x00007ffd810c0000 - 0x00007ffd810ce000 	C:\Program Files\Java\jdk-17\bin\instrument.dll
0x00007ffd74e40000 - 0x00007ffd74e65000 	C:\Program Files\Java\jdk-17\bin\java.dll
0x00007ffd526a0000 - 0x00007ffd52777000 	C:\Program Files\Java\jdk-17\bin\jsvml.dll
0x00007ffd8f8a0000 - 0x00007ffd8ffe5000 	C:\WINDOWS\System32\SHELL32.dll
0x00007ffd8b760000 - 0x00007ffd8befc000 	C:\WINDOWS\SYSTEM32\windows.storage.dll
0x00007ffd8eb80000 - 0x00007ffd8eed4000 	C:\WINDOWS\System32\combase.dll
0x00007ffd8d120000 - 0x00007ffd8d14e000 	C:\WINDOWS\SYSTEM32\Wldp.dll
0x00007ffd8f290000 - 0x00007ffd8f35d000 	C:\WINDOWS\System32\OLEAUT32.dll
0x00007ffd8ef40000 - 0x00007ffd8efed000 	C:\WINDOWS\System32\SHCORE.dll
0x00007ffd8f810000 - 0x00007ffd8f865000 	C:\WINDOWS\System32\shlwapi.dll
0x00007ffd8d620000 - 0x00007ffd8d645000 	C:\WINDOWS\SYSTEM32\profapi.dll
0x00007ffd7f850000 - 0x00007ffd7f868000 	C:\Program Files\Java\jdk-17\bin\zip.dll
0x00007ffd803e0000 - 0x00007ffd803f9000 	C:\Program Files\Java\jdk-17\bin\net.dll
0x00007ffd83e50000 - 0x00007ffd83f5a000 	C:\WINDOWS\SYSTEM32\WINHTTP.dll
0x00007ffd8ce80000 - 0x00007ffd8ceea000 	C:\WINDOWS\system32\mswsock.dll
0x00007ffd7f8a0000 - 0x00007ffd7f8b6000 	C:\Program Files\Java\jdk-17\bin\nio.dll
0x00007ffd83650000 - 0x00007ffd83660000 	C:\Program Files\Java\jdk-17\bin\verify.dll
0x00007ffd729b0000 - 0x00007ffd729d7000 	C:\Users\cheta\.gradle\native\68d5fa5c4cc2d200863cafc0d521ce42e7d3e7ee720ec0a83991735586a16f82\windows-amd64\native-platform.dll
0x00007ffd4a870000 - 0x00007ffd4a9b4000 	C:\Users\cheta\.gradle\native\e376f236ea51e6404a007f0833ffe2c6e607c4080706a723a18a27aeea778392\windows-amd64\native-platform-file-events.dll
0x00007ffd83160000 - 0x00007ffd8316a000 	C:\Program Files\Java\jdk-17\bin\management.dll
0x00007ffd82230000 - 0x00007ffd8223b000 	C:\Program Files\Java\jdk-17\bin\management_ext.dll
0x00007ffd8d070000 - 0x00007ffd8d088000 	C:\WINDOWS\SYSTEM32\CRYPTSP.dll
0x00007ffd8c720000 - 0x00007ffd8c754000 	C:\WINDOWS\system32\rsaenh.dll
0x00007ffd8d5a0000 - 0x00007ffd8d5ce000 	C:\WINDOWS\SYSTEM32\USERENV.dll
0x00007ffd8d090000 - 0x00007ffd8d09c000 	C:\WINDOWS\SYSTEM32\CRYPTBASE.dll
0x00007ffd8cb20000 - 0x00007ffd8cb5b000 	C:\WINDOWS\SYSTEM32\IPHLPAPI.DLL
0x00007ffd8f280000 - 0x00007ffd8f288000 	C:\WINDOWS\System32\NSI.dll
0x00007ffd81470000 - 0x00007ffd81487000 	C:\WINDOWS\SYSTEM32\dhcpcsvc6.DLL
0x00007ffd87280000 - 0x00007ffd8729d000 	C:\WINDOWS\SYSTEM32\dhcpcsvc.DLL
0x00007ffd8cb60000 - 0x00007ffd8cc2b000 	C:\WINDOWS\SYSTEM32\DNSAPI.dll
0x00007ffd80a20000 - 0x00007ffd80a2e000 	C:\Program Files\Java\jdk-17\bin\sunmscapi.dll
0x00007ffd8d790000 - 0x00007ffd8d8ed000 	C:\WINDOWS\System32\CRYPT32.dll
0x00007ffd8d190000 - 0x00007ffd8d1b8000 	C:\WINDOWS\SYSTEM32\ncrypt.dll
0x00007ffd8d150000 - 0x00007ffd8d18b000 	C:\WINDOWS\SYSTEM32\NTASN1.dll
0x00007ffd7e740000 - 0x00007ffd7e747000 	C:\WINDOWS\system32\wshunix.dll
0x00007ffd6d100000 - 0x00007ffd6d117000 	C:\WINDOWS\system32\napinsp.dll
0x00007ffd6d0e0000 - 0x00007ffd6d0fb000 	C:\WINDOWS\system32\pnrpnsp.dll
0x00007ffd84350000 - 0x00007ffd84365000 	C:\WINDOWS\system32\wshbth.dll
0x00007ffd84170000 - 0x00007ffd8418d000 	C:\WINDOWS\system32\NLAapi.dll
0x00007ffd6d0c0000 - 0x00007ffd6d0d2000 	C:\WINDOWS\System32\winrnr.dll
0x00007ffd82540000 - 0x00007ffd8254a000 	C:\Windows\System32\rasadhlp.dll
0x00007ffd80dc0000 - 0x00007ffd80e40000 	C:\WINDOWS\System32\fwpuclnt.dll

dbghelp: loaded successfully - version: 4.0.5 - missing functions: none
symbol engine: initialized successfully - sym options: 0x614 - pdb path: .;C:\Program Files\Java\jdk-17\bin;C:\WINDOWS\SYSTEM32;C:\WINDOWS\WinSxS\amd64_microsoft.windows.common-controls_6595b64144ccf1df_6.0.19041.3636_none_60b6a03d71f818d5;C:\Program Files\Java\jdk-17\bin\server;C:\Users\cheta\.gradle\native\68d5fa5c4cc2d200863cafc0d521ce42e7d3e7ee720ec0a83991735586a16f82\windows-amd64;C:\Users\cheta\.gradle\native\e376f236ea51e6404a007f0833ffe2c6e607c4080706a723a18a27aeea778392\windows-amd64

VM Arguments:
jvm_args: -XX:MaxMetaspaceSize=512m --add-opens=java.base/java.util=ALL-UNNAMED --add-opens=java.base/java.lang=ALL-UNNAMED --add-opens=java.base/java.lang.invoke=ALL-UNNAMED --add-opens=java.prefs/java.util.prefs=ALL-UNNAMED --add-opens=java.base/java.nio.charset=ALL-UNNAMED --add-opens=java.base/java.net=ALL-UNNAMED --add-opens=java.base/java.util.concurrent.atomic=ALL-UNNAMED -Xmx2048m -Dfile.encoding=windows-1252 -Duser.country=GB -Duser.language=en -Duser.variant -javaagent:C:\Users\cheta\.gradle\wrapper\dists\gradle-8.3-all\6en3ugtfdg5xnpx44z4qbwgas\gradle-8.3\lib\agents\gradle-instrumentation-agent-8.3.jar 
java_command: org.gradle.launcher.daemon.bootstrap.GradleDaemon 8.3
java_class_path (initial): C:\Users\cheta\.gradle\wrapper\dists\gradle-8.3-all\6en3ugtfdg5xnpx44z4qbwgas\gradle-8.3\lib\gradle-launcher-8.3.jar
Launcher Type: SUN_STANDARD

[Global flags]
     intx CICompilerCount                          = 4                                         {product} {ergonomic}
   size_t CompressedClassSpaceSize                 = 436207616                                 {product} {ergonomic}
     uint ConcGCThreads                            = 2                                         {product} {ergonomic}
     uint G1ConcRefinementThreads                  = 8                                         {product} {ergonomic}
   size_t G1HeapRegionSize                         = 1048576                                   {product} {ergonomic}
    uintx GCDrainStackTargetSize                   = 64                                        {product} {ergonomic}
   size_t InitialHeapSize                          = 262144000                                 {product} {ergonomic}
   size_t MarkStackSize                            = 4194304                                   {product} {ergonomic}
   size_t MaxHeapSize                              = 2147483648                                {product} {command line}
   size_t MaxMetaspaceSize                         = 536870912                                 {product} {command line}
   size_t MaxNewSize                               = 1287651328                                {product} {ergonomic}
   size_t MinHeapDeltaBytes                        = 1048576                                   {product} {ergonomic}
   size_t MinHeapSize                              = 8388608                                   {product} {ergonomic}
    uintx NonNMethodCodeHeapSize                   = 5839372                                {pd product} {ergonomic}
    uintx NonProfiledCodeHeapSize                  = 122909434                              {pd product} {ergonomic}
    uintx ProfiledCodeHeapSize                     = 122909434                              {pd product} {ergonomic}
    uintx ReservedCodeCacheSize                    = 251658240                              {pd product} {ergonomic}
     bool SegmentedCodeCache                       = true                                      {product} {ergonomic}
   size_t SoftMaxHeapSize                          = 2147483648                             {manageable} {ergonomic}
     bool UseCompressedClassPointers               = true                           {product lp64_product} {ergonomic}
     bool UseCompressedOops                        = true                           {product lp64_product} {ergonomic}
     bool UseG1GC                                  = true                                      {product} {ergonomic}
     bool UseLargePagesIndividualAllocation        = false                                  {pd product} {ergonomic}

Logging:
Log output configuration:
 #0: stdout all=warning uptime,level,tags
 #1: stderr all=off uptime,level,tags

Environment Variables:
JAVA_HOME=C:\Program Files\Java\jdk-17
CLASSPATH=C:\Users\cheta\Desktop\React\Motive\android\\gradle\wrapper\gradle-wrapper.jar
PATH=C:\Users\cheta\Desktop\React\Motive\node_modules\.bin;C:\Users\cheta\Desktop\React\node_modules\.bin;C:\Users\cheta\Desktop\node_modules\.bin;C:\Users\cheta\node_modules\.bin;C:\Users\node_modules\.bin;C:\node_modules\.bin;C:\Users\cheta\AppData\Roaming\npm\node_modules\npm\node_modules\@npmcli\run-script\lib\node-gyp-bin;C:\Program Files\Common Files\Oracle\Java\javapath;C:\Program Files (x86)\Common Files\Intel\Shared Libraries\redist\intel64\compiler;C:\windows\system32;C:\windows;C:\windows\System32\Wbem;C:\windows\System32\WindowsPowerShell\v1.0\;C:\windows\System32\OpenSSH\;C:\Program Files\NVIDIA Corporation\NVIDIA NvDLISR;C:\Program Files (x86)\NVIDIA Corporation\PhysX\Common;C:\WINDOWS\system32;C:\WINDOWS;C:\WINDOWS\System32\Wbem;C:\WINDOWS\System32\WindowsPowerShell\v1.0\;C:\WINDOWS\System32\OpenSSH\;C:\Program Files\PuTTY\;C:\Program Files\Git\cmd;C:\Program Files\nodejs\;C:\Users\cheta\AppData\Local\Android\Sdk\tools;C:\Users\cheta\AppData\Local\jdk-11.0.2\bin;C:\Users\cheta\AppData\Local\Microsoft\WindowsApps;C:\Users\cheta\AppData\Local\Programs\Microsoft VS Code\bin;C:\ghcup\bin;C:\Users\cheta\AppData\Local\Android\Sdk\platform-tools;C:\Program Files (x86)\Java\jre1.8.0_351\bin;C:\Users\cheta\AppData\Roaming\npm
USERNAME=cheta
LANG=en_US.UTF-8
OS=Windows_NT
PROCESSOR_IDENTIFIER=Intel64 Family 6 Model 126 Stepping 5, GenuineIntel



---------------  S Y S T E M  ---------------

OS:
 Windows 10 , 64 bit Build 19041 (10.0.19041.3636)
OS uptime: 3 days 19:43 hours
Hyper-V role detected

CPU: total 8 (initial active 8) (4 cores per cpu, 2 threads per core) family 6 model 126 stepping 5 microcode 0xb0, cx8, cmov, fxsr, ht, mmx, 3dnowpref, sse, sse2, sse3, ssse3, sse4.1, sse4.2, popcnt, lzcnt, tsc, tscinvbit, avx, avx2, aes, erms, clmul, bmi1, bmi2, adx, avx512f, avx512dq, avx512cd, avx512bw, avx512vl, sha, fma, vzeroupper, avx512_vpopcntdq, avx512_vpclmulqdq, avx512_vaes, avx512_vnni, clflush, clflushopt, avx512_vbmi2, avx512_vbmi, hv

Memory: 4k page, system-wide physical 15970M (2664M free)
TotalPageFile size 20066M (AvailPageFile size 0M)
current process WorkingSet (physical memory assigned to process): 523M, peak: 524M
current process commit charge ("private bytes"): 575M, peak: 579M

vm_info: Java HotSpot(TM) 64-Bit Server VM (17.0.10+11-LTS-240) for windows-amd64 JRE (17.0.10+11-LTS-240), built on Dec 19 2023 21:47:25 by "mach5one" with MS VC++ 17.1 (VS2022)

END.
