#
# There is insufficient memory for the Java Runtime Environment to continue.
# Native memory allocation (malloc) failed to allocate 586256 bytes for Chunk::new
# Possible reasons:
#   The system is out of physical RAM or swap space
#   The process is running with CompressedOops enabled, and the Java Heap may be blocking the growth of the native heap
# Possible solutions:
#   Reduce memory load on the system
#   Increase physical memory or swap space
#   Check if swap backing store is full
#   Decrease Java heap size (-Xmx/-Xms)
#   Decrease number of Java threads
#   Decrease Java thread stack sizes (-Xss)
#   Set larger code cache with -XX:ReservedCodeCacheSize=
#   JVM is running with Unscaled Compressed Oops mode in which the Java heap is
#     placed in the first 4GB address space. The Java Heap base address is the
#     maximum limit for the native heap growth. Please use -XX:HeapBaseMinAddress
#     to set the Java Heap base and to place the Java Heap above 4GB virtual address.
# This output file may be truncated or incomplete.
#
#  Out of Memory Error (./open/src/hotspot/share/memory/arena.cpp:197), pid=26080, tid=1436
#
# JRE version: Java(TM) SE Runtime Environment 18.9 (11.0.17+10) (build 11.0.17+10-LTS-269)
# Java VM: Java HotSpot(TM) 64-Bit Server VM 18.9 (11.0.17+10-LTS-269, mixed mode, tiered, compressed oops, g1 gc, windows-amd64)
# No core dump will be written. Minidumps are not enabled by default on client versions of Windows
#

---------------  S U M M A R Y ------------

Command Line: -XX:MaxMetaspaceSize=512m --add-opens=java.base/java.util=ALL-UNNAMED --add-opens=java.base/java.lang=ALL-UNNAMED --add-opens=java.base/java.lang.invoke=ALL-UNNAMED --add-opens=java.prefs/java.util.prefs=ALL-UNNAMED --add-opens=java.base/java.nio.charset=ALL-UNNAMED --add-opens=java.base/java.net=ALL-UNNAMED --add-opens=java.base/java.util.concurrent.atomic=ALL-UNNAMED -Xmx2048m -Dfile.encoding=windows-1252 -Duser.country=GB -Duser.language=en -Duser.variant org.gradle.launcher.daemon.bootstrap.GradleDaemon 8.0.1

Host: Intel(R) Core(TM) i7-1065G7 CPU @ 1.30GHz, 8 cores, 15G,  Windows 10 , 64 bit Build 19041 (10.0.19041.3636)
Time: Thu Jan 11 13:50:20 2024 GMT Standard Time elapsed time: 34.921803 seconds (0d 0h 0m 34s)

---------------  T H R E A D  ---------------

Current thread (0x000002355440d000):  JavaThread "C2 CompilerThread1" daemon [_thread_in_native, id=1436, stack(0x000000ec94700000,0x000000ec94800000)]


Current CompileTask:
C2:  34922 7470       4       java.util.regex.Pattern::split (290 bytes)

Stack: [0x000000ec94700000,0x000000ec94800000]
Native frames: (J=compiled Java code, j=interpreted, Vv=VM code, C=native code)
V  [jvm.dll+0x62b5da]
V  [jvm.dll+0x7653df]
V  [jvm.dll+0x766a89]
V  [jvm.dll+0x767113]
V  [jvm.dll+0x23dd28]
V  [jvm.dll+0xb2a1c]
V  [jvm.dll+0xb2fdc]
V  [jvm.dll+0x2aeaa4]
V  [jvm.dll+0x53e83b]
V  [jvm.dll+0x200b17]
V  [jvm.dll+0x1fa89a]
V  [jvm.dll+0x1f77dd]
V  [jvm.dll+0x177c91]
V  [jvm.dll+0x207296]
V  [jvm.dll+0x20542b]
V  [jvm.dll+0x72b2c0]
V  [jvm.dll+0x723e64]
V  [jvm.dll+0x62a485]
C  [ucrtbase.dll+0x21bb2]
C  [KERNEL32.DLL+0x17344]
C  [ntdll.dll+0x526b1]


---------------  P R O C E S S  ---------------

Threads class SMR info:
_java_thread_list=0x0000023556a6e880, length=105, elements={
0x00000235301be800, 0x0000023550a07000, 0x0000023550a13000, 0x0000023550a27800,
0x0000023550a2b800, 0x0000023550a73000, 0x0000023550a74800, 0x0000023550a7a800,
0x0000023550a7e000, 0x0000023550bdf000, 0x0000023553258000, 0x0000023550d89000,
0x0000023552d71800, 0x00000235534b7800, 0x000002355269e000, 0x0000023552bf9000,
0x0000023552642000, 0x00000235532a5800, 0x0000023552e04800, 0x0000023552f0b800,
0x0000023552f0c000, 0x0000023552f0d000, 0x0000023552f08000, 0x0000023552f09000,
0x0000023552f09800, 0x0000023552f0a800, 0x0000023552f07800, 0x0000023552f0e000,
0x0000023554808800, 0x0000023554805000, 0x0000023554802800, 0x0000023554809000,
0x0000023554806800, 0x000002355480d000, 0x0000023554807800, 0x000002355480a000,
0x000002355480b800, 0x000002355480e000, 0x000002355480f000, 0x000002355480f800,
0x0000023554810800, 0x0000023554811000, 0x0000023554cbc800, 0x0000023554cba800,
0x0000023554cb8000, 0x0000023554cbe000, 0x0000023554cbb800, 0x0000023554cbd000,
0x0000023554cb9000, 0x0000023554cbf000, 0x0000023554cbf800, 0x0000023554cba000,
0x0000023554cc2000, 0x0000023554cc3000, 0x0000023554cc4800, 0x0000023554cc3800,
0x0000023554cc6000, 0x0000023554cc5800, 0x0000023554cc1000, 0x0000023554cc0800,
0x0000023554cc7000, 0x0000023553435000, 0x0000023553439800, 0x0000023553438000,
0x0000023553434000, 0x000002355343a800, 0x0000023553435800, 0x0000023553437800,
0x000002355343c000, 0x000002355440d000, 0x0000023553436800, 0x0000023553439000,
0x000002355343f800, 0x000002355343e000, 0x0000023553440000, 0x0000023553442800,
0x0000023553441000, 0x000002355343d000, 0x0000023553442000, 0x000002355343e800,
0x0000023556ab3000, 0x0000023556aaf000, 0x0000023556ab4000, 0x0000023556aae000,
0x0000023556ab0000, 0x0000023556ab5000, 0x0000023556ab5800, 0x0000023556ab1800,
0x0000023556ab2800, 0x0000023556ab6800, 0x0000023556ab0800, 0x0000023556abc000,
0x0000023556abb800, 0x0000023556ab9000, 0x0000023556abd000, 0x0000023556ab7000,
0x0000023556ab8000, 0x0000023556ab9800, 0x0000023556aba800, 0x00000235582ed000,
0x00000235582e8800, 0x00000235582ec000, 0x00000235582eb000, 0x00000235582e9800,
0x00000235582ea800
}

Java Threads: ( => current thread )
  0x00000235301be800 JavaThread "main" [_thread_blocked, id=28572, stack(0x000000ec92100000,0x000000ec92200000)]
  0x0000023550a07000 JavaThread "Reference Handler" daemon [_thread_blocked, id=9956, stack(0x000000ec92800000,0x000000ec92900000)]
  0x0000023550a13000 JavaThread "Finalizer" daemon [_thread_blocked, id=14412, stack(0x000000ec92900000,0x000000ec92a00000)]
  0x0000023550a27800 JavaThread "Signal Dispatcher" daemon [_thread_blocked, id=6964, stack(0x000000ec92a00000,0x000000ec92b00000)]
  0x0000023550a2b800 JavaThread "Attach Listener" daemon [_thread_blocked, id=28688, stack(0x000000ec92b00000,0x000000ec92c00000)]
  0x0000023550a73000 JavaThread "Service Thread" daemon [_thread_blocked, id=23032, stack(0x000000ec92c00000,0x000000ec92d00000)]
  0x0000023550a74800 JavaThread "C2 CompilerThread0" daemon [_thread_blocked, id=25412, stack(0x000000ec92d00000,0x000000ec92e00000)]
  0x0000023550a7a800 JavaThread "C1 CompilerThread0" daemon [_thread_blocked, id=28516, stack(0x000000ec92e00000,0x000000ec92f00000)]
  0x0000023550a7e000 JavaThread "Sweeper thread" daemon [_thread_blocked, id=9776, stack(0x000000ec92f00000,0x000000ec93000000)]
  0x0000023550bdf000 JavaThread "Common-Cleaner" daemon [_thread_blocked, id=3064, stack(0x000000ec93000000,0x000000ec93100000)]
  0x0000023553258000 JavaThread "Daemon health stats" [_thread_blocked, id=28040, stack(0x000000ec93800000,0x000000ec93900000)]
  0x0000023550d89000 JavaThread "Incoming local TCP Connector on port 60746" [_thread_in_native, id=8292, stack(0x000000ec93200000,0x000000ec93300000)]
  0x0000023552d71800 JavaThread "Daemon periodic checks" [_thread_blocked, id=14488, stack(0x000000ec93900000,0x000000ec93a00000)]
  0x00000235534b7800 JavaThread "Daemon" [_thread_blocked, id=20332, stack(0x000000ec93a00000,0x000000ec93b00000)]
  0x000002355269e000 JavaThread "Handler for socket connection from /127.0.0.1:60746 to /127.0.0.1:60747" [_thread_in_native, id=11680, stack(0x000000ec93b00000,0x000000ec93c00000)]
  0x0000023552bf9000 JavaThread "Cancel handler" [_thread_blocked, id=6888, stack(0x000000ec93c00000,0x000000ec93d00000)]
  0x0000023552642000 JavaThread "Daemon worker" [_thread_blocked, id=26260, stack(0x000000ec93d00000,0x000000ec93e00000)]
  0x00000235532a5800 JavaThread "Asynchronous log dispatcher for DefaultDaemonConnection: socket connection from /127.0.0.1:60746 to /127.0.0.1:60747" [_thread_blocked, id=19184, stack(0x000000ec93e00000,0x000000ec93f00000)]
  0x0000023552e04800 JavaThread "Stdin handler" [_thread_blocked, id=25040, stack(0x000000ec93f00000,0x000000ec94000000)]
  0x0000023552f0b800 JavaThread "Daemon client event forwarder" [_thread_blocked, id=29012, stack(0x000000ec94000000,0x000000ec94100000)]
  0x0000023552f0c000 JavaThread "Cache worker for journal cache (C:\Users\cheta\.gradle\caches\journal-1)" [_thread_blocked, id=18696, stack(0x000000ec94100000,0x000000ec94200000)]
  0x0000023552f0d000 JavaThread "File lock request listener" [_thread_in_native, id=14508, stack(0x000000ec94200000,0x000000ec94300000)]
  0x0000023552f08000 JavaThread "Cache worker for file hash cache (C:\Users\cheta\.gradle\caches\8.0.1\fileHashes)" [_thread_blocked, id=22764, stack(0x000000ec94600000,0x000000ec94700000)]
  0x0000023552f09000 JavaThread "File watcher server" daemon [_thread_in_native, id=22656, stack(0x000000ec94800000,0x000000ec94900000)]
  0x0000023552f09800 JavaThread "File watcher consumer" daemon [_thread_blocked, id=20276, stack(0x000000ec94900000,0x000000ec94a00000)]
  0x0000023552f0a800 JavaThread "Cache worker for checksums cache (C:\Users\cheta\Desktop\React\Motive\android\.gradle\8.0.1\checksums)" [_thread_blocked, id=20368, stack(0x000000ec94a00000,0x000000ec94b00000)]
  0x0000023552f07800 JavaThread "Cache worker for cache directory md-rule (C:\Users\cheta\.gradle\caches\8.0.1\md-rule)" [_thread_blocked, id=12852, stack(0x000000ec94b00000,0x000000ec94c00000)]
  0x0000023552f0e000 JavaThread "Cache worker for file content cache (C:\Users\cheta\.gradle\caches\8.0.1\fileContent)" [_thread_blocked, id=5416, stack(0x000000ec94c00000,0x000000ec94d00000)]
  0x0000023554808800 JavaThread "Cache worker for file hash cache (C:\Users\cheta\Desktop\React\Motive\android\.gradle\8.0.1\fileHashes)" [_thread_blocked, id=22180, stack(0x000000ec94d00000,0x000000ec94e00000)]
  0x0000023554805000 JavaThread "Cache worker for cache directory md-supplier (C:\Users\cheta\.gradle\caches\8.0.1\md-supplier)" [_thread_blocked, id=23012, stack(0x000000ec94e00000,0x000000ec94f00000)]
  0x0000023554802800 JavaThread "Cache worker for execution history cache (C:\Users\cheta\.gradle\caches\8.0.1\executionHistory)" [_thread_blocked, id=21248, stack(0x000000ec94f00000,0x000000ec95000000)]
  0x0000023554809000 JavaThread "jar transforms" [_thread_blocked, id=18104, stack(0x000000ec95100000,0x000000ec95200000)]
  0x0000023554806800 JavaThread "jar transforms Thread 2" [_thread_blocked, id=26340, stack(0x000000ec95200000,0x000000ec95300000)]
  0x000002355480d000 JavaThread "jar transforms Thread 3" [_thread_blocked, id=23204, stack(0x000000ec95300000,0x000000ec95400000)]
  0x0000023554807800 JavaThread "jar transforms Thread 4" [_thread_blocked, id=5728, stack(0x000000ec95400000,0x000000ec95500000)]
  0x000002355480a000 JavaThread "Cache worker for kotlin-dsl (C:\Users\cheta\.gradle\caches\8.0.1\kotlin-dsl)" [_thread_blocked, id=27388, stack(0x000000ec95000000,0x000000ec95100000)]
  0x000002355480b800 JavaThread "jar transforms Thread 5" [_thread_blocked, id=28324, stack(0x000000ec95600000,0x000000ec95700000)]
  0x000002355480e000 JavaThread "jar transforms Thread 6" [_thread_blocked, id=8436, stack(0x000000ec95700000,0x000000ec95800000)]
  0x000002355480f000 JavaThread "Cache worker for dependencies-accessors (C:\Users\cheta\Desktop\React\Motive\android\.gradle\8.0.1\dependencies-accessors)" [_thread_blocked, id=23416, stack(0x000000ec95800000,0x000000ec95900000)]
  0x000002355480f800 JavaThread "Cache worker for Build Output Cleanup Cache (C:\Users\cheta\Desktop\React\Motive\node_modules\@react-native\gradle-plugin\.gradle\buildOutputCleanup)" [_thread_blocked, id=28952, stack(0x000000ec95900000,0x000000ec95a00000)]
  0x0000023554810800 JavaThread "jar transforms Thread 7" [_thread_blocked, id=26744, stack(0x000000ec95a00000,0x000000ec95b00000)]
  0x0000023554811000 JavaThread "Unconstrained build operations" [_thread_blocked, id=16988, stack(0x000000ec95b00000,0x000000ec95c00000)]
  0x0000023554cbc800 JavaThread "Unconstrained build operations Thread 2" [_thread_blocked, id=26012, stack(0x000000ec95c00000,0x000000ec95d00000)]
  0x0000023554cba800 JavaThread "Unconstrained build operations Thread 3" [_thread_blocked, id=24012, stack(0x000000ec95d00000,0x000000ec95e00000)]
  0x0000023554cb8000 JavaThread "Unconstrained build operations Thread 4" [_thread_blocked, id=1592, stack(0x000000ec95e00000,0x000000ec95f00000)]
  0x0000023554cbe000 JavaThread "Unconstrained build operations Thread 5" [_thread_blocked, id=27036, stack(0x000000ec95f00000,0x000000ec96000000)]
  0x0000023554cbb800 JavaThread "Unconstrained build operations Thread 6" [_thread_blocked, id=27428, stack(0x000000ec96000000,0x000000ec96100000)]
  0x0000023554cbd000 JavaThread "Unconstrained build operations Thread 7" [_thread_blocked, id=18820, stack(0x000000ec96100000,0x000000ec96200000)]
  0x0000023554cb9000 JavaThread "Unconstrained build operations Thread 8" [_thread_blocked, id=28548, stack(0x000000ec96200000,0x000000ec96300000)]
  0x0000023554cbf000 JavaThread "Unconstrained build operations Thread 9" [_thread_blocked, id=1076, stack(0x000000ec96300000,0x000000ec96400000)]
  0x0000023554cbf800 JavaThread "Unconstrained build operations Thread 10" [_thread_blocked, id=20508, stack(0x000000ec96400000,0x000000ec96500000)]
  0x0000023554cba000 JavaThread "Unconstrained build operations Thread 11" [_thread_blocked, id=4212, stack(0x000000ec96500000,0x000000ec96600000)]
  0x0000023554cc2000 JavaThread "Unconstrained build operations Thread 12" [_thread_blocked, id=25588, stack(0x000000ec96600000,0x000000ec96700000)]
  0x0000023554cc3000 JavaThread "Unconstrained build operations Thread 13" [_thread_blocked, id=18368, stack(0x000000ec96700000,0x000000ec96800000)]
  0x0000023554cc4800 JavaThread "Unconstrained build operations Thread 14" [_thread_blocked, id=19356, stack(0x000000ec96800000,0x000000ec96900000)]
  0x0000023554cc3800 JavaThread "Unconstrained build operations Thread 15" [_thread_blocked, id=23132, stack(0x000000ec96900000,0x000000ec96a00000)]
  0x0000023554cc6000 JavaThread "Unconstrained build operations Thread 16" [_thread_blocked, id=2240, stack(0x000000ec96a00000,0x000000ec96b00000)]
  0x0000023554cc5800 JavaThread "Unconstrained build operations Thread 17" [_thread_blocked, id=28412, stack(0x000000ec96b00000,0x000000ec96c00000)]
  0x0000023554cc1000 JavaThread "Unconstrained build operations Thread 18" [_thread_blocked, id=29288, stack(0x000000ec96c00000,0x000000ec96d00000)]
  0x0000023554cc0800 JavaThread "Unconstrained build operations Thread 19" [_thread_blocked, id=24092, stack(0x000000ec96d00000,0x000000ec96e00000)]
  0x0000023554cc7000 JavaThread "Unconstrained build operations Thread 20" [_thread_blocked, id=4024, stack(0x000000ec96e00000,0x000000ec96f00000)]
  0x0000023553435000 JavaThread "Unconstrained build operations Thread 21" [_thread_blocked, id=9952, stack(0x000000ec96f00000,0x000000ec97000000)]
  0x0000023553439800 JavaThread "Unconstrained build operations Thread 22" [_thread_blocked, id=28880, stack(0x000000ec97000000,0x000000ec97100000)]
  0x0000023553438000 JavaThread "Unconstrained build operations Thread 23" [_thread_blocked, id=29436, stack(0x000000ec97100000,0x000000ec97200000)]
  0x0000023553434000 JavaThread "Unconstrained build operations Thread 24" [_thread_blocked, id=5920, stack(0x000000ec97200000,0x000000ec97300000)]
  0x000002355343a800 JavaThread "Unconstrained build operations Thread 25" [_thread_blocked, id=28920, stack(0x000000ec97300000,0x000000ec97400000)]
  0x0000023553435800 JavaThread "Unconstrained build operations Thread 26" [_thread_blocked, id=18612, stack(0x000000ec97400000,0x000000ec97500000)]
  0x0000023553437800 JavaThread "jar transforms Thread 8" [_thread_blocked, id=25200, stack(0x000000ec97500000,0x000000ec97600000)]
  0x000002355343c000 JavaThread "Memory manager" [_thread_blocked, id=26528, stack(0x000000ec95500000,0x000000ec95600000)]
=>0x000002355440d000 JavaThread "C2 CompilerThread1" daemon [_thread_in_native, id=1436, stack(0x000000ec94700000,0x000000ec94800000)]
  0x0000023553436800 JavaThread "Cache worker for Build Output Cleanup Cache (C:\Users\cheta\Desktop\React\Motive\android\.gradle\buildOutputCleanup)" [_thread_blocked, id=12444, stack(0x000000ec97700000,0x000000ec97800000)]
  0x0000023553439000 JavaThread "included builds" [_thread_blocked, id=23256, stack(0x000000ec97a00000,0x000000ec97b00000)]
  0x000002355343f800 JavaThread "Execution worker" [_thread_blocked, id=2848, stack(0x000000ec97b00000,0x000000ec97c00000)]
  0x000002355343e000 JavaThread "Execution worker Thread 2" [_thread_blocked, id=12624, stack(0x000000ec97c00000,0x000000ec97d00000)]
  0x0000023553440000 JavaThread "Execution worker Thread 3" [_thread_blocked, id=28876, stack(0x000000ec97d00000,0x000000ec97e00000)]
  0x0000023553442800 JavaThread "Execution worker Thread 4" [_thread_blocked, id=4804, stack(0x000000ec97e00000,0x000000ec97f00000)]
  0x0000023553441000 JavaThread "Execution worker Thread 5" [_thread_blocked, id=18024, stack(0x000000ec97f00000,0x000000ec98000000)]
  0x000002355343d000 JavaThread "Execution worker Thread 6" [_thread_in_Java, id=17212, stack(0x000000ec98000000,0x000000ec98100000)]
  0x0000023553442000 JavaThread "Execution worker Thread 7" [_thread_blocked, id=6772, stack(0x000000ec98100000,0x000000ec98200000)]
  0x000002355343e800 JavaThread "Cache worker for execution history cache (C:\Users\cheta\Desktop\React\Motive\node_modules\@react-native\gradle-plugin\.gradle\8.0.1\executionHistory)" [_thread_blocked, id=21344, stack(0x000000ec98200000,0x000000ec98300000)]
  0x0000023556ab3000 JavaThread "Unconstrained build operations Thread 27" [_thread_blocked, id=28404, stack(0x000000ec98300000,0x000000ec98400000)]
  0x0000023556aaf000 JavaThread "Unconstrained build operations Thread 28" [_thread_blocked, id=25596, stack(0x000000ec98400000,0x000000ec98500000)]
  0x0000023556ab4000 JavaThread "Unconstrained build operations Thread 29" [_thread_blocked, id=23340, stack(0x000000ec98500000,0x000000ec98600000)]
  0x0000023556aae000 JavaThread "Unconstrained build operations Thread 30" [_thread_blocked, id=26204, stack(0x000000ec98600000,0x000000ec98700000)]
  0x0000023556ab0000 JavaThread "Unconstrained build operations Thread 31" [_thread_blocked, id=23608, stack(0x000000ec98700000,0x000000ec98800000)]
  0x0000023556ab5000 JavaThread "Unconstrained build operations Thread 32" [_thread_blocked, id=18044, stack(0x000000ec98800000,0x000000ec98900000)]
  0x0000023556ab5800 JavaThread "Unconstrained build operations Thread 33" [_thread_blocked, id=25748, stack(0x000000ec98900000,0x000000ec98a00000)]
  0x0000023556ab1800 JavaThread "Unconstrained build operations Thread 34" [_thread_blocked, id=23548, stack(0x000000ec98a00000,0x000000ec98b00000)]
  0x0000023556ab2800 JavaThread "Unconstrained build operations Thread 35" [_thread_blocked, id=3912, stack(0x000000ec98b00000,0x000000ec98c00000)]
  0x0000023556ab6800 JavaThread "Unconstrained build operations Thread 36" [_thread_blocked, id=22372, stack(0x000000ec98c00000,0x000000ec98d00000)]
  0x0000023556ab0800 JavaThread "Unconstrained build operations Thread 37" [_thread_blocked, id=13624, stack(0x000000ec98d00000,0x000000ec98e00000)]
  0x0000023556abc000 JavaThread "Unconstrained build operations Thread 38" [_thread_blocked, id=23852, stack(0x000000ec98e00000,0x000000ec98f00000)]
  0x0000023556abb800 JavaThread "Unconstrained build operations Thread 39" [_thread_blocked, id=21100, stack(0x000000ec98f00000,0x000000ec99000000)]
  0x0000023556ab9000 JavaThread "Unconstrained build operations Thread 40" [_thread_blocked, id=5460, stack(0x000000ec99000000,0x000000ec99100000)]
  0x0000023556abd000 JavaThread "Unconstrained build operations Thread 41" [_thread_blocked, id=2976, stack(0x000000ec99100000,0x000000ec99200000)]
  0x0000023556ab7000 JavaThread "Unconstrained build operations Thread 42" [_thread_blocked, id=11408, stack(0x000000ec99200000,0x000000ec99300000)]
  0x0000023556ab8000 JavaThread "Unconstrained build operations Thread 43" [_thread_blocked, id=25428, stack(0x000000ec99300000,0x000000ec99400000)]
  0x0000023556ab9800 JavaThread "Unconstrained build operations Thread 44" [_thread_blocked, id=24400, stack(0x000000ec99400000,0x000000ec99500000)]
  0x0000023556aba800 JavaThread "Unconstrained build operations Thread 45" [_thread_blocked, id=25952, stack(0x000000ec99500000,0x000000ec99600000)]
  0x00000235582ed000 JavaThread "Unconstrained build operations Thread 46" [_thread_blocked, id=28568, stack(0x000000ec99600000,0x000000ec99700000)]
  0x00000235582e8800 JavaThread "Unconstrained build operations Thread 47" [_thread_blocked, id=5552, stack(0x000000ec99700000,0x000000ec99800000)]
  0x00000235582ec000 JavaThread "Unconstrained build operations Thread 48" [_thread_blocked, id=21012, stack(0x000000ec99800000,0x000000ec99900000)]
  0x00000235582eb000 JavaThread "Unconstrained build operations Thread 49" [_thread_blocked, id=29420, stack(0x000000ec99900000,0x000000ec99a00000)]
  0x00000235582e9800 JavaThread "Unconstrained build operations Thread 50" [_thread_blocked, id=10828, stack(0x000000ec99a00000,0x000000ec99b00000)]
  0x00000235582ea800 JavaThread "Unconstrained build operations Thread 51" [_thread_blocked, id=5864, stack(0x000000ec99b00000,0x000000ec99c00000)]

Other Threads:
  0x0000023550a04800 VMThread "VM Thread" [stack: 0x000000ec92700000,0x000000ec92800000] [id=444]
  0x0000023550c18800 WatcherThread [stack: 0x000000ec93100000,0x000000ec93200000] [id=24228]
  0x00000235301d5000 GCTaskThread "GC Thread#0" [stack: 0x000000ec92200000,0x000000ec92300000] [id=26232]
  0x0000023551911800 GCTaskThread "GC Thread#1" [stack: 0x000000ec93300000,0x000000ec93400000] [id=28372]
  0x0000023551f33000 GCTaskThread "GC Thread#2" [stack: 0x000000ec93400000,0x000000ec93500000] [id=28408]
  0x0000023551d20000 GCTaskThread "GC Thread#3" [stack: 0x000000ec93500000,0x000000ec93600000] [id=11160]
  0x00000235518df000 GCTaskThread "GC Thread#4" [stack: 0x000000ec93600000,0x000000ec93700000] [id=28812]
  0x0000023551437000 GCTaskThread "GC Thread#5" [stack: 0x000000ec93700000,0x000000ec93800000] [id=16504]
  0x0000023552de7800 GCTaskThread "GC Thread#6" [stack: 0x000000ec94300000,0x000000ec94400000] [id=15136]
  0x0000023552340000 GCTaskThread "GC Thread#7" [stack: 0x000000ec94400000,0x000000ec94500000] [id=5640]
  0x0000023530205800 ConcurrentGCThread "G1 Main Marker" [stack: 0x000000ec92300000,0x000000ec92400000] [id=5060]
  0x0000023530207800 ConcurrentGCThread "G1 Conc#0" [stack: 0x000000ec92400000,0x000000ec92500000] [id=23016]
  0x0000023553df6800 ConcurrentGCThread "G1 Conc#1" [stack: 0x000000ec94500000,0x000000ec94600000] [id=14584]
  0x000002353029d800 ConcurrentGCThread "G1 Refine#0" [stack: 0x000000ec92500000,0x000000ec92600000] [id=28216]
  0x0000023550074800 ConcurrentGCThread "G1 Young RemSet Sampling" [stack: 0x000000ec92600000,0x000000ec92700000] [id=27708]

Threads with active compile tasks:
C2 CompilerThread1    35024 7470       4       java.util.regex.Pattern::split (290 bytes)

VM state:not at safepoint (normal execution)

VM Mutex/Monitor currently owned by a thread: None

Heap address: 0x0000000080000000, size: 2048 MB, Compressed Oops mode: 32-bit
Narrow klass base: 0x0000000000000000, Narrow klass shift: 3
Compressed class space size: 528482304 Address: 0x0000000100000000

Heap:
 garbage-first heap   total 256000K, used 98918K [0x0000000080000000, 0x0000000100000000)
  region size 1024K, 62 young (63488K), 17 survivors (17408K)
 Metaspace       used 70183K, capacity 72325K, committed 72520K, reserved 579584K
  class space    used 9333K, capacity 10225K, committed 10240K, reserved 516096K
Heap Regions: E=young(eden), S=young(survivor), O=old, HS=humongous(starts), HC=humongous(continues), CS=collection set, F=free, A=archive, TAMS=top-at-mark-start (previous, next)
|   0|0x0000000080000000, 0x0000000080100000, 0x0000000080100000|100%|HS|  |TAMS 0x0000000080100000, 0x0000000080000000| Complete 
|   1|0x0000000080100000, 0x0000000080200000, 0x0000000080200000|100%|HC|  |TAMS 0x0000000080200000, 0x0000000080100000| Complete 
|   2|0x0000000080200000, 0x0000000080300000, 0x0000000080300000|100%|HC|  |TAMS 0x0000000080300000, 0x0000000080200000| Complete 
|   3|0x0000000080300000, 0x0000000080400000, 0x0000000080400000|100%|HC|  |TAMS 0x0000000080400000, 0x0000000080300000| Complete 
|   4|0x0000000080400000, 0x0000000080500000, 0x0000000080500000|100%| O|  |TAMS 0x0000000080500000, 0x0000000080400000| Untracked 
|   5|0x0000000080500000, 0x0000000080600000, 0x0000000080600000|100%| O|  |TAMS 0x0000000080600000, 0x0000000080500000| Untracked 
|   6|0x0000000080600000, 0x0000000080700000, 0x0000000080700000|100%| O|  |TAMS 0x0000000080700000, 0x0000000080600000| Untracked 
|   7|0x0000000080700000, 0x0000000080800000, 0x0000000080800000|100%| O|  |TAMS 0x0000000080800000, 0x0000000080700000| Untracked 
|   8|0x0000000080800000, 0x0000000080900000, 0x0000000080900000|100%| O|  |TAMS 0x0000000080900000, 0x0000000080800000| Untracked 
|   9|0x0000000080900000, 0x0000000080a00000, 0x0000000080a00000|100%| O|  |TAMS 0x0000000080a00000, 0x0000000080900000| Untracked 
|  10|0x0000000080a00000, 0x0000000080b00000, 0x0000000080b00000|100%| O|  |TAMS 0x0000000080b00000, 0x0000000080a00000| Untracked 
|  11|0x0000000080b00000, 0x0000000080c00000, 0x0000000080c00000|100%| O|  |TAMS 0x0000000080c00000, 0x0000000080b00000| Untracked 
|  12|0x0000000080c00000, 0x0000000080d00000, 0x0000000080d00000|100%| O|  |TAMS 0x0000000080d00000, 0x0000000080c00000| Untracked 
|  13|0x0000000080d00000, 0x0000000080e00000, 0x0000000080e00000|100%| O|  |TAMS 0x0000000080e00000, 0x0000000080d00000| Untracked 
|  14|0x0000000080e00000, 0x0000000080f00000, 0x0000000080f00000|100%| O|  |TAMS 0x0000000080f00000, 0x0000000080e00000| Untracked 
|  15|0x0000000080f00000, 0x0000000081000000, 0x0000000081000000|100%| O|  |TAMS 0x0000000081000000, 0x0000000080f00000| Untracked 
|  16|0x0000000081000000, 0x0000000081100000, 0x0000000081100000|100%| O|  |TAMS 0x0000000081100000, 0x0000000081000000| Untracked 
|  17|0x0000000081100000, 0x0000000081200000, 0x0000000081200000|100%| O|  |TAMS 0x0000000081200000, 0x0000000081100000| Untracked 
|  18|0x0000000081200000, 0x0000000081300000, 0x0000000081300000|100%|HS|  |TAMS 0x0000000081300000, 0x0000000081200000| Complete 
|  19|0x0000000081300000, 0x0000000081400000, 0x0000000081400000|100%|HC|  |TAMS 0x0000000081400000, 0x0000000081300000| Complete 
|  20|0x0000000081400000, 0x0000000081500000, 0x0000000081500000|100%|HS|  |TAMS 0x0000000081500000, 0x0000000081400000| Complete 
|  21|0x0000000081500000, 0x0000000081600000, 0x0000000081600000|100%|HC|  |TAMS 0x0000000081600000, 0x0000000081500000| Complete 
|  22|0x0000000081600000, 0x0000000081700000, 0x0000000081700000|100%|HC|  |TAMS 0x0000000081700000, 0x0000000081600000| Complete 
|  23|0x0000000081700000, 0x0000000081800000, 0x0000000081800000|100%|HC|  |TAMS 0x0000000081800000, 0x0000000081700000| Complete 
|  24|0x0000000081800000, 0x0000000081900000, 0x0000000081900000|100%| O|  |TAMS 0x0000000081900000, 0x0000000081800000| Untracked 
|  25|0x0000000081900000, 0x0000000081a00000, 0x0000000081a00000|100%| O|  |TAMS 0x0000000081a00000, 0x0000000081900000| Untracked 
|  26|0x0000000081a00000, 0x0000000081b00000, 0x0000000081b00000|100%| O|  |TAMS 0x0000000081b00000, 0x0000000081a00000| Untracked 
|  27|0x0000000081b00000, 0x0000000081c00000, 0x0000000081c00000|100%| O|  |TAMS 0x0000000081c00000, 0x0000000081b00000| Untracked 
|  28|0x0000000081c00000, 0x0000000081d00000, 0x0000000081d00000|100%| O|  |TAMS 0x0000000081d00000, 0x0000000081c00000| Untracked 
|  29|0x0000000081d00000, 0x0000000081e00000, 0x0000000081e00000|100%| O|  |TAMS 0x0000000081e00000, 0x0000000081d00000| Untracked 
|  30|0x0000000081e00000, 0x0000000081f00000, 0x0000000081f00000|100%| O|  |TAMS 0x0000000081f00000, 0x0000000081e00000| Untracked 
|  31|0x0000000081f00000, 0x0000000082000000, 0x0000000082000000|100%| O|  |TAMS 0x0000000082000000, 0x0000000081f00000| Untracked 
|  32|0x0000000082000000, 0x0000000082100000, 0x0000000082100000|100%| O|  |TAMS 0x0000000082100000, 0x0000000082000000| Untracked 
|  33|0x0000000082100000, 0x0000000082200000, 0x0000000082200000|100%| O|  |TAMS 0x0000000082200000, 0x0000000082100000| Untracked 
|  34|0x0000000082200000, 0x0000000082300000, 0x0000000082300000|100%| O|  |TAMS 0x0000000082300000, 0x0000000082200000| Untracked 
|  35|0x0000000082300000, 0x0000000082400000, 0x0000000082400000|100%| O|  |TAMS 0x0000000082400000, 0x0000000082300000| Untracked 
|  36|0x0000000082400000, 0x000000008245ea00, 0x0000000082500000| 36%| O|  |TAMS 0x000000008245ea00, 0x0000000082400000| Untracked 
|  37|0x0000000082500000, 0x0000000082500000, 0x0000000082600000|  0%| F|  |TAMS 0x0000000082500000, 0x0000000082500000| Untracked 
|  38|0x0000000082600000, 0x0000000082600000, 0x0000000082700000|  0%| F|  |TAMS 0x0000000082600000, 0x0000000082600000| Untracked 
|  39|0x0000000082700000, 0x0000000082700000, 0x0000000082800000|  0%| F|  |TAMS 0x0000000082700000, 0x0000000082700000| Untracked 
|  40|0x0000000082800000, 0x0000000082800000, 0x0000000082900000|  0%| F|  |TAMS 0x0000000082800000, 0x0000000082800000| Untracked 
|  41|0x0000000082900000, 0x0000000082900000, 0x0000000082a00000|  0%| F|  |TAMS 0x0000000082900000, 0x0000000082900000| Untracked 
|  42|0x0000000082a00000, 0x0000000082a00000, 0x0000000082b00000|  0%| F|  |TAMS 0x0000000082a00000, 0x0000000082a00000| Untracked 
|  43|0x0000000082b00000, 0x0000000082b00000, 0x0000000082c00000|  0%| F|  |TAMS 0x0000000082b00000, 0x0000000082b00000| Untracked 
|  44|0x0000000082c00000, 0x0000000082c00000, 0x0000000082d00000|  0%| F|  |TAMS 0x0000000082c00000, 0x0000000082c00000| Untracked 
|  45|0x0000000082d00000, 0x0000000082d00000, 0x0000000082e00000|  0%| F|  |TAMS 0x0000000082d00000, 0x0000000082d00000| Untracked 
|  46|0x0000000082e00000, 0x0000000082e00000, 0x0000000082f00000|  0%| F|  |TAMS 0x0000000082e00000, 0x0000000082e00000| Untracked 
|  47|0x0000000082f00000, 0x0000000082f00000, 0x0000000083000000|  0%| F|  |TAMS 0x0000000082f00000, 0x0000000082f00000| Untracked 
|  48|0x0000000083000000, 0x0000000083000000, 0x0000000083100000|  0%| F|  |TAMS 0x0000000083000000, 0x0000000083000000| Untracked 
|  49|0x0000000083100000, 0x0000000083100000, 0x0000000083200000|  0%| F|  |TAMS 0x0000000083100000, 0x0000000083100000| Untracked 
|  50|0x0000000083200000, 0x0000000083200000, 0x0000000083300000|  0%| F|  |TAMS 0x0000000083200000, 0x0000000083200000| Untracked 
|  51|0x0000000083300000, 0x0000000083300000, 0x0000000083400000|  0%| F|  |TAMS 0x0000000083300000, 0x0000000083300000| Untracked 
|  52|0x0000000083400000, 0x0000000083400000, 0x0000000083500000|  0%| F|  |TAMS 0x0000000083400000, 0x0000000083400000| Untracked 
|  53|0x0000000083500000, 0x0000000083500000, 0x0000000083600000|  0%| F|  |TAMS 0x0000000083500000, 0x0000000083500000| Untracked 
|  54|0x0000000083600000, 0x0000000083600000, 0x0000000083700000|  0%| F|  |TAMS 0x0000000083600000, 0x0000000083600000| Untracked 
|  55|0x0000000083700000, 0x0000000083700000, 0x0000000083800000|  0%| F|  |TAMS 0x0000000083700000, 0x0000000083700000| Untracked 
|  56|0x0000000083800000, 0x0000000083800000, 0x0000000083900000|  0%| F|  |TAMS 0x0000000083800000, 0x0000000083800000| Untracked 
|  57|0x0000000083900000, 0x0000000083900000, 0x0000000083a00000|  0%| F|  |TAMS 0x0000000083900000, 0x0000000083900000| Untracked 
|  58|0x0000000083a00000, 0x0000000083a00000, 0x0000000083b00000|  0%| F|  |TAMS 0x0000000083a00000, 0x0000000083a00000| Untracked 
|  59|0x0000000083b00000, 0x0000000083b00000, 0x0000000083c00000|  0%| F|  |TAMS 0x0000000083b00000, 0x0000000083b00000| Untracked 
|  60|0x0000000083c00000, 0x0000000083c00000, 0x0000000083d00000|  0%| F|  |TAMS 0x0000000083c00000, 0x0000000083c00000| Untracked 
|  61|0x0000000083d00000, 0x0000000083d00000, 0x0000000083e00000|  0%| F|  |TAMS 0x0000000083d00000, 0x0000000083d00000| Untracked 
|  62|0x0000000083e00000, 0x0000000083e00000, 0x0000000083f00000|  0%| F|  |TAMS 0x0000000083e00000, 0x0000000083e00000| Untracked 
|  63|0x0000000083f00000, 0x0000000083f00000, 0x0000000084000000|  0%| F|  |TAMS 0x0000000083f00000, 0x0000000083f00000| Untracked 
|  64|0x0000000084000000, 0x0000000084000000, 0x0000000084100000|  0%| F|  |TAMS 0x0000000084000000, 0x0000000084000000| Untracked 
|  65|0x0000000084100000, 0x0000000084100000, 0x0000000084200000|  0%| F|  |TAMS 0x0000000084100000, 0x0000000084100000| Untracked 
|  66|0x0000000084200000, 0x0000000084200000, 0x0000000084300000|  0%| F|  |TAMS 0x0000000084200000, 0x0000000084200000| Untracked 
|  67|0x0000000084300000, 0x0000000084300000, 0x0000000084400000|  0%| F|  |TAMS 0x0000000084300000, 0x0000000084300000| Untracked 
|  68|0x0000000084400000, 0x0000000084400000, 0x0000000084500000|  0%| F|  |TAMS 0x0000000084400000, 0x0000000084400000| Untracked 
|  69|0x0000000084500000, 0x0000000084500000, 0x0000000084600000|  0%| F|  |TAMS 0x0000000084500000, 0x0000000084500000| Untracked 
|  70|0x0000000084600000, 0x0000000084600000, 0x0000000084700000|  0%| F|  |TAMS 0x0000000084600000, 0x0000000084600000| Untracked 
|  71|0x0000000084700000, 0x0000000084700000, 0x0000000084800000|  0%| F|  |TAMS 0x0000000084700000, 0x0000000084700000| Untracked 
|  72|0x0000000084800000, 0x0000000084800000, 0x0000000084900000|  0%| F|  |TAMS 0x0000000084800000, 0x0000000084800000| Untracked 
|  73|0x0000000084900000, 0x0000000084900000, 0x0000000084a00000|  0%| F|  |TAMS 0x0000000084900000, 0x0000000084900000| Untracked 
|  74|0x0000000084a00000, 0x0000000084a00000, 0x0000000084b00000|  0%| F|  |TAMS 0x0000000084a00000, 0x0000000084a00000| Untracked 
|  75|0x0000000084b00000, 0x0000000084b00000, 0x0000000084c00000|  0%| F|  |TAMS 0x0000000084b00000, 0x0000000084b00000| Untracked 
|  76|0x0000000084c00000, 0x0000000084c00000, 0x0000000084d00000|  0%| F|  |TAMS 0x0000000084c00000, 0x0000000084c00000| Untracked 
|  77|0x0000000084d00000, 0x0000000084d00000, 0x0000000084e00000|  0%| F|  |TAMS 0x0000000084d00000, 0x0000000084d00000| Untracked 
|  78|0x0000000084e00000, 0x0000000084e00000, 0x0000000084f00000|  0%| F|  |TAMS 0x0000000084e00000, 0x0000000084e00000| Untracked 
|  79|0x0000000084f00000, 0x0000000084f00000, 0x0000000085000000|  0%| F|  |TAMS 0x0000000084f00000, 0x0000000084f00000| Untracked 
|  80|0x0000000085000000, 0x0000000085000000, 0x0000000085100000|  0%| F|  |TAMS 0x0000000085000000, 0x0000000085000000| Untracked 
|  81|0x0000000085100000, 0x0000000085100000, 0x0000000085200000|  0%| F|  |TAMS 0x0000000085100000, 0x0000000085100000| Untracked 
|  82|0x0000000085200000, 0x0000000085200000, 0x0000000085300000|  0%| F|  |TAMS 0x0000000085200000, 0x0000000085200000| Untracked 
|  83|0x0000000085300000, 0x0000000085300000, 0x0000000085400000|  0%| F|  |TAMS 0x0000000085300000, 0x0000000085300000| Untracked 
|  84|0x0000000085400000, 0x0000000085400000, 0x0000000085500000|  0%| F|  |TAMS 0x0000000085400000, 0x0000000085400000| Untracked 
|  85|0x0000000085500000, 0x0000000085500000, 0x0000000085600000|  0%| F|  |TAMS 0x0000000085500000, 0x0000000085500000| Untracked 
|  86|0x0000000085600000, 0x0000000085600000, 0x0000000085700000|  0%| F|  |TAMS 0x0000000085600000, 0x0000000085600000| Untracked 
|  87|0x0000000085700000, 0x000000008573aff0, 0x0000000085800000| 23%| S|CS|TAMS 0x0000000085700000, 0x0000000085700000| Complete 
|  88|0x0000000085800000, 0x0000000085900000, 0x0000000085900000|100%| S|CS|TAMS 0x0000000085800000, 0x0000000085800000| Complete 
|  89|0x0000000085900000, 0x0000000085a00000, 0x0000000085a00000|100%| S|CS|TAMS 0x0000000085900000, 0x0000000085900000| Complete 
|  90|0x0000000085a00000, 0x0000000085b00000, 0x0000000085b00000|100%| S|CS|TAMS 0x0000000085a00000, 0x0000000085a00000| Complete 
|  91|0x0000000085b00000, 0x0000000085c00000, 0x0000000085c00000|100%| S|CS|TAMS 0x0000000085b00000, 0x0000000085b00000| Complete 
|  92|0x0000000085c00000, 0x0000000085d00000, 0x0000000085d00000|100%| S|CS|TAMS 0x0000000085c00000, 0x0000000085c00000| Complete 
|  93|0x0000000085d00000, 0x0000000085e00000, 0x0000000085e00000|100%| S|CS|TAMS 0x0000000085d00000, 0x0000000085d00000| Complete 
|  94|0x0000000085e00000, 0x0000000085f00000, 0x0000000085f00000|100%| S|CS|TAMS 0x0000000085e00000, 0x0000000085e00000| Complete 
|  95|0x0000000085f00000, 0x0000000086000000, 0x0000000086000000|100%| S|CS|TAMS 0x0000000085f00000, 0x0000000085f00000| Complete 
|  96|0x0000000086000000, 0x0000000086100000, 0x0000000086100000|100%| S|CS|TAMS 0x0000000086000000, 0x0000000086000000| Complete 
|  97|0x0000000086100000, 0x0000000086200000, 0x0000000086200000|100%| S|CS|TAMS 0x0000000086100000, 0x0000000086100000| Complete 
|  98|0x0000000086200000, 0x0000000086300000, 0x0000000086300000|100%| S|CS|TAMS 0x0000000086200000, 0x0000000086200000| Complete 
|  99|0x0000000086300000, 0x0000000086400000, 0x0000000086400000|100%| S|CS|TAMS 0x0000000086300000, 0x0000000086300000| Complete 
| 100|0x0000000086400000, 0x0000000086500000, 0x0000000086500000|100%| S|CS|TAMS 0x0000000086400000, 0x0000000086400000| Complete 
| 101|0x0000000086500000, 0x0000000086600000, 0x0000000086600000|100%| S|CS|TAMS 0x0000000086500000, 0x0000000086500000| Complete 
| 102|0x0000000086600000, 0x0000000086700000, 0x0000000086700000|100%| S|CS|TAMS 0x0000000086600000, 0x0000000086600000| Complete 
| 103|0x0000000086700000, 0x0000000086800000, 0x0000000086800000|100%| S|CS|TAMS 0x0000000086700000, 0x0000000086700000| Complete 
| 104|0x0000000086800000, 0x0000000086800000, 0x0000000086900000|  0%| F|  |TAMS 0x0000000086800000, 0x0000000086800000| Untracked 
| 105|0x0000000086900000, 0x0000000086900000, 0x0000000086a00000|  0%| F|  |TAMS 0x0000000086900000, 0x0000000086900000| Untracked 
| 106|0x0000000086a00000, 0x0000000086a00000, 0x0000000086b00000|  0%| F|  |TAMS 0x0000000086a00000, 0x0000000086a00000| Untracked 
| 107|0x0000000086b00000, 0x0000000086b00000, 0x0000000086c00000|  0%| F|  |TAMS 0x0000000086b00000, 0x0000000086b00000| Untracked 
| 108|0x0000000086c00000, 0x0000000086c00000, 0x0000000086d00000|  0%| F|  |TAMS 0x0000000086c00000, 0x0000000086c00000| Untracked 
| 109|0x0000000086d00000, 0x0000000086d00000, 0x0000000086e00000|  0%| F|  |TAMS 0x0000000086d00000, 0x0000000086d00000| Untracked 
| 110|0x0000000086e00000, 0x0000000086e00000, 0x0000000086f00000|  0%| F|  |TAMS 0x0000000086e00000, 0x0000000086e00000| Untracked 
| 111|0x0000000086f00000, 0x0000000086f00000, 0x0000000087000000|  0%| F|  |TAMS 0x0000000086f00000, 0x0000000086f00000| Untracked 
| 112|0x0000000087000000, 0x0000000087000000, 0x0000000087100000|  0%| F|  |TAMS 0x0000000087000000, 0x0000000087000000| Untracked 
| 113|0x0000000087100000, 0x0000000087100000, 0x0000000087200000|  0%| F|  |TAMS 0x0000000087100000, 0x0000000087100000| Untracked 
| 114|0x0000000087200000, 0x0000000087200000, 0x0000000087300000|  0%| F|  |TAMS 0x0000000087200000, 0x0000000087200000| Untracked 
| 115|0x0000000087300000, 0x0000000087300000, 0x0000000087400000|  0%| F|  |TAMS 0x0000000087300000, 0x0000000087300000| Untracked 
| 116|0x0000000087400000, 0x0000000087400000, 0x0000000087500000|  0%| F|  |TAMS 0x0000000087400000, 0x0000000087400000| Untracked 
| 117|0x0000000087500000, 0x0000000087500000, 0x0000000087600000|  0%| F|  |TAMS 0x0000000087500000, 0x0000000087500000| Untracked 
| 118|0x0000000087600000, 0x0000000087600000, 0x0000000087700000|  0%| F|  |TAMS 0x0000000087600000, 0x0000000087600000| Untracked 
| 119|0x0000000087700000, 0x0000000087700000, 0x0000000087800000|  0%| F|  |TAMS 0x0000000087700000, 0x0000000087700000| Untracked 
| 120|0x0000000087800000, 0x0000000087800000, 0x0000000087900000|  0%| F|  |TAMS 0x0000000087800000, 0x0000000087800000| Untracked 
| 121|0x0000000087900000, 0x0000000087900000, 0x0000000087a00000|  0%| F|  |TAMS 0x0000000087900000, 0x0000000087900000| Untracked 
| 122|0x0000000087a00000, 0x0000000087a00000, 0x0000000087b00000|  0%| F|  |TAMS 0x0000000087a00000, 0x0000000087a00000| Untracked 
| 123|0x0000000087b00000, 0x0000000087b00000, 0x0000000087c00000|  0%| F|  |TAMS 0x0000000087b00000, 0x0000000087b00000| Untracked 
| 124|0x0000000087c00000, 0x0000000087c00000, 0x0000000087d00000|  0%| F|  |TAMS 0x0000000087c00000, 0x0000000087c00000| Untracked 
| 125|0x0000000087d00000, 0x0000000087d00000, 0x0000000087e00000|  0%| F|  |TAMS 0x0000000087d00000, 0x0000000087d00000| Untracked 
| 126|0x0000000087e00000, 0x0000000087e00000, 0x0000000087f00000|  0%| F|  |TAMS 0x0000000087e00000, 0x0000000087e00000| Untracked 
| 127|0x0000000087f00000, 0x0000000087f00000, 0x0000000088000000|  0%| F|  |TAMS 0x0000000087f00000, 0x0000000087f00000| Untracked 
| 128|0x0000000088000000, 0x0000000088000000, 0x0000000088100000|  0%| F|  |TAMS 0x0000000088000000, 0x0000000088000000| Untracked 
| 129|0x0000000088100000, 0x0000000088100000, 0x0000000088200000|  0%| F|  |TAMS 0x0000000088100000, 0x0000000088100000| Untracked 
| 130|0x0000000088200000, 0x0000000088200000, 0x0000000088300000|  0%| F|  |TAMS 0x0000000088200000, 0x0000000088200000| Untracked 
| 131|0x0000000088300000, 0x0000000088300000, 0x0000000088400000|  0%| F|  |TAMS 0x0000000088300000, 0x0000000088300000| Untracked 
| 132|0x0000000088400000, 0x0000000088400000, 0x0000000088500000|  0%| F|  |TAMS 0x0000000088400000, 0x0000000088400000| Untracked 
| 133|0x0000000088500000, 0x0000000088500000, 0x0000000088600000|  0%| F|  |TAMS 0x0000000088500000, 0x0000000088500000| Untracked 
| 134|0x0000000088600000, 0x0000000088600000, 0x0000000088700000|  0%| F|  |TAMS 0x0000000088600000, 0x0000000088600000| Untracked 
| 135|0x0000000088700000, 0x0000000088700000, 0x0000000088800000|  0%| F|  |TAMS 0x0000000088700000, 0x0000000088700000| Untracked 
| 136|0x0000000088800000, 0x0000000088800000, 0x0000000088900000|  0%| F|  |TAMS 0x0000000088800000, 0x0000000088800000| Untracked 
| 137|0x0000000088900000, 0x0000000088900000, 0x0000000088a00000|  0%| F|  |TAMS 0x0000000088900000, 0x0000000088900000| Untracked 
| 138|0x0000000088a00000, 0x0000000088a00000, 0x0000000088b00000|  0%| F|  |TAMS 0x0000000088a00000, 0x0000000088a00000| Untracked 
| 139|0x0000000088b00000, 0x0000000088b00000, 0x0000000088c00000|  0%| F|  |TAMS 0x0000000088b00000, 0x0000000088b00000| Untracked 
| 140|0x0000000088c00000, 0x0000000088c00000, 0x0000000088d00000|  0%| F|  |TAMS 0x0000000088c00000, 0x0000000088c00000| Untracked 
| 141|0x0000000088d00000, 0x0000000088d00000, 0x0000000088e00000|  0%| F|  |TAMS 0x0000000088d00000, 0x0000000088d00000| Untracked 
| 142|0x0000000088e00000, 0x0000000088e00000, 0x0000000088f00000|  0%| F|  |TAMS 0x0000000088e00000, 0x0000000088e00000| Untracked 
| 143|0x0000000088f00000, 0x0000000088f00000, 0x0000000089000000|  0%| F|  |TAMS 0x0000000088f00000, 0x0000000088f00000| Untracked 
| 144|0x0000000089000000, 0x0000000089000000, 0x0000000089100000|  0%| F|  |TAMS 0x0000000089000000, 0x0000000089000000| Untracked 
| 145|0x0000000089100000, 0x0000000089100000, 0x0000000089200000|  0%| F|  |TAMS 0x0000000089100000, 0x0000000089100000| Untracked 
| 146|0x0000000089200000, 0x0000000089200000, 0x0000000089300000|  0%| F|  |TAMS 0x0000000089200000, 0x0000000089200000| Untracked 
| 147|0x0000000089300000, 0x0000000089300000, 0x0000000089400000|  0%| F|  |TAMS 0x0000000089300000, 0x0000000089300000| Untracked 
| 148|0x0000000089400000, 0x0000000089400000, 0x0000000089500000|  0%| F|  |TAMS 0x0000000089400000, 0x0000000089400000| Untracked 
| 149|0x0000000089500000, 0x0000000089500000, 0x0000000089600000|  0%| F|  |TAMS 0x0000000089500000, 0x0000000089500000| Untracked 
| 150|0x0000000089600000, 0x0000000089600000, 0x0000000089700000|  0%| F|  |TAMS 0x0000000089600000, 0x0000000089600000| Untracked 
| 151|0x0000000089700000, 0x0000000089700000, 0x0000000089800000|  0%| F|  |TAMS 0x0000000089700000, 0x0000000089700000| Untracked 
| 152|0x0000000089800000, 0x0000000089800000, 0x0000000089900000|  0%| F|  |TAMS 0x0000000089800000, 0x0000000089800000| Untracked 
| 153|0x0000000089900000, 0x0000000089900000, 0x0000000089a00000|  0%| F|  |TAMS 0x0000000089900000, 0x0000000089900000| Untracked 
| 154|0x0000000089a00000, 0x0000000089a00000, 0x0000000089b00000|  0%| F|  |TAMS 0x0000000089a00000, 0x0000000089a00000| Untracked 
| 155|0x0000000089b00000, 0x0000000089b00000, 0x0000000089c00000|  0%| F|  |TAMS 0x0000000089b00000, 0x0000000089b00000| Untracked 
| 156|0x0000000089c00000, 0x0000000089c00000, 0x0000000089d00000|  0%| F|  |TAMS 0x0000000089c00000, 0x0000000089c00000| Untracked 
| 157|0x0000000089d00000, 0x0000000089d00000, 0x0000000089e00000|  0%| F|  |TAMS 0x0000000089d00000, 0x0000000089d00000| Untracked 
| 158|0x0000000089e00000, 0x0000000089e00000, 0x0000000089f00000|  0%| F|  |TAMS 0x0000000089e00000, 0x0000000089e00000| Untracked 
| 159|0x0000000089f00000, 0x0000000089f00000, 0x000000008a000000|  0%| F|  |TAMS 0x0000000089f00000, 0x0000000089f00000| Untracked 
| 160|0x000000008a000000, 0x000000008a000000, 0x000000008a100000|  0%| F|  |TAMS 0x000000008a000000, 0x000000008a000000| Untracked 
| 161|0x000000008a100000, 0x000000008a100000, 0x000000008a200000|  0%| F|  |TAMS 0x000000008a100000, 0x000000008a100000| Untracked 
| 162|0x000000008a200000, 0x000000008a200000, 0x000000008a300000|  0%| F|  |TAMS 0x000000008a200000, 0x000000008a200000| Untracked 
| 163|0x000000008a300000, 0x000000008a300000, 0x000000008a400000|  0%| F|  |TAMS 0x000000008a300000, 0x000000008a300000| Untracked 
| 164|0x000000008a400000, 0x000000008a400000, 0x000000008a500000|  0%| F|  |TAMS 0x000000008a400000, 0x000000008a400000| Untracked 
| 165|0x000000008a500000, 0x000000008a500000, 0x000000008a600000|  0%| F|  |TAMS 0x000000008a500000, 0x000000008a500000| Untracked 
| 166|0x000000008a600000, 0x000000008a600000, 0x000000008a700000|  0%| F|  |TAMS 0x000000008a600000, 0x000000008a600000| Untracked 
| 167|0x000000008a700000, 0x000000008a700000, 0x000000008a800000|  0%| F|  |TAMS 0x000000008a700000, 0x000000008a700000| Untracked 
| 168|0x000000008a800000, 0x000000008a800000, 0x000000008a900000|  0%| F|  |TAMS 0x000000008a800000, 0x000000008a800000| Untracked 
| 169|0x000000008a900000, 0x000000008a900000, 0x000000008aa00000|  0%| F|  |TAMS 0x000000008a900000, 0x000000008a900000| Untracked 
| 170|0x000000008aa00000, 0x000000008aa00000, 0x000000008ab00000|  0%| F|  |TAMS 0x000000008aa00000, 0x000000008aa00000| Untracked 
| 171|0x000000008ab00000, 0x000000008ab00000, 0x000000008ac00000|  0%| F|  |TAMS 0x000000008ab00000, 0x000000008ab00000| Untracked 
| 172|0x000000008ac00000, 0x000000008ac00000, 0x000000008ad00000|  0%| F|  |TAMS 0x000000008ac00000, 0x000000008ac00000| Untracked 
| 173|0x000000008ad00000, 0x000000008ad00000, 0x000000008ae00000|  0%| F|  |TAMS 0x000000008ad00000, 0x000000008ad00000| Untracked 
| 174|0x000000008ae00000, 0x000000008ae00000, 0x000000008af00000|  0%| F|  |TAMS 0x000000008ae00000, 0x000000008ae00000| Untracked 
| 175|0x000000008af00000, 0x000000008af00000, 0x000000008b000000|  0%| F|  |TAMS 0x000000008af00000, 0x000000008af00000| Untracked 
| 176|0x000000008b000000, 0x000000008b000000, 0x000000008b100000|  0%| F|  |TAMS 0x000000008b000000, 0x000000008b000000| Untracked 
| 177|0x000000008b100000, 0x000000008b100000, 0x000000008b200000|  0%| F|  |TAMS 0x000000008b100000, 0x000000008b100000| Untracked 
| 178|0x000000008b200000, 0x000000008b200000, 0x000000008b300000|  0%| F|  |TAMS 0x000000008b200000, 0x000000008b200000| Untracked 
| 179|0x000000008b300000, 0x000000008b300000, 0x000000008b400000|  0%| F|  |TAMS 0x000000008b300000, 0x000000008b300000| Untracked 
| 180|0x000000008b400000, 0x000000008b400000, 0x000000008b500000|  0%| F|  |TAMS 0x000000008b400000, 0x000000008b400000| Untracked 
| 181|0x000000008b500000, 0x000000008b500000, 0x000000008b600000|  0%| F|  |TAMS 0x000000008b500000, 0x000000008b500000| Untracked 
| 182|0x000000008b600000, 0x000000008b600000, 0x000000008b700000|  0%| F|  |TAMS 0x000000008b600000, 0x000000008b600000| Untracked 
| 183|0x000000008b700000, 0x000000008b700000, 0x000000008b800000|  0%| F|  |TAMS 0x000000008b700000, 0x000000008b700000| Untracked 
| 184|0x000000008b800000, 0x000000008b800000, 0x000000008b900000|  0%| F|  |TAMS 0x000000008b800000, 0x000000008b800000| Untracked 
| 185|0x000000008b900000, 0x000000008b900000, 0x000000008ba00000|  0%| F|  |TAMS 0x000000008b900000, 0x000000008b900000| Untracked 
| 186|0x000000008ba00000, 0x000000008ba00000, 0x000000008bb00000|  0%| F|  |TAMS 0x000000008ba00000, 0x000000008ba00000| Untracked 
| 187|0x000000008bb00000, 0x000000008bb00000, 0x000000008bc00000|  0%| F|  |TAMS 0x000000008bb00000, 0x000000008bb00000| Untracked 
| 188|0x000000008bc00000, 0x000000008bc00000, 0x000000008bd00000|  0%| F|  |TAMS 0x000000008bc00000, 0x000000008bc00000| Untracked 
| 189|0x000000008bd00000, 0x000000008bd00000, 0x000000008be00000|  0%| F|  |TAMS 0x000000008bd00000, 0x000000008bd00000| Untracked 
| 190|0x000000008be00000, 0x000000008be00000, 0x000000008bf00000|  0%| F|  |TAMS 0x000000008be00000, 0x000000008be00000| Untracked 
| 191|0x000000008bf00000, 0x000000008bf00000, 0x000000008c000000|  0%| F|  |TAMS 0x000000008bf00000, 0x000000008bf00000| Untracked 
| 192|0x000000008c000000, 0x000000008c000000, 0x000000008c100000|  0%| F|  |TAMS 0x000000008c000000, 0x000000008c000000| Untracked 
| 193|0x000000008c100000, 0x000000008c100000, 0x000000008c200000|  0%| F|  |TAMS 0x000000008c100000, 0x000000008c100000| Untracked 
| 194|0x000000008c200000, 0x000000008c200000, 0x000000008c300000|  0%| F|  |TAMS 0x000000008c200000, 0x000000008c200000| Untracked 
| 195|0x000000008c300000, 0x000000008c300000, 0x000000008c400000|  0%| F|  |TAMS 0x000000008c300000, 0x000000008c300000| Untracked 
| 196|0x000000008c400000, 0x000000008c400000, 0x000000008c500000|  0%| F|  |TAMS 0x000000008c400000, 0x000000008c400000| Untracked 
| 197|0x000000008c500000, 0x000000008c500000, 0x000000008c600000|  0%| F|  |TAMS 0x000000008c500000, 0x000000008c500000| Untracked 
| 198|0x000000008c600000, 0x000000008c600000, 0x000000008c700000|  0%| F|  |TAMS 0x000000008c600000, 0x000000008c600000| Untracked 
| 199|0x000000008c700000, 0x000000008c700000, 0x000000008c800000|  0%| F|  |TAMS 0x000000008c700000, 0x000000008c700000| Untracked 
| 200|0x000000008c800000, 0x000000008c800000, 0x000000008c900000|  0%| F|  |TAMS 0x000000008c800000, 0x000000008c800000| Untracked 
| 201|0x000000008c900000, 0x000000008c900000, 0x000000008ca00000|  0%| F|  |TAMS 0x000000008c900000, 0x000000008c900000| Untracked 
| 202|0x000000008ca00000, 0x000000008ca00000, 0x000000008cb00000|  0%| F|  |TAMS 0x000000008ca00000, 0x000000008ca00000| Untracked 
| 203|0x000000008cb00000, 0x000000008cb00000, 0x000000008cc00000|  0%| F|  |TAMS 0x000000008cb00000, 0x000000008cb00000| Untracked 
| 204|0x000000008cc00000, 0x000000008cc00000, 0x000000008cd00000|  0%| F|  |TAMS 0x000000008cc00000, 0x000000008cc00000| Untracked 
| 205|0x000000008cd00000, 0x000000008cdf3c10, 0x000000008ce00000| 95%| E|  |TAMS 0x000000008cd00000, 0x000000008cd00000| Complete 
| 206|0x000000008ce00000, 0x000000008cf00000, 0x000000008cf00000|100%| E|CS|TAMS 0x000000008ce00000, 0x000000008ce00000| Complete 
| 207|0x000000008cf00000, 0x000000008d000000, 0x000000008d000000|100%| E|CS|TAMS 0x000000008cf00000, 0x000000008cf00000| Complete 
| 208|0x000000008d000000, 0x000000008d100000, 0x000000008d100000|100%| E|CS|TAMS 0x000000008d000000, 0x000000008d000000| Complete 
| 209|0x000000008d100000, 0x000000008d200000, 0x000000008d200000|100%| E|CS|TAMS 0x000000008d100000, 0x000000008d100000| Complete 
| 210|0x000000008d200000, 0x000000008d300000, 0x000000008d300000|100%| E|CS|TAMS 0x000000008d200000, 0x000000008d200000| Complete 
| 211|0x000000008d300000, 0x000000008d400000, 0x000000008d400000|100%| E|CS|TAMS 0x000000008d300000, 0x000000008d300000| Complete 
| 212|0x000000008d400000, 0x000000008d500000, 0x000000008d500000|100%| E|CS|TAMS 0x000000008d400000, 0x000000008d400000| Complete 
| 213|0x000000008d500000, 0x000000008d600000, 0x000000008d600000|100%| E|CS|TAMS 0x000000008d500000, 0x000000008d500000| Complete 
| 214|0x000000008d600000, 0x000000008d700000, 0x000000008d700000|100%| E|CS|TAMS 0x000000008d600000, 0x000000008d600000| Complete 
| 215|0x000000008d700000, 0x000000008d800000, 0x000000008d800000|100%| E|CS|TAMS 0x000000008d700000, 0x000000008d700000| Complete 
| 216|0x000000008d800000, 0x000000008d900000, 0x000000008d900000|100%| E|CS|TAMS 0x000000008d800000, 0x000000008d800000| Complete 
| 217|0x000000008d900000, 0x000000008da00000, 0x000000008da00000|100%| E|CS|TAMS 0x000000008d900000, 0x000000008d900000| Complete 
| 218|0x000000008da00000, 0x000000008db00000, 0x000000008db00000|100%| E|CS|TAMS 0x000000008da00000, 0x000000008da00000| Complete 
| 219|0x000000008db00000, 0x000000008dc00000, 0x000000008dc00000|100%| E|CS|TAMS 0x000000008db00000, 0x000000008db00000| Complete 
| 220|0x000000008dc00000, 0x000000008dd00000, 0x000000008dd00000|100%| E|CS|TAMS 0x000000008dc00000, 0x000000008dc00000| Complete 
| 221|0x000000008dd00000, 0x000000008de00000, 0x000000008de00000|100%| E|CS|TAMS 0x000000008dd00000, 0x000000008dd00000| Complete 
| 222|0x000000008de00000, 0x000000008df00000, 0x000000008df00000|100%| E|CS|TAMS 0x000000008de00000, 0x000000008de00000| Complete 
| 223|0x000000008df00000, 0x000000008e000000, 0x000000008e000000|100%| E|CS|TAMS 0x000000008df00000, 0x000000008df00000| Complete 
| 224|0x000000008e000000, 0x000000008e100000, 0x000000008e100000|100%| E|CS|TAMS 0x000000008e000000, 0x000000008e000000| Complete 
| 225|0x000000008e100000, 0x000000008e200000, 0x000000008e200000|100%| E|CS|TAMS 0x000000008e100000, 0x000000008e100000| Complete 
| 226|0x000000008e200000, 0x000000008e300000, 0x000000008e300000|100%| E|CS|TAMS 0x000000008e200000, 0x000000008e200000| Complete 
| 227|0x000000008e300000, 0x000000008e400000, 0x000000008e400000|100%| E|CS|TAMS 0x000000008e300000, 0x000000008e300000| Complete 
| 228|0x000000008e400000, 0x000000008e500000, 0x000000008e500000|100%| E|CS|TAMS 0x000000008e400000, 0x000000008e400000| Complete 
| 229|0x000000008e500000, 0x000000008e600000, 0x000000008e600000|100%| E|CS|TAMS 0x000000008e500000, 0x000000008e500000| Complete 
| 230|0x000000008e600000, 0x000000008e700000, 0x000000008e700000|100%| E|CS|TAMS 0x000000008e600000, 0x000000008e600000| Complete 
| 231|0x000000008e700000, 0x000000008e800000, 0x000000008e800000|100%| E|CS|TAMS 0x000000008e700000, 0x000000008e700000| Complete 
| 232|0x000000008e800000, 0x000000008e900000, 0x000000008e900000|100%| E|CS|TAMS 0x000000008e800000, 0x000000008e800000| Complete 
| 233|0x000000008e900000, 0x000000008ea00000, 0x000000008ea00000|100%| E|CS|TAMS 0x000000008e900000, 0x000000008e900000| Complete 
| 234|0x000000008ea00000, 0x000000008eb00000, 0x000000008eb00000|100%| E|CS|TAMS 0x000000008ea00000, 0x000000008ea00000| Complete 
| 235|0x000000008eb00000, 0x000000008ec00000, 0x000000008ec00000|100%| E|CS|TAMS 0x000000008eb00000, 0x000000008eb00000| Complete 
| 236|0x000000008ec00000, 0x000000008ed00000, 0x000000008ed00000|100%| E|CS|TAMS 0x000000008ec00000, 0x000000008ec00000| Complete 
| 237|0x000000008ed00000, 0x000000008ee00000, 0x000000008ee00000|100%| E|CS|TAMS 0x000000008ed00000, 0x000000008ed00000| Complete 
| 238|0x000000008ee00000, 0x000000008ef00000, 0x000000008ef00000|100%| E|CS|TAMS 0x000000008ee00000, 0x000000008ee00000| Complete 
| 239|0x000000008ef00000, 0x000000008f000000, 0x000000008f000000|100%| E|CS|TAMS 0x000000008ef00000, 0x000000008ef00000| Complete 
| 240|0x000000008f000000, 0x000000008f100000, 0x000000008f100000|100%| E|CS|TAMS 0x000000008f000000, 0x000000008f000000| Complete 
| 241|0x000000008f100000, 0x000000008f200000, 0x000000008f200000|100%| E|CS|TAMS 0x000000008f100000, 0x000000008f100000| Complete 
| 242|0x000000008f200000, 0x000000008f300000, 0x000000008f300000|100%| E|CS|TAMS 0x000000008f200000, 0x000000008f200000| Complete 
| 243|0x000000008f300000, 0x000000008f400000, 0x000000008f400000|100%| E|CS|TAMS 0x000000008f300000, 0x000000008f300000| Complete 
| 244|0x000000008f400000, 0x000000008f500000, 0x000000008f500000|100%| E|CS|TAMS 0x000000008f400000, 0x000000008f400000| Complete 
| 245|0x000000008f500000, 0x000000008f600000, 0x000000008f600000|100%| E|CS|TAMS 0x000000008f500000, 0x000000008f500000| Complete 
| 246|0x000000008f600000, 0x000000008f700000, 0x000000008f700000|100%| E|CS|TAMS 0x000000008f600000, 0x000000008f600000| Complete 
| 247|0x000000008f700000, 0x000000008f800000, 0x000000008f800000|100%| E|CS|TAMS 0x000000008f700000, 0x000000008f700000| Complete 
| 248|0x000000008f800000, 0x000000008f900000, 0x000000008f900000|100%| E|CS|TAMS 0x000000008f800000, 0x000000008f800000| Complete 
| 249|0x000000008f900000, 0x000000008fa00000, 0x000000008fa00000|100%| E|CS|TAMS 0x000000008f900000, 0x000000008f900000| Complete 

Card table byte_map: [0x0000023548ee0000,0x00000235492e0000] _byte_map_base: 0x0000023548ae0000

Marking Bits (Prev, Next): (CMBitMap*) 0x00000235301fc800, (CMBitMap*) 0x00000235301fc7c8
 Prev Bits: [0x000002354b6e0000, 0x000002354d6e0000)
 Next Bits: [0x00000235496e0000, 0x000002354b6e0000)

Polling page: 0x00000235302a0000

Metaspace:

Usage:
  Non-class:     60.64 MB capacity,    59.43 MB ( 98%) used,  1015.66 KB (  2%) free+waste,   228.56 KB ( <1%) overhead. 
      Class:      9.99 MB capacity,     9.11 MB ( 91%) used,   778.39 KB (  8%) free+waste,   113.31 KB (  1%) overhead. 
       Both:     70.63 MB capacity,    68.54 MB ( 97%) used,     1.75 MB (  2%) free+waste,   341.88 KB ( <1%) overhead. 

Virtual space:
  Non-class space:       62.00 MB reserved,      60.82 MB ( 98%) committed 
      Class space:      504.00 MB reserved,      10.00 MB (  2%) committed 
             Both:      566.00 MB reserved,      70.82 MB ( 13%) committed 

Chunk freelists:
   Non-Class:  6.50 KB
       Class:  1.88 KB
        Both:  8.38 KB

CodeHeap 'non-profiled nmethods': size=120000Kb used=4629Kb max_used=4629Kb free=115370Kb
 bounds [0x0000023540b30000, 0x0000023540fc0000, 0x0000023548060000]
CodeHeap 'profiled nmethods': size=120000Kb used=15959Kb max_used=15959Kb free=104040Kb
 bounds [0x0000023539600000, 0x000002353a5a0000, 0x0000023540b30000]
CodeHeap 'non-nmethods': size=5760Kb used=2284Kb max_used=2327Kb free=3475Kb
 bounds [0x0000023539060000, 0x00000235392d0000, 0x0000023539600000]
 total_blobs=8485 nmethods=7616 adapters=780
 compilation: enabled
              stopped_count=0, restarted_count=0
 full_count=0

Compilation events (10 events):
Event: 34.913 Thread 0x0000023550a7a800 7550       3       kotlin.reflect.jvm.internal.impl.metadata.ProtoBuf$Property::isInitialized (193 bytes)
Event: 34.915 Thread 0x0000023550a7a800 nmethod 7550 0x000002353a568090 code [0x000002353a568380, 0x000002353a569578]
Event: 34.915 Thread 0x0000023550a7a800 7551       3       kotlin.reflect.jvm.internal.impl.metadata.ProtoBuf$Property::hasName (16 bytes)
Event: 34.915 Thread 0x0000023550a7a800 nmethod 7551 0x000002353a569a90 code [0x000002353a569c20, 0x000002353a569d78]
Event: 34.915 Thread 0x0000023550a7a800 7552       3       kotlin.reflect.jvm.internal.impl.metadata.ProtoBuf$Property::getTypeParameterCount (10 bytes)
Event: 34.915 Thread 0x0000023550a7a800 nmethod 7552 0x000002353a569e10 code [0x000002353a569fc0, 0x000002353a56a188]
Event: 34.915 Thread 0x0000023550a7a800 7553       3       kotlin.reflect.jvm.internal.impl.metadata.ProtoBuf$Property::getContextReceiverTypeCount (10 bytes)
Event: 34.916 Thread 0x0000023550a7a800 nmethod 7553 0x000002353a56a290 code [0x000002353a56a440, 0x000002353a56a608]
Event: 34.916 Thread 0x0000023550a7a800 7554       3       kotlin.reflect.jvm.internal.impl.metadata.ProtoBuf$Property::hasSetterValueParameter (20 bytes)
Event: 34.916 Thread 0x0000023550a7a800 nmethod 7554 0x000002353a56a710 code [0x000002353a56a8a0, 0x000002353a56aa18]

GC Heap History (10 events):
Event: 8.886 GC heap before
{Heap before GC invocations=4 (full 0):
 garbage-first heap   total 256000K, used 83145K [0x0000000080000000, 0x0000000100000000)
  region size 1024K, 65 young (66560K), 3 survivors (3072K)
 Metaspace       used 34756K, capacity 35570K, committed 35708K, reserved 548864K
  class space    used 4528K, capacity 4845K, committed 4864K, reserved 516096K
}
Event: 8.896 GC heap after
{Heap after GC invocations=5 (full 0):
 garbage-first heap   total 256000K, used 23594K [0x0000000080000000, 0x0000000100000000)
  region size 1024K, 6 young (6144K), 6 survivors (6144K)
 Metaspace       used 34756K, capacity 35570K, committed 35708K, reserved 548864K
  class space    used 4528K, capacity 4845K, committed 4864K, reserved 516096K
}
Event: 26.493 GC heap before
{Heap before GC invocations=6 (full 0):
 garbage-first heap   total 256000K, used 138282K [0x0000000080000000, 0x0000000100000000)
  region size 1024K, 115 young (117760K), 6 survivors (6144K)
 Metaspace       used 43231K, capacity 44442K, committed 44744K, reserved 555008K
  class space    used 5489K, capacity 5963K, committed 6016K, reserved 516096K
}
Event: 26.510 GC heap after
{Heap after GC invocations=7 (full 0):
 garbage-first heap   total 256000K, used 31974K [0x0000000080000000, 0x0000000100000000)
  region size 1024K, 14 young (14336K), 14 survivors (14336K)
 Metaspace       used 43231K, capacity 44442K, committed 44744K, reserved 555008K
  class space    used 5489K, capacity 5963K, committed 6016K, reserved 516096K
}
Event: 29.019 GC heap before
{Heap before GC invocations=7 (full 0):
 garbage-first heap   total 256000K, used 166118K [0x0000000080000000, 0x0000000100000000)
  region size 1024K, 139 young (142336K), 14 survivors (14336K)
 Metaspace       used 53024K, capacity 54516K, committed 54856K, reserved 565248K
  class space    used 6923K, capacity 7557K, committed 7680K, reserved 516096K
}
Event: 29.039 GC heap after
{Heap after GC invocations=8 (full 0):
 garbage-first heap   total 256000K, used 44480K [0x0000000080000000, 0x0000000100000000)
  region size 1024K, 15 young (15360K), 15 survivors (15360K)
 Metaspace       used 53024K, capacity 54516K, committed 54856K, reserved 565248K
  class space    used 6923K, capacity 7557K, committed 7680K, reserved 516096K
}
Event: 30.329 GC heap before
{Heap before GC invocations=8 (full 0):
 garbage-first heap   total 256000K, used 103872K [0x0000000080000000, 0x0000000100000000)
  region size 1024K, 74 young (75776K), 15 survivors (15360K)
 Metaspace       used 58247K, capacity 59920K, committed 59976K, reserved 569344K
  class space    used 7697K, capacity 8447K, committed 8448K, reserved 516096K
}
Event: 30.344 GC heap after
{Heap after GC invocations=9 (full 0):
 garbage-first heap   total 256000K, used 46787K [0x0000000080000000, 0x0000000100000000)
  region size 1024K, 10 young (10240K), 10 survivors (10240K)
 Metaspace       used 58247K, capacity 59920K, committed 59976K, reserved 569344K
  class space    used 7697K, capacity 8447K, committed 8448K, reserved 516096K
}
Event: 33.314 GC heap before
{Heap before GC invocations=10 (full 0):
 garbage-first heap   total 256000K, used 186051K [0x0000000080000000, 0x0000000100000000)
  region size 1024K, 146 young (149504K), 10 survivors (10240K)
 Metaspace       used 67182K, capacity 69184K, committed 69320K, reserved 577536K
  class space    used 8906K, capacity 9743K, committed 9856K, reserved 516096K
}
Event: 33.333 GC heap after
{Heap after GC invocations=11 (full 0):
 garbage-first heap   total 256000K, used 53862K [0x0000000080000000, 0x0000000100000000)
  region size 1024K, 17 young (17408K), 17 survivors (17408K)
 Metaspace       used 67182K, capacity 69184K, committed 69320K, reserved 577536K
  class space    used 8906K, capacity 9743K, committed 9856K, reserved 516096K
}

Deoptimization events (10 events):
Event: 34.005 Thread 0x0000023553439000 Uncommon trap: reason=class_check action=maybe_recompile pc=0x0000023540c3d0d0 method=java.util.Collections$SetFromMap.remove(Ljava/lang/Object;)Z @ 5 c2
Event: 34.010 Thread 0x000002355343d000 Uncommon trap: reason=bimorphic_or_optimized_type_check action=maybe_recompile pc=0x0000023540c8bbcc method=java.util.Spliterators$IteratorSpliterator.tryAdvance(Ljava/util/function/Consumer;)Z @ 50 c2
Event: 34.082 Thread 0x000002355343d000 Uncommon trap: reason=unstable_if action=reinterpret pc=0x0000023540cf571c method=java.util.Spliterator.getExactSizeIfKnown()J @ 9 c2
Event: 34.094 Thread 0x000002355343e800 Uncommon trap: reason=unstable_if action=reinterpret pc=0x0000023540f2bfc8 method=com.esotericsoftware.kryo.io.Input.readVarInt(Z)I @ 42 c2
Event: 34.187 Thread 0x000002355343d000 Uncommon trap: reason=unstable_if action=reinterpret pc=0x0000023540d1bbb0 method=java.lang.StringLatin1.compareToCI([B[B)I @ 68 c2
Event: 34.188 Thread 0x000002355343d000 Uncommon trap: reason=bimorphic_or_optimized_type_check action=maybe_recompile pc=0x0000023540ee8030 method=java.util.stream.MatchOps$MatchOp.evaluateSequential(Ljava/util/stream/PipelineHelper;Ljava/util/Spliterator;)Ljava/lang/Boolean; @ 14 c2
Event: 34.191 Thread 0x000002355343d000 Uncommon trap: reason=unstable_if action=reinterpret pc=0x0000023540f044f0 method=com.google.common.collect.RegularImmutableSet.contains(Ljava/lang/Object;)Z @ 11 c2
Event: 34.199 Thread 0x000002355343d000 Uncommon trap: reason=unstable_if action=reinterpret pc=0x0000023540ec07c8 method=org.gradle.internal.file.FileHierarchySet$Node.isChildOfOrThis(Ljava/lang/String;I)Z @ 89 c2
Event: 34.238 Thread 0x000002355343d000 Uncommon trap: reason=unstable_if action=reinterpret pc=0x0000023540e3a580 method=java.lang.StringLatin1.compareToCI([B[B)I @ 68 c2
Event: 34.238 Thread 0x000002355343d000 Uncommon trap: reason=unstable_if action=reinterpret pc=0x0000023540b91130 method=java.lang.StringLatin1.compareToCI([B[B)I @ 68 c2

Classes redefined (0 events):
No events

Internal exceptions (10 events):
Event: 32.167 Thread 0x0000023552642000 Exception <a 'java/lang/ClassNotFoundException'{0x00000000888acf70}: org/gradle/api/internal/artifacts/dsl/DefaultRepositoryHandler_DecoratedCustomizer> (0x00000000888acf70) thrown at [./open/src/hotspot/share/classfile/systemDictionary.cpp, line 226]
Event: 32.178 Thread 0x0000023552642000 Exception <a 'java/lang/ClassNotFoundException'{0x0000000088786520}: org/gradle/api/internal/artifacts/dsl/dependencies/DefaultDependencyHandler_DecoratedBeanInfo> (0x0000000088786520) thrown at [./open/src/hotspot/share/classfile/systemDictionary.cpp, li
Event: 32.180 Thread 0x0000023552642000 Exception <a 'java/lang/ClassNotFoundException'{0x00000000887ce688}: org/gradle/api/internal/artifacts/dsl/dependencies/DefaultDependencyHandlerBeanInfo> (0x00000000887ce688) thrown at [./open/src/hotspot/share/classfile/systemDictionary.cpp, line 226]
Event: 32.183 Thread 0x0000023552642000 Exception <a 'java/lang/ClassNotFoundException'{0x00000000886169a8}: org/gradle/api/internal/artifacts/dsl/dependencies/DefaultDependencyHandlerCustomizer> (0x00000000886169a8) thrown at [./open/src/hotspot/share/classfile/systemDictionary.cpp, line 226]
Event: 32.188 Thread 0x0000023552642000 Exception <a 'java/lang/ClassNotFoundException'{0x0000000088687ea0}: org/gradle/api/internal/artifacts/dsl/dependencies/DefaultDependencyHandler_DecoratedCustomizer> (0x0000000088687ea0) thrown at [./open/src/hotspot/share/classfile/systemDictionary.cpp, 
Event: 33.308 Thread 0x0000023552642000 Exception <a 'java/lang/NoSuchMethodError'{0x00000000868ddf38}: java.lang.invoke.Invokers$Holder.linkToTargetMethod(Ljava/lang/Object;Ljava/lang/Object;Ljava/lang/Object;Ljava/lang/Object;Ljava/lang/Object;Ljava/lang/Object;Ljava/lang/Object;Ljava/lang/Ob
Event: 33.983 Thread 0x0000023553439000 Exception <a 'java/lang/NoSuchMethodError'{0x000000008ea9c8c8}: java.lang.invoke.DirectMethodHandle$Holder.invokeStatic(Ljava/lang/Object;Ljava/lang/Object;Ljava/lang/Object;Ljava/lang/Object;ILjava/lang/Object;)Ljava/lang/Object;> (0x000000008ea9c8c8) th
Event: 33.984 Thread 0x0000023553439000 Exception <a 'java/lang/NoSuchMethodError'{0x000000008eaa03d0}: java.lang.invoke.Invokers$Holder.linkToTargetMethod(Ljava/lang/Object;Ljava/lang/Object;Ljava/lang/Object;ILjava/lang/Object;Ljava/lang/Object;)Ljava/lang/Object;> (0x000000008eaa03d0) thrown
Event: 34.014 Thread 0x000002355343d000 Exception <a 'java/lang/NoSuchMethodError'{0x000000008e94d908}: java.lang.invoke.DirectMethodHandle$Holder.invokeInterface(Ljava/lang/Object;Ljava/lang/Object;Ljava/lang/Object;Ljava/lang/Object;)V> (0x000000008e94d908) thrown at [./open/src/hotspot/share
Event: 34.137 Thread 0x000002355343d000 Exception <a 'java/lang/NoSuchMethodError'{0x000000008e7ada00}: java.lang.invoke.DirectMethodHandle$Holder.invokeSpecial(Ljava/lang/Object;Ljava/lang/Object;Ljava/lang/Object;Ljava/lang/Object;Ljava/lang/Object;)I> (0x000000008e7ada00) thrown at [./open/s

Events (10 events):
Event: 34.869 loading class kotlin/collections/builders/MapBuilder$Companion
Event: 34.869 loading class kotlin/collections/builders/MapBuilder$Companion done
Event: 34.870 loading class kotlin/collections/builders/ListBuilderKt
Event: 34.870 loading class kotlin/collections/builders/ListBuilderKt done
Event: 34.900 loading class kotlin/reflect/jvm/internal/impl/resolve/DescriptorFactory
Event: 34.900 loading class kotlin/reflect/jvm/internal/impl/resolve/DescriptorFactory done
Event: 34.903 loading class kotlin/reflect/jvm/internal/impl/descriptors/SimpleFunctionDescriptor
Event: 34.903 loading class kotlin/reflect/jvm/internal/impl/descriptors/SimpleFunctionDescriptor done
Event: 34.903 loading class kotlin/reflect/jvm/internal/impl/resolve/DescriptorFactory$DefaultClassConstructorDescriptor
Event: 34.903 loading class kotlin/reflect/jvm/internal/impl/resolve/DescriptorFactory$DefaultClassConstructorDescriptor done


Dynamic libraries:
0x00007ff6a6f20000 - 0x00007ff6a6f2f000 	C:\Program Files (x86)\Java\jdk-11.0.17\bin\java.exe
0x00007ff9e3c70000 - 0x00007ff9e3e68000 	C:\WINDOWS\SYSTEM32\ntdll.dll
0x00007ff9e2f60000 - 0x00007ff9e301d000 	C:\WINDOWS\System32\KERNEL32.DLL
0x00007ff9e1740000 - 0x00007ff9e1a36000 	C:\WINDOWS\System32\KERNELBASE.dll
0x00007ff9e1ab0000 - 0x00007ff9e1bb0000 	C:\WINDOWS\System32\ucrtbase.dll
0x00007ff9bc210000 - 0x00007ff9bc228000 	C:\Program Files (x86)\Java\jdk-11.0.17\bin\jli.dll
0x00007ff9dc5e0000 - 0x00007ff9dc5f5000 	C:\Program Files (x86)\Java\jdk-11.0.17\bin\VCRUNTIME140.dll
0x00007ff9e2e10000 - 0x00007ff9e2ebf000 	C:\WINDOWS\System32\ADVAPI32.dll
0x00007ff9e2ec0000 - 0x00007ff9e2f5e000 	C:\WINDOWS\System32\msvcrt.dll
0x00007ff9e2d70000 - 0x00007ff9e2e0c000 	C:\WINDOWS\System32\sechost.dll
0x00007ff9e24d0000 - 0x00007ff9e25f6000 	C:\WINDOWS\System32\RPCRT4.dll
0x00007ff9e3770000 - 0x00007ff9e390e000 	C:\WINDOWS\System32\USER32.dll
0x00007ff9e1710000 - 0x00007ff9e1732000 	C:\WINDOWS\System32\win32u.dll
0x00007ff9e2270000 - 0x00007ff9e229c000 	C:\WINDOWS\System32\GDI32.dll
0x00007ff9ca680000 - 0x00007ff9ca91a000 	C:\WINDOWS\WinSxS\amd64_microsoft.windows.common-controls_6595b64144ccf1df_6.0.19041.3636_none_60b6a03d71f818d5\COMCTL32.dll
0x00007ff9e15f0000 - 0x00007ff9e170a000 	C:\WINDOWS\System32\gdi32full.dll
0x00007ff9e1c00000 - 0x00007ff9e1c9d000 	C:\WINDOWS\System32\msvcp_win.dll
0x00007ff9d3ed0000 - 0x00007ff9d3eda000 	C:\WINDOWS\SYSTEM32\VERSION.dll
0x00007ff9e39a0000 - 0x00007ff9e39d0000 	C:\WINDOWS\System32\IMM32.DLL
0x00007ff99d320000 - 0x00007ff99d3bb000 	C:\Program Files (x86)\Java\jdk-11.0.17\bin\msvcp140.dll
0x00007ff97e0f0000 - 0x00007ff97ec0a000 	C:\Program Files (x86)\Java\jdk-11.0.17\bin\server\jvm.dll
0x00007ff9e1df0000 - 0x00007ff9e1df8000 	C:\WINDOWS\System32\PSAPI.DLL
0x00007ff9d34c0000 - 0x00007ff9d34c9000 	C:\WINDOWS\SYSTEM32\WSOCK32.dll
0x00007ff9c8c10000 - 0x00007ff9c8c37000 	C:\WINDOWS\SYSTEM32\WINMM.dll
0x00007ff9e2600000 - 0x00007ff9e266b000 	C:\WINDOWS\System32\WS2_32.dll
0x00007ff9df1b0000 - 0x00007ff9df1c2000 	C:\WINDOWS\SYSTEM32\kernel.appcore.dll
0x00007ff9dc5d0000 - 0x00007ff9dc5e0000 	C:\Program Files (x86)\Java\jdk-11.0.17\bin\verify.dll
0x00007ff9deb00000 - 0x00007ff9dece4000 	C:\WINDOWS\SYSTEM32\DBGHELP.DLL
0x00007ff9ca3a0000 - 0x00007ff9ca3d4000 	C:\WINDOWS\SYSTEM32\dbgcore.DLL
0x00007ff9e1560000 - 0x00007ff9e15e2000 	C:\WINDOWS\System32\bcryptPrimitives.dll
0x00007ff9aa010000 - 0x00007ff9aa038000 	C:\Program Files (x86)\Java\jdk-11.0.17\bin\java.dll
0x00007ff9c25b0000 - 0x00007ff9c25ba000 	C:\Program Files (x86)\Java\jdk-11.0.17\bin\jimage.dll
0x00007ff9b8200000 - 0x00007ff9b8216000 	C:\Program Files (x86)\Java\jdk-11.0.17\bin\zip.dll
0x00007ff9e3020000 - 0x00007ff9e3765000 	C:\WINDOWS\System32\SHELL32.dll
0x00007ff9df3d0000 - 0x00007ff9dfb6b000 	C:\WINDOWS\SYSTEM32\windows.storage.dll
0x00007ff9e2670000 - 0x00007ff9e29c4000 	C:\WINDOWS\System32\combase.dll
0x00007ff9e0d90000 - 0x00007ff9e0dbd000 	C:\WINDOWS\SYSTEM32\Wldp.dll
0x00007ff9e2c50000 - 0x00007ff9e2cfd000 	C:\WINDOWS\System32\SHCORE.dll
0x00007ff9e39d0000 - 0x00007ff9e3a25000 	C:\WINDOWS\System32\shlwapi.dll
0x00007ff9e1280000 - 0x00007ff9e12a5000 	C:\WINDOWS\SYSTEM32\profapi.dll
0x00007ff9ab0d0000 - 0x00007ff9ab0e9000 	C:\Program Files (x86)\Java\jdk-11.0.17\bin\net.dll
0x00007ff9db410000 - 0x00007ff9db51a000 	C:\WINDOWS\SYSTEM32\WINHTTP.dll
0x00007ff9e0af0000 - 0x00007ff9e0b5a000 	C:\WINDOWS\system32\mswsock.dll
0x00007ff9aaee0000 - 0x00007ff9aaef2000 	C:\Program Files (x86)\Java\jdk-11.0.17\bin\nio.dll
0x00007ff9a3800000 - 0x00007ff9a3827000 	C:\Users\cheta\.gradle\native\68d5fa5c4cc2d200863cafc0d521ce42e7d3e7ee720ec0a83991735586a16f82\windows-amd64\native-platform.dll
0x00007ff993eb0000 - 0x00007ff993ff4000 	C:\Users\cheta\.gradle\native\e376f236ea51e6404a007f0833ffe2c6e607c4080706a723a18a27aeea778392\windows-amd64\native-platform-file-events.dll
0x00007ff9c1830000 - 0x00007ff9c1839000 	C:\Program Files (x86)\Java\jdk-11.0.17\bin\management.dll
0x00007ff9bcdc0000 - 0x00007ff9bcdcb000 	C:\Program Files (x86)\Java\jdk-11.0.17\bin\management_ext.dll
0x00007ff9e0ce0000 - 0x00007ff9e0cf8000 	C:\WINDOWS\SYSTEM32\CRYPTSP.dll
0x00007ff9e0390000 - 0x00007ff9e03c4000 	C:\WINDOWS\system32\rsaenh.dll
0x00007ff9e1ca0000 - 0x00007ff9e1cc7000 	C:\WINDOWS\System32\bcrypt.dll
0x00007ff9e1240000 - 0x00007ff9e126e000 	C:\WINDOWS\SYSTEM32\USERENV.dll
0x00007ff9e0d00000 - 0x00007ff9e0d0c000 	C:\WINDOWS\SYSTEM32\CRYPTBASE.dll
0x00007ff9e0790000 - 0x00007ff9e07cb000 	C:\WINDOWS\SYSTEM32\IPHLPAPI.DLL
0x00007ff9e3b10000 - 0x00007ff9e3b18000 	C:\WINDOWS\System32\NSI.dll
0x00007ff9da0e0000 - 0x00007ff9da0f7000 	C:\WINDOWS\SYSTEM32\dhcpcsvc6.DLL
0x00007ff9da200000 - 0x00007ff9da21d000 	C:\WINDOWS\SYSTEM32\dhcpcsvc.DLL
0x00007ff9e07d0000 - 0x00007ff9e089a000 	C:\WINDOWS\SYSTEM32\DNSAPI.dll

dbghelp: loaded successfully - version: 4.0.5 - missing functions: none
symbol engine: initialized successfully - sym options: 0x614 - pdb path: .;C:\Program Files (x86)\Java\jdk-11.0.17\bin;C:\WINDOWS\SYSTEM32;C:\WINDOWS\WinSxS\amd64_microsoft.windows.common-controls_6595b64144ccf1df_6.0.19041.3636_none_60b6a03d71f818d5;C:\Program Files (x86)\Java\jdk-11.0.17\bin\server;C:\Users\cheta\.gradle\native\68d5fa5c4cc2d200863cafc0d521ce42e7d3e7ee720ec0a83991735586a16f82\windows-amd64;C:\Users\cheta\.gradle\native\e376f236ea51e6404a007f0833ffe2c6e607c4080706a723a18a27aeea778392\windows-amd64

VM Arguments:
jvm_args: -XX:MaxMetaspaceSize=512m --add-opens=java.base/java.util=ALL-UNNAMED --add-opens=java.base/java.lang=ALL-UNNAMED --add-opens=java.base/java.lang.invoke=ALL-UNNAMED --add-opens=java.prefs/java.util.prefs=ALL-UNNAMED --add-opens=java.base/java.nio.charset=ALL-UNNAMED --add-opens=java.base/java.net=ALL-UNNAMED --add-opens=java.base/java.util.concurrent.atomic=ALL-UNNAMED -Xmx2048m -Dfile.encoding=windows-1252 -Duser.country=GB -Duser.language=en -Duser.variant 
java_command: org.gradle.launcher.daemon.bootstrap.GradleDaemon 8.0.1
java_class_path (initial): C:\Users\cheta\.gradle\wrapper\dists\gradle-8.0.1-all\aro4hu1c3oeioove7l0i4i14o\gradle-8.0.1\lib\gradle-launcher-8.0.1.jar
Launcher Type: SUN_STANDARD

[Global flags]
     intx CICompilerCount                          = 4                                         {product} {ergonomic}
   size_t CompressedClassSpaceSize                 = 528482304                                 {product} {ergonomic}
     uint ConcGCThreads                            = 2                                         {product} {ergonomic}
     uint G1ConcRefinementThreads                  = 8                                         {product} {ergonomic}
   size_t G1HeapRegionSize                         = 1048576                                   {product} {ergonomic}
    uintx GCDrainStackTargetSize                   = 64                                        {product} {ergonomic}
   size_t InitialHeapSize                          = 262144000                                 {product} {ergonomic}
   size_t MarkStackSize                            = 4194304                                   {product} {ergonomic}
   size_t MaxHeapSize                              = 2147483648                                {product} {command line}
   size_t MaxMetaspaceSize                         = 536870912                                 {product} {command line}
   size_t MaxNewSize                               = 1287651328                                {product} {ergonomic}
   size_t MinHeapDeltaBytes                        = 1048576                                   {product} {ergonomic}
    uintx NonNMethodCodeHeapSize                   = 5836300                                {pd product} {ergonomic}
    uintx NonProfiledCodeHeapSize                  = 122910970                              {pd product} {ergonomic}
    uintx ProfiledCodeHeapSize                     = 122910970                              {pd product} {ergonomic}
    uintx ReservedCodeCacheSize                    = 251658240                              {pd product} {ergonomic}
     bool SegmentedCodeCache                       = true                                      {product} {ergonomic}
     bool UseCompressedClassPointers               = true                                 {lp64_product} {ergonomic}
     bool UseCompressedOops                        = true                                 {lp64_product} {ergonomic}
     bool UseG1GC                                  = true                                      {product} {ergonomic}
     bool UseLargePagesIndividualAllocation        = false                                  {pd product} {ergonomic}

Logging:
Log output configuration:
 #0: stdout all=warning uptime,level,tags
 #1: stderr all=off uptime,level,tags

Environment Variables:
JAVA_HOME=C:\Program Files (x86)\Java\jdk-11.0.17
CLASSPATH=C:\Users\cheta\Desktop\React\Motive\android\\gradle\wrapper\gradle-wrapper.jar
PATH=C:\Users\cheta\Desktop\React\Motive\node_modules\.bin;C:\Users\cheta\Desktop\React\node_modules\.bin;C:\Users\cheta\Desktop\node_modules\.bin;C:\Users\cheta\node_modules\.bin;C:\Users\node_modules\.bin;C:\node_modules\.bin;C:\Users\cheta\AppData\Roaming\npm\node_modules\npm\node_modules\@npmcli\run-script\lib\node-gyp-bin;C:\Program Files\Common Files\Oracle\Java\javapath;C:\Program Files (x86)\Common Files\Oracle\Java\javapath;C:\Program Files (x86)\Common Files\Intel\Shared Libraries\redist\intel64\compiler;C:\windows\system32;C:\windows;C:\windows\System32\Wbem;C:\windows\System32\WindowsPowerShell\v1.0\;C:\windows\System32\OpenSSH\;C:\Program Files\NVIDIA Corporation\NVIDIA NvDLISR;C:\Program Files (x86)\NVIDIA Corporation\PhysX\Common;C:\WINDOWS\system32;C:\WINDOWS;C:\WINDOWS\System32\Wbem;C:\WINDOWS\System32\WindowsPowerShell\v1.0\;C:\WINDOWS\System32\OpenSSH\;C:\Program Files\PuTTY\;C:\Program Files\Git\cmd;C:\Program Files\nodejs\;C:\Users\cheta\AppData\Local\Microsoft\WindowsApps;C:\Users\cheta\AppData\Local\Programs\Microsoft VS Code\bin;C:\ghcup\bin;C:\Users\cheta\AppData\Local\Android\Sdk\platform-tools;C:\Program Files (x86)\Java\jre1.8.0_351\bin;C:\Users\cheta\AppData\Roaming\npm
USERNAME=cheta
OS=Windows_NT
PROCESSOR_IDENTIFIER=Intel64 Family 6 Model 126 Stepping 5, GenuineIntel



---------------  S Y S T E M  ---------------

OS: Windows 10 , 64 bit Build 19041 (10.0.19041.3636)
Hyper-V role detected

CPU:total 8 (initial active 8) (4 cores per cpu, 2 threads per core) family 6 model 126 stepping 5 microcode 0xb0, cmov, cx8, fxsr, mmx, sse, sse2, sse3, ssse3, sse4.1, sse4.2, popcnt, avx, avx2, aes, clmul, erms, 3dnowpref, lzcnt, ht, tsc, tscinvbit, bmi1, bmi2, adx, evex, sha, fma

Memory: 4k page, system-wide physical 15970M (2845M free)
TotalPageFile size 20066M (AvailPageFile size 16M)
current process WorkingSet (physical memory assigned to process): 420M, peak: 427M
current process commit charge ("private bytes"): 517M, peak: 523M

vm_info: Java HotSpot(TM) 64-Bit Server VM (11.0.17+10-LTS-269) for windows-amd64 JRE (11.0.17+10-LTS-269), built on Sep 13 2022 19:26:37 by "mach5one" with MS VC++ 15.9 (VS2017)

END.
